2025-04-28 12:27:53 DEPRECATED OPTION: --cipher set to 'AES-256-CBC' but missing in --data-ciphers (AES-256-GCM:AES-128-GCM). Future OpenVPN version will ignore --cipher for cipher negotiations. Add 'AES-256-CBC' to --data-ciphers or change --cipher 'AES-256-CBC' to --data-ciphers-fallback 'AES-256-CBC' to silence this warning.
2025-04-28 12:27:53 OpenVPN 2.5.11 x86_64-pc-linux-gnu [SSL (OpenSSL)] [LZO] [LZ4] [EPOLL] [PKCS11] [MH/PKTINFO] [AEAD] built on Sep 17 2024
2025-04-28 12:27:53 library versions: OpenSSL 3.0.2 15 Mar 2022, LZO 2.10
2025-04-28 12:27:53 WARNING: --ping should normally be used with --ping-restart or --ping-exit
2025-04-28 12:27:53 Outgoing Control Channel Authentication: Using 512 bit message hash 'SHA512' for HMAC authentication
2025-04-28 12:27:53 Incoming Control Channel Authentication: Using 512 bit message hash 'SHA512' for HMAC authentication
2025-04-28 12:27:53 TCP/UDP: Preserving recently used remote address: [AF_INET]37.120.204.219:1194
2025-04-28 12:27:53 Socket Buffers: R=[212992->212992] S=[212992->212992]
2025-04-28 12:27:53 UDP link local: (not bound)
2025-04-28 12:27:53 UDP link remote: [AF_INET]37.120.204.219:1194
2025-04-28 12:27:53 TLS: Initial packet from [AF_INET]37.120.204.219:1194, sid=1f0bd86b 828d4868
2025-04-28 12:27:53 WARNING: this configuration may cache passwords in memory -- use the auth-nocache option to prevent this
2025-04-28 12:27:53 VERIFY OK: depth=2, C=PA, O=NordVPN, CN=NordVPN Root CA
2025-04-28 12:27:53 VERIFY OK: depth=1, O=NordVPN, CN=NordVPN CA10
2025-04-28 12:27:53 VERIFY KU OK
2025-04-28 12:27:53 Validating certificate extended key usage
2025-04-28 12:27:53 ++ Certificate has EKU (str) TLS Web Server Authentication, expects TLS Web Server Authentication
2025-04-28 12:27:53 VERIFY EKU OK
2025-04-28 12:27:53 VERIFY X509NAME OK: CN=fr676.nordvpn.com
2025-04-28 12:27:53 VERIFY OK: depth=0, CN=fr676.nordvpn.com
2025-04-28 12:27:53 Control Channel: TLSv1.3, cipher TLSv1.3 TLS_AES_256_GCM_SHA384, peer certificate: 4096 bit RSA, signature: RSA-SHA512
2025-04-28 12:27:53 [fr676.nordvpn.com] Peer Connection Initiated with [AF_INET]37.120.204.219:1194
2025-04-28 12:27:54 SENT CONTROL [fr676.nordvpn.com]: 'PUSH_REQUEST' (status=1)
2025-04-28 12:27:54 PUSH: Received control message: 'PUSH_REPLY,redirect-gateway def1,dhcp-option DNS 103.86.96.100,dhcp-option DNS 103.86.99.100,explicit-exit-notify,comp-lzo no,route-gateway 10.100.0.1,topology subnet,ping 60,ping-restart 180,ifconfig 10.100.0.2 255.255.0.0,peer-id 11,cipher AES-256-GCM'
2025-04-28 12:27:54 Options error: option 'redirect-gateway' cannot be used in this context ([PUSH-OPTIONS])
2025-04-28 12:27:54 Options error: option 'dhcp-option' cannot be used in this context ([PUSH-OPTIONS])
2025-04-28 12:27:54 Options error: option 'dhcp-option' cannot be used in this context ([PUSH-OPTIONS])
2025-04-28 12:27:54 OPTIONS IMPORT: timers and/or timeouts modified
2025-04-28 12:27:54 OPTIONS IMPORT: explicit notify parm(s) modified
2025-04-28 12:27:54 OPTIONS IMPORT: compression parms modified
2025-04-28 12:27:54 OPTIONS IMPORT: --ifconfig/up options modified
2025-04-28 12:27:54 OPTIONS IMPORT: route-related options modified
2025-04-28 12:27:54 OPTIONS IMPORT: peer-id set
2025-04-28 12:27:54 OPTIONS IMPORT: adjusting link_mtu to 1657
2025-04-28 12:27:54 OPTIONS IMPORT: data channel crypto options modified
2025-04-28 12:27:54 Data Channel: using negotiated cipher 'AES-256-GCM'
2025-04-28 12:27:54 Outgoing Data Channel: Cipher 'AES-256-GCM' initialized with 256 bit key
2025-04-28 12:27:54 Incoming Data Channel: Cipher 'AES-256-GCM' initialized with 256 bit key
2025-04-28 12:27:54 TUN/TAP device tun5 opened
2025-04-28 12:27:54 net_iface_mtu_set: mtu 1500 for tun5
2025-04-28 12:27:54 net_iface_up: set tun5 up
2025-04-28 12:27:54 net_addr_v4_add: 10.100.0.2/16 dev tun5
2025-04-28 12:27:54 Initialization Sequence Completed
2025-04-28 13:24:45 VERIFY OK: depth=2, C=PA, O=NordVPN, CN=NordVPN Root CA
2025-04-28 13:24:45 VERIFY OK: depth=1, O=NordVPN, CN=NordVPN CA10
2025-04-28 13:24:45 VERIFY KU OK
2025-04-28 13:24:45 Validating certificate extended key usage
2025-04-28 13:24:45 ++ Certificate has EKU (str) TLS Web Server Authentication, expects TLS Web Server Authentication
2025-04-28 13:24:45 VERIFY EKU OK
2025-04-28 13:24:45 VERIFY X509NAME OK: CN=fr676.nordvpn.com
2025-04-28 13:24:45 VERIFY OK: depth=0, CN=fr676.nordvpn.com
2025-04-28 13:24:45 Outgoing Data Channel: Cipher 'AES-256-GCM' initialized with 256 bit key
2025-04-28 13:24:45 Incoming Data Channel: Cipher 'AES-256-GCM' initialized with 256 bit key
2025-04-28 13:24:45 Control Channel: TLSv1.3, cipher TLSv1.3 TLS_AES_256_GCM_SHA384, peer certificate: 4096 bit RSA, signature: RSA-SHA512
2025-04-28 14:21:37 VERIFY OK: depth=2, C=PA, O=NordVPN, CN=NordVPN Root CA
2025-04-28 14:21:37 VERIFY OK: depth=1, O=NordVPN, CN=NordVPN CA10
2025-04-28 14:21:37 VERIFY KU OK
2025-04-28 14:21:37 Validating certificate extended key usage
2025-04-28 14:21:37 ++ Certificate has EKU (str) TLS Web Server Authentication, expects TLS Web Server Authentication
2025-04-28 14:21:37 VERIFY EKU OK
2025-04-28 14:21:37 VERIFY X509NAME OK: CN=fr676.nordvpn.com
2025-04-28 14:21:37 VERIFY OK: depth=0, CN=fr676.nordvpn.com
2025-04-28 14:21:37 Outgoing Data Channel: Cipher 'AES-256-GCM' initialized with 256 bit key
2025-04-28 14:21:37 Incoming Data Channel: Cipher 'AES-256-GCM' initialized with 256 bit key
2025-04-28 14:21:37 Control Channel: TLSv1.3, cipher TLSv1.3 TLS_AES_256_GCM_SHA384, peer certificate: 4096 bit RSA, signature: RSA-SHA512
2025-04-28 15:18:29 VERIFY OK: depth=2, C=PA, O=NordVPN, CN=NordVPN Root CA
2025-04-28 15:18:29 VERIFY OK: depth=1, O=NordVPN, CN=NordVPN CA10
2025-04-28 15:18:29 VERIFY KU OK
2025-04-28 15:18:29 Validating certificate extended key usage
2025-04-28 15:18:29 ++ Certificate has EKU (str) TLS Web Server Authentication, expects TLS Web Server Authentication
2025-04-28 15:18:29 VERIFY EKU OK
2025-04-28 15:18:29 VERIFY X509NAME OK: CN=fr676.nordvpn.com
2025-04-28 15:18:29 VERIFY OK: depth=0, CN=fr676.nordvpn.com
2025-04-28 15:18:29 Outgoing Data Channel: Cipher 'AES-256-GCM' initialized with 256 bit key
2025-04-28 15:18:29 Incoming Data Channel: Cipher 'AES-256-GCM' initialized with 256 bit key
2025-04-28 15:18:29 Control Channel: TLSv1.3, cipher TLSv1.3 TLS_AES_256_GCM_SHA384, peer certificate: 4096 bit RSA, signature: RSA-SHA512
2025-04-28 16:15:21 VERIFY OK: depth=2, C=PA, O=NordVPN, CN=NordVPN Root CA
2025-04-28 16:15:21 VERIFY OK: depth=1, O=NordVPN, CN=NordVPN CA10
2025-04-28 16:15:21 VERIFY KU OK
2025-04-28 16:15:21 Validating certificate extended key usage
2025-04-28 16:15:21 ++ Certificate has EKU (str) TLS Web Server Authentication, expects TLS Web Server Authentication
2025-04-28 16:15:21 VERIFY EKU OK
2025-04-28 16:15:21 VERIFY X509NAME OK: CN=fr676.nordvpn.com
2025-04-28 16:15:21 VERIFY OK: depth=0, CN=fr676.nordvpn.com
2025-04-28 16:15:21 Outgoing Data Channel: Cipher 'AES-256-GCM' initialized with 256 bit key
2025-04-28 16:15:21 Incoming Data Channel: Cipher 'AES-256-GCM' initialized with 256 bit key
2025-04-28 16:15:21 Control Channel: TLSv1.3, cipher TLSv1.3 TLS_AES_256_GCM_SHA384, peer certificate: 4096 bit RSA, signature: RSA-SHA512
2025-04-28 17:12:13 VERIFY OK: depth=2, C=PA, O=NordVPN, CN=NordVPN Root CA
2025-04-28 17:12:13 VERIFY OK: depth=1, O=NordVPN, CN=NordVPN CA10
2025-04-28 17:12:13 VERIFY KU OK
2025-04-28 17:12:13 Validating certificate extended key usage
2025-04-28 17:12:13 ++ Certificate has EKU (str) TLS Web Server Authentication, expects TLS Web Server Authentication
2025-04-28 17:12:13 VERIFY EKU OK
2025-04-28 17:12:13 VERIFY X509NAME OK: CN=fr676.nordvpn.com
2025-04-28 17:12:13 VERIFY OK: depth=0, CN=fr676.nordvpn.com
2025-04-28 17:12:13 Outgoing Data Channel: Cipher 'AES-256-GCM' initialized with 256 bit key
2025-04-28 17:12:13 Incoming Data Channel: Cipher 'AES-256-GCM' initialized with 256 bit key
2025-04-28 17:12:13 Control Channel: TLSv1.3, cipher TLSv1.3 TLS_AES_256_GCM_SHA384, peer certificate: 4096 bit RSA, signature: RSA-SHA512
2025-04-28 18:09:05 VERIFY OK: depth=2, C=PA, O=NordVPN, CN=NordVPN Root CA
2025-04-28 18:09:05 VERIFY OK: depth=1, O=NordVPN, CN=NordVPN CA10
2025-04-28 18:09:05 VERIFY KU OK
2025-04-28 18:09:05 Validating certificate extended key usage
2025-04-28 18:09:05 ++ Certificate has EKU (str) TLS Web Server Authentication, expects TLS Web Server Authentication
2025-04-28 18:09:05 VERIFY EKU OK
2025-04-28 18:09:05 VERIFY X509NAME OK: CN=fr676.nordvpn.com
2025-04-28 18:09:05 VERIFY OK: depth=0, CN=fr676.nordvpn.com
2025-04-28 18:09:05 Outgoing Data Channel: Cipher 'AES-256-GCM' initialized with 256 bit key
2025-04-28 18:09:05 Incoming Data Channel: Cipher 'AES-256-GCM' initialized with 256 bit key
2025-04-28 18:09:05 Control Channel: TLSv1.3, cipher TLSv1.3 TLS_AES_256_GCM_SHA384, peer certificate: 4096 bit RSA, signature: RSA-SHA512
2025-04-28 19:05:58 VERIFY OK: depth=2, C=PA, O=NordVPN, CN=NordVPN Root CA
2025-04-28 19:05:58 VERIFY OK: depth=1, O=NordVPN, CN=NordVPN CA10
2025-04-28 19:05:58 VERIFY KU OK
2025-04-28 19:05:58 Validating certificate extended key usage
2025-04-28 19:05:58 ++ Certificate has EKU (str) TLS Web Server Authentication, expects TLS Web Server Authentication
2025-04-28 19:05:58 VERIFY EKU OK
2025-04-28 19:05:58 VERIFY X509NAME OK: CN=fr676.nordvpn.com
2025-04-28 19:05:58 VERIFY OK: depth=0, CN=fr676.nordvpn.com
2025-04-28 19:05:58 Outgoing Data Channel: Cipher 'AES-256-GCM' initialized with 256 bit key
2025-04-28 19:05:58 Incoming Data Channel: Cipher 'AES-256-GCM' initialized with 256 bit key
2025-04-28 19:05:58 Control Channel: TLSv1.3, cipher TLSv1.3 TLS_AES_256_GCM_SHA384, peer certificate: 4096 bit RSA, signature: RSA-SHA512
2025-04-28 20:02:50 VERIFY OK: depth=2, C=PA, O=NordVPN, CN=NordVPN Root CA
2025-04-28 20:02:50 VERIFY OK: depth=1, O=NordVPN, CN=NordVPN CA10
2025-04-28 20:02:50 VERIFY KU OK
2025-04-28 20:02:50 Validating certificate extended key usage
2025-04-28 20:02:50 ++ Certificate has EKU (str) TLS Web Server Authentication, expects TLS Web Server Authentication
2025-04-28 20:02:50 VERIFY EKU OK
2025-04-28 20:02:50 VERIFY X509NAME OK: CN=fr676.nordvpn.com
2025-04-28 20:02:50 VERIFY OK: depth=0, CN=fr676.nordvpn.com
2025-04-28 20:02:50 Outgoing Data Channel: Cipher 'AES-256-GCM' initialized with 256 bit key
2025-04-28 20:02:50 Incoming Data Channel: Cipher 'AES-256-GCM' initialized with 256 bit key
2025-04-28 20:02:50 Control Channel: TLSv1.3, cipher TLSv1.3 TLS_AES_256_GCM_SHA384, peer certificate: 4096 bit RSA, signature: RSA-SHA512
2025-04-28 20:59:42 VERIFY OK: depth=2, C=PA, O=NordVPN, CN=NordVPN Root CA
2025-04-28 20:59:42 VERIFY OK: depth=1, O=NordVPN, CN=NordVPN CA10
2025-04-28 20:59:42 VERIFY KU OK
2025-04-28 20:59:42 Validating certificate extended key usage
2025-04-28 20:59:42 ++ Certificate has EKU (str) TLS Web Server Authentication, expects TLS Web Server Authentication
2025-04-28 20:59:42 VERIFY EKU OK
2025-04-28 20:59:42 VERIFY X509NAME OK: CN=fr676.nordvpn.com
2025-04-28 20:59:42 VERIFY OK: depth=0, CN=fr676.nordvpn.com
2025-04-28 20:59:42 Outgoing Data Channel: Cipher 'AES-256-GCM' initialized with 256 bit key
2025-04-28 20:59:42 Incoming Data Channel: Cipher 'AES-256-GCM' initialized with 256 bit key
2025-04-28 20:59:42 Control Channel: TLSv1.3, cipher TLSv1.3 TLS_AES_256_GCM_SHA384, peer certificate: 4096 bit RSA, signature: RSA-SHA512
2025-04-28 21:56:35 VERIFY OK: depth=2, C=PA, O=NordVPN, CN=NordVPN Root CA
2025-04-28 21:56:35 VERIFY OK: depth=1, O=NordVPN, CN=NordVPN CA10
2025-04-28 21:56:35 VERIFY KU OK
2025-04-28 21:56:35 Validating certificate extended key usage
2025-04-28 21:56:35 ++ Certificate has EKU (str) TLS Web Server Authentication, expects TLS Web Server Authentication
2025-04-28 21:56:35 VERIFY EKU OK
2025-04-28 21:56:35 VERIFY X509NAME OK: CN=fr676.nordvpn.com
2025-04-28 21:56:35 VERIFY OK: depth=0, CN=fr676.nordvpn.com
2025-04-28 21:56:35 Outgoing Data Channel: Cipher 'AES-256-GCM' initialized with 256 bit key
2025-04-28 21:56:35 Incoming Data Channel: Cipher 'AES-256-GCM' initialized with 256 bit key
2025-04-28 21:56:35 Control Channel: TLSv1.3, cipher TLSv1.3 TLS_AES_256_GCM_SHA384, peer certificate: 4096 bit RSA, signature: RSA-SHA512
2025-04-28 22:53:27 VERIFY OK: depth=2, C=PA, O=NordVPN, CN=NordVPN Root CA
2025-04-28 22:53:27 VERIFY OK: depth=1, O=NordVPN, CN=NordVPN CA10
2025-04-28 22:53:27 VERIFY KU OK
2025-04-28 22:53:27 Validating certificate extended key usage
2025-04-28 22:53:27 ++ Certificate has EKU (str) TLS Web Server Authentication, expects TLS Web Server Authentication
2025-04-28 22:53:27 VERIFY EKU OK
2025-04-28 22:53:27 VERIFY X509NAME OK: CN=fr676.nordvpn.com
2025-04-28 22:53:27 VERIFY OK: depth=0, CN=fr676.nordvpn.com
2025-04-28 22:53:27 Outgoing Data Channel: Cipher 'AES-256-GCM' initialized with 256 bit key
2025-04-28 22:53:27 Incoming Data Channel: Cipher 'AES-256-GCM' initialized with 256 bit key
2025-04-28 22:53:27 Control Channel: TLSv1.3, cipher TLSv1.3 TLS_AES_256_GCM_SHA384, peer certificate: 4096 bit RSA, signature: RSA-SHA512
2025-04-28 23:50:19 VERIFY OK: depth=2, C=PA, O=NordVPN, CN=NordVPN Root CA
2025-04-28 23:50:19 VERIFY OK: depth=1, O=NordVPN, CN=NordVPN CA10
2025-04-28 23:50:19 VERIFY KU OK
2025-04-28 23:50:19 Validating certificate extended key usage
2025-04-28 23:50:19 ++ Certificate has EKU (str) TLS Web Server Authentication, expects TLS Web Server Authentication
2025-04-28 23:50:19 VERIFY EKU OK
2025-04-28 23:50:19 VERIFY X509NAME OK: CN=fr676.nordvpn.com
2025-04-28 23:50:19 VERIFY OK: depth=0, CN=fr676.nordvpn.com
2025-04-28 23:50:19 Outgoing Data Channel: Cipher 'AES-256-GCM' initialized with 256 bit key
2025-04-28 23:50:19 Incoming Data Channel: Cipher 'AES-256-GCM' initialized with 256 bit key
2025-04-28 23:50:19 Control Channel: TLSv1.3, cipher TLSv1.3 TLS_AES_256_GCM_SHA384, peer certificate: 4096 bit RSA, signature: RSA-SHA512
2025-04-29 00:47:11 VERIFY OK: depth=2, C=PA, O=NordVPN, CN=NordVPN Root CA
2025-04-29 00:47:11 VERIFY OK: depth=1, O=NordVPN, CN=NordVPN CA10
2025-04-29 00:47:11 VERIFY KU OK
2025-04-29 00:47:11 Validating certificate extended key usage
2025-04-29 00:47:11 ++ Certificate has EKU (str) TLS Web Server Authentication, expects TLS Web Server Authentication
2025-04-29 00:47:11 VERIFY EKU OK
2025-04-29 00:47:11 VERIFY X509NAME OK: CN=fr676.nordvpn.com
2025-04-29 00:47:11 VERIFY OK: depth=0, CN=fr676.nordvpn.com
2025-04-29 00:47:11 Outgoing Data Channel: Cipher 'AES-256-GCM' initialized with 256 bit key
2025-04-29 00:47:11 Incoming Data Channel: Cipher 'AES-256-GCM' initialized with 256 bit key
2025-04-29 00:47:11 Control Channel: TLSv1.3, cipher TLSv1.3 TLS_AES_256_GCM_SHA384, peer certificate: 4096 bit RSA, signature: RSA-SHA512
2025-04-29 01:44:03 VERIFY OK: depth=2, C=PA, O=NordVPN, CN=NordVPN Root CA
2025-04-29 01:44:03 VERIFY OK: depth=1, O=NordVPN, CN=NordVPN CA10
2025-04-29 01:44:03 VERIFY KU OK
2025-04-29 01:44:03 Validating certificate extended key usage
2025-04-29 01:44:03 ++ Certificate has EKU (str) TLS Web Server Authentication, expects TLS Web Server Authentication
2025-04-29 01:44:03 VERIFY EKU OK
2025-04-29 01:44:03 VERIFY X509NAME OK: CN=fr676.nordvpn.com
2025-04-29 01:44:03 VERIFY OK: depth=0, CN=fr676.nordvpn.com
2025-04-29 01:44:03 Outgoing Data Channel: Cipher 'AES-256-GCM' initialized with 256 bit key
2025-04-29 01:44:03 Incoming Data Channel: Cipher 'AES-256-GCM' initialized with 256 bit key
2025-04-29 01:44:03 Control Channel: TLSv1.3, cipher TLSv1.3 TLS_AES_256_GCM_SHA384, peer certificate: 4096 bit RSA, signature: RSA-SHA512
2025-04-29 02:40:55 VERIFY OK: depth=2, C=PA, O=NordVPN, CN=NordVPN Root CA
2025-04-29 02:40:55 VERIFY OK: depth=1, O=NordVPN, CN=NordVPN CA10
2025-04-29 02:40:55 VERIFY KU OK
2025-04-29 02:40:55 Validating certificate extended key usage
2025-04-29 02:40:55 ++ Certificate has EKU (str) TLS Web Server Authentication, expects TLS Web Server Authentication
2025-04-29 02:40:55 VERIFY EKU OK
2025-04-29 02:40:55 VERIFY X509NAME OK: CN=fr676.nordvpn.com
2025-04-29 02:40:55 VERIFY OK: depth=0, CN=fr676.nordvpn.com
2025-04-29 02:40:55 Outgoing Data Channel: Cipher 'AES-256-GCM' initialized with 256 bit key
2025-04-29 02:40:55 Incoming Data Channel: Cipher 'AES-256-GCM' initialized with 256 bit key
2025-04-29 02:40:55 Control Channel: TLSv1.3, cipher TLSv1.3 TLS_AES_256_GCM_SHA384, peer certificate: 4096 bit RSA, signature: RSA-SHA512
2025-04-29 03:37:47 VERIFY OK: depth=2, C=PA, O=NordVPN, CN=NordVPN Root CA
2025-04-29 03:37:47 VERIFY OK: depth=1, O=NordVPN, CN=NordVPN CA10
2025-04-29 03:37:47 VERIFY KU OK
2025-04-29 03:37:47 Validating certificate extended key usage
2025-04-29 03:37:47 ++ Certificate has EKU (str) TLS Web Server Authentication, expects TLS Web Server Authentication
2025-04-29 03:37:47 VERIFY EKU OK
2025-04-29 03:37:47 VERIFY X509NAME OK: CN=fr676.nordvpn.com
2025-04-29 03:37:47 VERIFY OK: depth=0, CN=fr676.nordvpn.com
2025-04-29 03:37:47 Outgoing Data Channel: Cipher 'AES-256-GCM' initialized with 256 bit key
2025-04-29 03:37:47 Incoming Data Channel: Cipher 'AES-256-GCM' initialized with 256 bit key
2025-04-29 03:37:47 Control Channel: TLSv1.3, cipher TLSv1.3 TLS_AES_256_GCM_SHA384, peer certificate: 4096 bit RSA, signature: RSA-SHA512
2025-04-29 04:34:39 VERIFY OK: depth=2, C=PA, O=NordVPN, CN=NordVPN Root CA
2025-04-29 04:34:39 VERIFY OK: depth=1, O=NordVPN, CN=NordVPN CA10
2025-04-29 04:34:39 VERIFY KU OK
2025-04-29 04:34:39 Validating certificate extended key usage
2025-04-29 04:34:39 ++ Certificate has EKU (str) TLS Web Server Authentication, expects TLS Web Server Authentication
2025-04-29 04:34:39 VERIFY EKU OK
2025-04-29 04:34:39 VERIFY X509NAME OK: CN=fr676.nordvpn.com
2025-04-29 04:34:39 VERIFY OK: depth=0, CN=fr676.nordvpn.com
2025-04-29 04:34:39 Outgoing Data Channel: Cipher 'AES-256-GCM' initialized with 256 bit key
2025-04-29 04:34:39 Incoming Data Channel: Cipher 'AES-256-GCM' initialized with 256 bit key
2025-04-29 04:34:39 Control Channel: TLSv1.3, cipher TLSv1.3 TLS_AES_256_GCM_SHA384, peer certificate: 4096 bit RSA, signature: RSA-SHA512
2025-04-29 05:31:31 VERIFY OK: depth=2, C=PA, O=NordVPN, CN=NordVPN Root CA
2025-04-29 05:31:31 VERIFY OK: depth=1, O=NordVPN, CN=NordVPN CA10
2025-04-29 05:31:31 VERIFY KU OK
2025-04-29 05:31:31 Validating certificate extended key usage
2025-04-29 05:31:31 ++ Certificate has EKU (str) TLS Web Server Authentication, expects TLS Web Server Authentication
2025-04-29 05:31:31 VERIFY EKU OK
2025-04-29 05:31:31 VERIFY X509NAME OK: CN=fr676.nordvpn.com
2025-04-29 05:31:31 VERIFY OK: depth=0, CN=fr676.nordvpn.com
2025-04-29 05:31:31 Outgoing Data Channel: Cipher 'AES-256-GCM' initialized with 256 bit key
2025-04-29 05:31:31 Incoming Data Channel: Cipher 'AES-256-GCM' initialized with 256 bit key
2025-04-29 05:31:31 Control Channel: TLSv1.3, cipher TLSv1.3 TLS_AES_256_GCM_SHA384, peer certificate: 4096 bit RSA, signature: RSA-SHA512
2025-04-29 06:28:23 VERIFY OK: depth=2, C=PA, O=NordVPN, CN=NordVPN Root CA
2025-04-29 06:28:23 VERIFY OK: depth=1, O=NordVPN, CN=NordVPN CA10
2025-04-29 06:28:23 VERIFY KU OK
2025-04-29 06:28:23 Validating certificate extended key usage
2025-04-29 06:28:23 ++ Certificate has EKU (str) TLS Web Server Authentication, expects TLS Web Server Authentication
2025-04-29 06:28:23 VERIFY EKU OK
2025-04-29 06:28:23 VERIFY X509NAME OK: CN=fr676.nordvpn.com
2025-04-29 06:28:23 VERIFY OK: depth=0, CN=fr676.nordvpn.com
2025-04-29 06:28:23 Outgoing Data Channel: Cipher 'AES-256-GCM' initialized with 256 bit key
2025-04-29 06:28:23 Incoming Data Channel: Cipher 'AES-256-GCM' initialized with 256 bit key
2025-04-29 06:28:23 Control Channel: TLSv1.3, cipher TLSv1.3 TLS_AES_256_GCM_SHA384, peer certificate: 4096 bit RSA, signature: RSA-SHA512
2025-04-29 07:25:15 VERIFY OK: depth=2, C=PA, O=NordVPN, CN=NordVPN Root CA
2025-04-29 07:25:15 VERIFY OK: depth=1, O=NordVPN, CN=NordVPN CA10
2025-04-29 07:25:15 VERIFY KU OK
2025-04-29 07:25:15 Validating certificate extended key usage
2025-04-29 07:25:15 ++ Certificate has EKU (str) TLS Web Server Authentication, expects TLS Web Server Authentication
2025-04-29 07:25:15 VERIFY EKU OK
2025-04-29 07:25:15 VERIFY X509NAME OK: CN=fr676.nordvpn.com
2025-04-29 07:25:15 VERIFY OK: depth=0, CN=fr676.nordvpn.com
2025-04-29 07:25:15 Outgoing Data Channel: Cipher 'AES-256-GCM' initialized with 256 bit key
2025-04-29 07:25:15 Incoming Data Channel: Cipher 'AES-256-GCM' initialized with 256 bit key
2025-04-29 07:25:15 Control Channel: TLSv1.3, cipher TLSv1.3 TLS_AES_256_GCM_SHA384, peer certificate: 4096 bit RSA, signature: RSA-SHA512
2025-04-29 08:22:07 VERIFY OK: depth=2, C=PA, O=NordVPN, CN=NordVPN Root CA
2025-04-29 08:22:07 VERIFY OK: depth=1, O=NordVPN, CN=NordVPN CA10
2025-04-29 08:22:07 VERIFY KU OK
2025-04-29 08:22:07 Validating certificate extended key usage
2025-04-29 08:22:07 ++ Certificate has EKU (str) TLS Web Server Authentication, expects TLS Web Server Authentication
2025-04-29 08:22:07 VERIFY EKU OK
2025-04-29 08:22:07 VERIFY X509NAME OK: CN=fr676.nordvpn.com
2025-04-29 08:22:07 VERIFY OK: depth=0, CN=fr676.nordvpn.com
2025-04-29 08:22:07 Outgoing Data Channel: Cipher 'AES-256-GCM' initialized with 256 bit key
2025-04-29 08:22:07 Incoming Data Channel: Cipher 'AES-256-GCM' initialized with 256 bit key
2025-04-29 08:22:07 Control Channel: TLSv1.3, cipher TLSv1.3 TLS_AES_256_GCM_SHA384, peer certificate: 4096 bit RSA, signature: RSA-SHA512
2025-04-29 09:18:59 VERIFY OK: depth=2, C=PA, O=NordVPN, CN=NordVPN Root CA
2025-04-29 09:18:59 VERIFY OK: depth=1, O=NordVPN, CN=NordVPN CA10
2025-04-29 09:18:59 VERIFY KU OK
2025-04-29 09:18:59 Validating certificate extended key usage
2025-04-29 09:18:59 ++ Certificate has EKU (str) TLS Web Server Authentication, expects TLS Web Server Authentication
2025-04-29 09:18:59 VERIFY EKU OK
2025-04-29 09:18:59 VERIFY X509NAME OK: CN=fr676.nordvpn.com
2025-04-29 09:18:59 VERIFY OK: depth=0, CN=fr676.nordvpn.com
2025-04-29 09:18:59 Outgoing Data Channel: Cipher 'AES-256-GCM' initialized with 256 bit key
2025-04-29 09:18:59 Incoming Data Channel: Cipher 'AES-256-GCM' initialized with 256 bit key
2025-04-29 09:18:59 Control Channel: TLSv1.3, cipher TLSv1.3 TLS_AES_256_GCM_SHA384, peer certificate: 4096 bit RSA, signature: RSA-SHA512
2025-04-29 10:15:51 VERIFY OK: depth=2, C=PA, O=NordVPN, CN=NordVPN Root CA
2025-04-29 10:15:51 VERIFY OK: depth=1, O=NordVPN, CN=NordVPN CA10
2025-04-29 10:15:51 VERIFY KU OK
2025-04-29 10:15:51 Validating certificate extended key usage
2025-04-29 10:15:51 ++ Certificate has EKU (str) TLS Web Server Authentication, expects TLS Web Server Authentication
2025-04-29 10:15:51 VERIFY EKU OK
2025-04-29 10:15:51 VERIFY X509NAME OK: CN=fr676.nordvpn.com
2025-04-29 10:15:51 VERIFY OK: depth=0, CN=fr676.nordvpn.com
2025-04-29 10:15:51 Outgoing Data Channel: Cipher 'AES-256-GCM' initialized with 256 bit key
2025-04-29 10:15:51 Incoming Data Channel: Cipher 'AES-256-GCM' initialized with 256 bit key
2025-04-29 10:15:51 Control Channel: TLSv1.3, cipher TLSv1.3 TLS_AES_256_GCM_SHA384, peer certificate: 4096 bit RSA, signature: RSA-SHA512
2025-04-29 11:12:44 VERIFY OK: depth=2, C=PA, O=NordVPN, CN=NordVPN Root CA
2025-04-29 11:12:44 VERIFY OK: depth=1, O=NordVPN, CN=NordVPN CA10
2025-04-29 11:12:44 VERIFY KU OK
2025-04-29 11:12:44 Validating certificate extended key usage
2025-04-29 11:12:44 ++ Certificate has EKU (str) TLS Web Server Authentication, expects TLS Web Server Authentication
2025-04-29 11:12:44 VERIFY EKU OK
2025-04-29 11:12:44 VERIFY X509NAME OK: CN=fr676.nordvpn.com
2025-04-29 11:12:44 VERIFY OK: depth=0, CN=fr676.nordvpn.com
2025-04-29 11:12:44 Outgoing Data Channel: Cipher 'AES-256-GCM' initialized with 256 bit key
2025-04-29 11:12:44 Incoming Data Channel: Cipher 'AES-256-GCM' initialized with 256 bit key
2025-04-29 11:12:44 Control Channel: TLSv1.3, cipher TLSv1.3 TLS_AES_256_GCM_SHA384, peer certificate: 4096 bit RSA, signature: RSA-SHA512
2025-04-29 12:09:36 VERIFY OK: depth=2, C=PA, O=NordVPN, CN=NordVPN Root CA
2025-04-29 12:09:37 VERIFY OK: depth=1, O=NordVPN, CN=NordVPN CA10
2025-04-29 12:09:37 VERIFY KU OK
2025-04-29 12:09:37 Validating certificate extended key usage
2025-04-29 12:09:37 ++ Certificate has EKU (str) TLS Web Server Authentication, expects TLS Web Server Authentication
2025-04-29 12:09:37 VERIFY EKU OK
2025-04-29 12:09:37 VERIFY X509NAME OK: CN=fr676.nordvpn.com
2025-04-29 12:09:37 VERIFY OK: depth=0, CN=fr676.nordvpn.com
2025-04-29 12:09:37 Outgoing Data Channel: Cipher 'AES-256-GCM' initialized with 256 bit key
2025-04-29 12:09:37 Incoming Data Channel: Cipher 'AES-256-GCM' initialized with 256 bit key
2025-04-29 12:09:37 Control Channel: TLSv1.3, cipher TLSv1.3 TLS_AES_256_GCM_SHA384, peer certificate: 4096 bit RSA, signature: RSA-SHA512
2025-04-29 13:06:29 VERIFY OK: depth=2, C=PA, O=NordVPN, CN=NordVPN Root CA
2025-04-29 13:06:29 VERIFY OK: depth=1, O=NordVPN, CN=NordVPN CA10
2025-04-29 13:06:29 VERIFY KU OK
2025-04-29 13:06:29 Validating certificate extended key usage
2025-04-29 13:06:29 ++ Certificate has EKU (str) TLS Web Server Authentication, expects TLS Web Server Authentication
2025-04-29 13:06:29 VERIFY EKU OK
2025-04-29 13:06:29 VERIFY X509NAME OK: CN=fr676.nordvpn.com
2025-04-29 13:06:29 VERIFY OK: depth=0, CN=fr676.nordvpn.com
2025-04-29 13:06:29 Outgoing Data Channel: Cipher 'AES-256-GCM' initialized with 256 bit key
2025-04-29 13:06:29 Incoming Data Channel: Cipher 'AES-256-GCM' initialized with 256 bit key
2025-04-29 13:06:29 Control Channel: TLSv1.3, cipher TLSv1.3 TLS_AES_256_GCM_SHA384, peer certificate: 4096 bit RSA, signature: RSA-SHA512
