2025-04-28 12:27:29 DEPRECATED OPTION: --cipher set to 'AES-256-CBC' but missing in --data-ciphers (AES-256-GCM:AES-128-GCM). Future OpenVPN version will ignore --cipher for cipher negotiations. Add 'AES-256-CBC' to --data-ciphers or change --cipher 'AES-256-CBC' to --data-ciphers-fallback 'AES-256-CBC' to silence this warning.
2025-04-28 12:27:29 OpenVPN 2.5.11 x86_64-pc-linux-gnu [SSL (OpenSSL)] [LZO] [LZ4] [EPOLL] [PKCS11] [MH/PKTINFO] [AEAD] built on Sep 17 2024
2025-04-28 12:27:29 library versions: OpenSSL 3.0.2 15 Mar 2022, LZO 2.10
2025-04-28 12:27:29 WARNING: --ping should normally be used with --ping-restart or --ping-exit
2025-04-28 12:27:29 Outgoing Control Channel Authentication: Using 512 bit message hash 'SHA512' for HMAC authentication
2025-04-28 12:27:29 Incoming Control Channel Authentication: Using 512 bit message hash 'SHA512' for HMAC authentication
2025-04-28 12:27:29 TCP/UDP: Preserving recently used remote address: [AF_INET]188.95.55.68:1194
2025-04-28 12:27:29 Socket Buffers: R=[212992->212992] S=[212992->212992]
2025-04-28 12:27:29 UDP link local: (not bound)
2025-04-28 12:27:29 UDP link remote: [AF_INET]188.95.55.68:1194
2025-04-28 12:27:29 TLS: Initial packet from [AF_INET]188.95.55.68:1194, sid=314f121c 9b5ad770
2025-04-28 12:27:29 WARNING: this configuration may cache passwords in memory -- use the auth-nocache option to prevent this
2025-04-28 12:27:29 VERIFY OK: depth=2, C=PA, O=NordVPN, CN=NordVPN Root CA
2025-04-28 12:27:29 VERIFY OK: depth=1, O=NordVPN, CN=NordVPN CA10
2025-04-28 12:27:29 VERIFY KU OK
2025-04-28 12:27:29 Validating certificate extended key usage
2025-04-28 12:27:29 ++ Certificate has EKU (str) TLS Web Server Authentication, expects TLS Web Server Authentication
2025-04-28 12:27:29 VERIFY EKU OK
2025-04-28 12:27:29 VERIFY X509NAME OK: CN=be197.nordvpn.com
2025-04-28 12:27:29 VERIFY OK: depth=0, CN=be197.nordvpn.com
2025-04-28 12:27:29 Control Channel: TLSv1.3, cipher TLSv1.3 TLS_AES_256_GCM_SHA384, peer certificate: 4096 bit RSA, signature: RSA-SHA512
2025-04-28 12:27:29 [be197.nordvpn.com] Peer Connection Initiated with [AF_INET]188.95.55.68:1194
2025-04-28 12:27:30 SENT CONTROL [be197.nordvpn.com]: 'PUSH_REQUEST' (status=1)
2025-04-28 12:27:30 PUSH: Received control message: 'PUSH_REPLY,redirect-gateway def1,dhcp-option DNS 103.86.96.100,dhcp-option DNS 103.86.99.100,explicit-exit-notify,comp-lzo no,route-gateway 10.100.0.1,topology subnet,ping 60,ping-restart 180,ifconfig 10.100.0.2 255.255.0.0,peer-id 1,cipher AES-256-GCM'
2025-04-28 12:27:30 Options error: option 'redirect-gateway' cannot be used in this context ([PUSH-OPTIONS])
2025-04-28 12:27:30 Options error: option 'dhcp-option' cannot be used in this context ([PUSH-OPTIONS])
2025-04-28 12:27:30 Options error: option 'dhcp-option' cannot be used in this context ([PUSH-OPTIONS])
2025-04-28 12:27:30 OPTIONS IMPORT: timers and/or timeouts modified
2025-04-28 12:27:30 OPTIONS IMPORT: explicit notify parm(s) modified
2025-04-28 12:27:30 OPTIONS IMPORT: compression parms modified
2025-04-28 12:27:30 OPTIONS IMPORT: --ifconfig/up options modified
2025-04-28 12:27:30 OPTIONS IMPORT: route-related options modified
2025-04-28 12:27:30 OPTIONS IMPORT: peer-id set
2025-04-28 12:27:30 OPTIONS IMPORT: adjusting link_mtu to 1657
2025-04-28 12:27:30 OPTIONS IMPORT: data channel crypto options modified
2025-04-28 12:27:30 Data Channel: using negotiated cipher 'AES-256-GCM'
2025-04-28 12:27:30 Outgoing Data Channel: Cipher 'AES-256-GCM' initialized with 256 bit key
2025-04-28 12:27:30 Incoming Data Channel: Cipher 'AES-256-GCM' initialized with 256 bit key
2025-04-28 12:27:30 TUN/TAP device tun4 opened
2025-04-28 12:27:30 net_iface_mtu_set: mtu 1500 for tun4
2025-04-28 12:27:30 net_iface_up: set tun4 up
2025-04-28 12:27:30 net_addr_v4_add: 10.100.0.2/16 dev tun4
2025-04-28 12:27:30 Initialization Sequence Completed
2025-04-28 13:23:53 VERIFY OK: depth=2, C=PA, O=NordVPN, CN=NordVPN Root CA
2025-04-28 13:23:53 VERIFY OK: depth=1, O=NordVPN, CN=NordVPN CA10
2025-04-28 13:23:53 VERIFY KU OK
2025-04-28 13:23:53 Validating certificate extended key usage
2025-04-28 13:23:53 ++ Certificate has EKU (str) TLS Web Server Authentication, expects TLS Web Server Authentication
2025-04-28 13:23:53 VERIFY EKU OK
2025-04-28 13:23:53 VERIFY X509NAME OK: CN=be197.nordvpn.com
2025-04-28 13:23:53 VERIFY OK: depth=0, CN=be197.nordvpn.com
2025-04-28 13:23:53 Outgoing Data Channel: Cipher 'AES-256-GCM' initialized with 256 bit key
2025-04-28 13:23:53 Incoming Data Channel: Cipher 'AES-256-GCM' initialized with 256 bit key
2025-04-28 13:23:53 Control Channel: TLSv1.3, cipher TLSv1.3 TLS_AES_256_GCM_SHA384, peer certificate: 4096 bit RSA, signature: RSA-SHA512
2025-04-28 14:20:18 VERIFY OK: depth=2, C=PA, O=NordVPN, CN=NordVPN Root CA
2025-04-28 14:20:18 VERIFY OK: depth=1, O=NordVPN, CN=NordVPN CA10
2025-04-28 14:20:18 VERIFY KU OK
2025-04-28 14:20:18 Validating certificate extended key usage
2025-04-28 14:20:18 ++ Certificate has EKU (str) TLS Web Server Authentication, expects TLS Web Server Authentication
2025-04-28 14:20:18 VERIFY EKU OK
2025-04-28 14:20:18 VERIFY X509NAME OK: CN=be197.nordvpn.com
2025-04-28 14:20:18 VERIFY OK: depth=0, CN=be197.nordvpn.com
2025-04-28 14:20:18 Outgoing Data Channel: Cipher 'AES-256-GCM' initialized with 256 bit key
2025-04-28 14:20:18 Incoming Data Channel: Cipher 'AES-256-GCM' initialized with 256 bit key
2025-04-28 14:20:18 Control Channel: TLSv1.3, cipher TLSv1.3 TLS_AES_256_GCM_SHA384, peer certificate: 4096 bit RSA, signature: RSA-SHA512
2025-04-28 15:16:42 VERIFY OK: depth=2, C=PA, O=NordVPN, CN=NordVPN Root CA
2025-04-28 15:16:42 VERIFY OK: depth=1, O=NordVPN, CN=NordVPN CA10
2025-04-28 15:16:42 VERIFY KU OK
2025-04-28 15:16:42 Validating certificate extended key usage
2025-04-28 15:16:42 ++ Certificate has EKU (str) TLS Web Server Authentication, expects TLS Web Server Authentication
2025-04-28 15:16:42 VERIFY EKU OK
2025-04-28 15:16:42 VERIFY X509NAME OK: CN=be197.nordvpn.com
2025-04-28 15:16:42 VERIFY OK: depth=0, CN=be197.nordvpn.com
2025-04-28 15:16:42 Outgoing Data Channel: Cipher 'AES-256-GCM' initialized with 256 bit key
2025-04-28 15:16:42 Incoming Data Channel: Cipher 'AES-256-GCM' initialized with 256 bit key
2025-04-28 15:16:42 Control Channel: TLSv1.3, cipher TLSv1.3 TLS_AES_256_GCM_SHA384, peer certificate: 4096 bit RSA, signature: RSA-SHA512
2025-04-28 16:13:06 VERIFY OK: depth=2, C=PA, O=NordVPN, CN=NordVPN Root CA
2025-04-28 16:13:06 VERIFY OK: depth=1, O=NordVPN, CN=NordVPN CA10
2025-04-28 16:13:06 VERIFY KU OK
2025-04-28 16:13:06 Validating certificate extended key usage
2025-04-28 16:13:06 ++ Certificate has EKU (str) TLS Web Server Authentication, expects TLS Web Server Authentication
2025-04-28 16:13:06 VERIFY EKU OK
2025-04-28 16:13:06 VERIFY X509NAME OK: CN=be197.nordvpn.com
2025-04-28 16:13:06 VERIFY OK: depth=0, CN=be197.nordvpn.com
2025-04-28 16:13:06 Outgoing Data Channel: Cipher 'AES-256-GCM' initialized with 256 bit key
2025-04-28 16:13:06 Incoming Data Channel: Cipher 'AES-256-GCM' initialized with 256 bit key
2025-04-28 16:13:06 Control Channel: TLSv1.3, cipher TLSv1.3 TLS_AES_256_GCM_SHA384, peer certificate: 4096 bit RSA, signature: RSA-SHA512
2025-04-28 17:09:30 VERIFY OK: depth=2, C=PA, O=NordVPN, CN=NordVPN Root CA
2025-04-28 17:09:30 VERIFY OK: depth=1, O=NordVPN, CN=NordVPN CA10
2025-04-28 17:09:30 VERIFY KU OK
2025-04-28 17:09:30 Validating certificate extended key usage
2025-04-28 17:09:30 ++ Certificate has EKU (str) TLS Web Server Authentication, expects TLS Web Server Authentication
2025-04-28 17:09:30 VERIFY EKU OK
2025-04-28 17:09:30 VERIFY X509NAME OK: CN=be197.nordvpn.com
2025-04-28 17:09:30 VERIFY OK: depth=0, CN=be197.nordvpn.com
2025-04-28 17:09:30 Outgoing Data Channel: Cipher 'AES-256-GCM' initialized with 256 bit key
2025-04-28 17:09:30 Incoming Data Channel: Cipher 'AES-256-GCM' initialized with 256 bit key
2025-04-28 17:09:30 Control Channel: TLSv1.3, cipher TLSv1.3 TLS_AES_256_GCM_SHA384, peer certificate: 4096 bit RSA, signature: RSA-SHA512
2025-04-28 18:05:54 VERIFY OK: depth=2, C=PA, O=NordVPN, CN=NordVPN Root CA
2025-04-28 18:05:54 VERIFY OK: depth=1, O=NordVPN, CN=NordVPN CA10
2025-04-28 18:05:54 VERIFY KU OK
2025-04-28 18:05:54 Validating certificate extended key usage
2025-04-28 18:05:54 ++ Certificate has EKU (str) TLS Web Server Authentication, expects TLS Web Server Authentication
2025-04-28 18:05:54 VERIFY EKU OK
2025-04-28 18:05:54 VERIFY X509NAME OK: CN=be197.nordvpn.com
2025-04-28 18:05:54 VERIFY OK: depth=0, CN=be197.nordvpn.com
2025-04-28 18:05:54 Outgoing Data Channel: Cipher 'AES-256-GCM' initialized with 256 bit key
2025-04-28 18:05:54 Incoming Data Channel: Cipher 'AES-256-GCM' initialized with 256 bit key
2025-04-28 18:05:54 Control Channel: TLSv1.3, cipher TLSv1.3 TLS_AES_256_GCM_SHA384, peer certificate: 4096 bit RSA, signature: RSA-SHA512
2025-04-28 19:02:19 VERIFY OK: depth=2, C=PA, O=NordVPN, CN=NordVPN Root CA
2025-04-28 19:02:19 VERIFY OK: depth=1, O=NordVPN, CN=NordVPN CA10
2025-04-28 19:02:19 VERIFY KU OK
2025-04-28 19:02:19 Validating certificate extended key usage
2025-04-28 19:02:19 ++ Certificate has EKU (str) TLS Web Server Authentication, expects TLS Web Server Authentication
2025-04-28 19:02:19 VERIFY EKU OK
2025-04-28 19:02:19 VERIFY X509NAME OK: CN=be197.nordvpn.com
2025-04-28 19:02:19 VERIFY OK: depth=0, CN=be197.nordvpn.com
2025-04-28 19:02:19 Outgoing Data Channel: Cipher 'AES-256-GCM' initialized with 256 bit key
2025-04-28 19:02:19 Incoming Data Channel: Cipher 'AES-256-GCM' initialized with 256 bit key
2025-04-28 19:02:19 Control Channel: TLSv1.3, cipher TLSv1.3 TLS_AES_256_GCM_SHA384, peer certificate: 4096 bit RSA, signature: RSA-SHA512
2025-04-28 19:58:43 VERIFY OK: depth=2, C=PA, O=NordVPN, CN=NordVPN Root CA
2025-04-28 19:58:43 VERIFY OK: depth=1, O=NordVPN, CN=NordVPN CA10
2025-04-28 19:58:43 VERIFY KU OK
2025-04-28 19:58:43 Validating certificate extended key usage
2025-04-28 19:58:43 ++ Certificate has EKU (str) TLS Web Server Authentication, expects TLS Web Server Authentication
2025-04-28 19:58:43 VERIFY EKU OK
2025-04-28 19:58:43 VERIFY X509NAME OK: CN=be197.nordvpn.com
2025-04-28 19:58:43 VERIFY OK: depth=0, CN=be197.nordvpn.com
2025-04-28 19:58:43 Outgoing Data Channel: Cipher 'AES-256-GCM' initialized with 256 bit key
2025-04-28 19:58:43 Incoming Data Channel: Cipher 'AES-256-GCM' initialized with 256 bit key
2025-04-28 19:58:43 Control Channel: TLSv1.3, cipher TLSv1.3 TLS_AES_256_GCM_SHA384, peer certificate: 4096 bit RSA, signature: RSA-SHA512
2025-04-28 20:55:08 VERIFY OK: depth=2, C=PA, O=NordVPN, CN=NordVPN Root CA
2025-04-28 20:55:08 VERIFY OK: depth=1, O=NordVPN, CN=NordVPN CA10
2025-04-28 20:55:08 VERIFY KU OK
2025-04-28 20:55:08 Validating certificate extended key usage
2025-04-28 20:55:08 ++ Certificate has EKU (str) TLS Web Server Authentication, expects TLS Web Server Authentication
2025-04-28 20:55:08 VERIFY EKU OK
2025-04-28 20:55:08 VERIFY X509NAME OK: CN=be197.nordvpn.com
2025-04-28 20:55:08 VERIFY OK: depth=0, CN=be197.nordvpn.com
2025-04-28 20:55:08 Outgoing Data Channel: Cipher 'AES-256-GCM' initialized with 256 bit key
2025-04-28 20:55:08 Incoming Data Channel: Cipher 'AES-256-GCM' initialized with 256 bit key
2025-04-28 20:55:08 Control Channel: TLSv1.3, cipher TLSv1.3 TLS_AES_256_GCM_SHA384, peer certificate: 4096 bit RSA, signature: RSA-SHA512
2025-04-28 21:51:32 VERIFY OK: depth=2, C=PA, O=NordVPN, CN=NordVPN Root CA
2025-04-28 21:51:32 VERIFY OK: depth=1, O=NordVPN, CN=NordVPN CA10
2025-04-28 21:51:32 VERIFY KU OK
2025-04-28 21:51:32 Validating certificate extended key usage
2025-04-28 21:51:32 ++ Certificate has EKU (str) TLS Web Server Authentication, expects TLS Web Server Authentication
2025-04-28 21:51:32 VERIFY EKU OK
2025-04-28 21:51:32 VERIFY X509NAME OK: CN=be197.nordvpn.com
2025-04-28 21:51:32 VERIFY OK: depth=0, CN=be197.nordvpn.com
2025-04-28 21:51:32 Outgoing Data Channel: Cipher 'AES-256-GCM' initialized with 256 bit key
2025-04-28 21:51:32 Incoming Data Channel: Cipher 'AES-256-GCM' initialized with 256 bit key
2025-04-28 21:51:32 Control Channel: TLSv1.3, cipher TLSv1.3 TLS_AES_256_GCM_SHA384, peer certificate: 4096 bit RSA, signature: RSA-SHA512
2025-04-28 22:47:56 VERIFY OK: depth=2, C=PA, O=NordVPN, CN=NordVPN Root CA
2025-04-28 22:47:56 VERIFY OK: depth=1, O=NordVPN, CN=NordVPN CA10
2025-04-28 22:47:56 VERIFY KU OK
2025-04-28 22:47:56 Validating certificate extended key usage
2025-04-28 22:47:56 ++ Certificate has EKU (str) TLS Web Server Authentication, expects TLS Web Server Authentication
2025-04-28 22:47:56 VERIFY EKU OK
2025-04-28 22:47:56 VERIFY X509NAME OK: CN=be197.nordvpn.com
2025-04-28 22:47:56 VERIFY OK: depth=0, CN=be197.nordvpn.com
2025-04-28 22:47:56 Outgoing Data Channel: Cipher 'AES-256-GCM' initialized with 256 bit key
2025-04-28 22:47:56 Incoming Data Channel: Cipher 'AES-256-GCM' initialized with 256 bit key
2025-04-28 22:47:56 Control Channel: TLSv1.3, cipher TLSv1.3 TLS_AES_256_GCM_SHA384, peer certificate: 4096 bit RSA, signature: RSA-SHA512
2025-04-28 23:44:20 VERIFY OK: depth=2, C=PA, O=NordVPN, CN=NordVPN Root CA
2025-04-28 23:44:20 VERIFY OK: depth=1, O=NordVPN, CN=NordVPN CA10
2025-04-28 23:44:20 VERIFY KU OK
2025-04-28 23:44:20 Validating certificate extended key usage
2025-04-28 23:44:20 ++ Certificate has EKU (str) TLS Web Server Authentication, expects TLS Web Server Authentication
2025-04-28 23:44:20 VERIFY EKU OK
2025-04-28 23:44:20 VERIFY X509NAME OK: CN=be197.nordvpn.com
2025-04-28 23:44:20 VERIFY OK: depth=0, CN=be197.nordvpn.com
2025-04-28 23:44:20 Outgoing Data Channel: Cipher 'AES-256-GCM' initialized with 256 bit key
2025-04-28 23:44:20 Incoming Data Channel: Cipher 'AES-256-GCM' initialized with 256 bit key
2025-04-28 23:44:20 Control Channel: TLSv1.3, cipher TLSv1.3 TLS_AES_256_GCM_SHA384, peer certificate: 4096 bit RSA, signature: RSA-SHA512
2025-04-29 00:40:45 VERIFY OK: depth=2, C=PA, O=NordVPN, CN=NordVPN Root CA
2025-04-29 00:40:45 VERIFY OK: depth=1, O=NordVPN, CN=NordVPN CA10
2025-04-29 00:40:45 VERIFY KU OK
2025-04-29 00:40:45 Validating certificate extended key usage
2025-04-29 00:40:45 ++ Certificate has EKU (str) TLS Web Server Authentication, expects TLS Web Server Authentication
2025-04-29 00:40:45 VERIFY EKU OK
2025-04-29 00:40:45 VERIFY X509NAME OK: CN=be197.nordvpn.com
2025-04-29 00:40:45 VERIFY OK: depth=0, CN=be197.nordvpn.com
2025-04-29 00:40:45 Outgoing Data Channel: Cipher 'AES-256-GCM' initialized with 256 bit key
2025-04-29 00:40:45 Incoming Data Channel: Cipher 'AES-256-GCM' initialized with 256 bit key
2025-04-29 00:40:45 Control Channel: TLSv1.3, cipher TLSv1.3 TLS_AES_256_GCM_SHA384, peer certificate: 4096 bit RSA, signature: RSA-SHA512
2025-04-29 01:37:10 VERIFY OK: depth=2, C=PA, O=NordVPN, CN=NordVPN Root CA
2025-04-29 01:37:10 VERIFY OK: depth=1, O=NordVPN, CN=NordVPN CA10
2025-04-29 01:37:10 VERIFY KU OK
2025-04-29 01:37:10 Validating certificate extended key usage
2025-04-29 01:37:10 ++ Certificate has EKU (str) TLS Web Server Authentication, expects TLS Web Server Authentication
2025-04-29 01:37:10 VERIFY EKU OK
2025-04-29 01:37:10 VERIFY X509NAME OK: CN=be197.nordvpn.com
2025-04-29 01:37:10 VERIFY OK: depth=0, CN=be197.nordvpn.com
2025-04-29 01:37:10 Outgoing Data Channel: Cipher 'AES-256-GCM' initialized with 256 bit key
2025-04-29 01:37:10 Incoming Data Channel: Cipher 'AES-256-GCM' initialized with 256 bit key
2025-04-29 01:37:10 Control Channel: TLSv1.3, cipher TLSv1.3 TLS_AES_256_GCM_SHA384, peer certificate: 4096 bit RSA, signature: RSA-SHA512
2025-04-29 02:33:34 VERIFY OK: depth=2, C=PA, O=NordVPN, CN=NordVPN Root CA
2025-04-29 02:33:34 VERIFY OK: depth=1, O=NordVPN, CN=NordVPN CA10
2025-04-29 02:33:34 VERIFY KU OK
2025-04-29 02:33:34 Validating certificate extended key usage
2025-04-29 02:33:34 ++ Certificate has EKU (str) TLS Web Server Authentication, expects TLS Web Server Authentication
2025-04-29 02:33:34 VERIFY EKU OK
2025-04-29 02:33:34 VERIFY X509NAME OK: CN=be197.nordvpn.com
2025-04-29 02:33:34 VERIFY OK: depth=0, CN=be197.nordvpn.com
2025-04-29 02:33:34 Outgoing Data Channel: Cipher 'AES-256-GCM' initialized with 256 bit key
2025-04-29 02:33:34 Incoming Data Channel: Cipher 'AES-256-GCM' initialized with 256 bit key
2025-04-29 02:33:34 Control Channel: TLSv1.3, cipher TLSv1.3 TLS_AES_256_GCM_SHA384, peer certificate: 4096 bit RSA, signature: RSA-SHA512
2025-04-29 03:29:58 VERIFY OK: depth=2, C=PA, O=NordVPN, CN=NordVPN Root CA
2025-04-29 03:29:58 VERIFY OK: depth=1, O=NordVPN, CN=NordVPN CA10
2025-04-29 03:29:58 VERIFY KU OK
2025-04-29 03:29:58 Validating certificate extended key usage
2025-04-29 03:29:58 ++ Certificate has EKU (str) TLS Web Server Authentication, expects TLS Web Server Authentication
2025-04-29 03:29:58 VERIFY EKU OK
2025-04-29 03:29:58 VERIFY X509NAME OK: CN=be197.nordvpn.com
2025-04-29 03:29:58 VERIFY OK: depth=0, CN=be197.nordvpn.com
2025-04-29 03:29:58 Outgoing Data Channel: Cipher 'AES-256-GCM' initialized with 256 bit key
2025-04-29 03:29:58 Incoming Data Channel: Cipher 'AES-256-GCM' initialized with 256 bit key
2025-04-29 03:29:58 Control Channel: TLSv1.3, cipher TLSv1.3 TLS_AES_256_GCM_SHA384, peer certificate: 4096 bit RSA, signature: RSA-SHA512
2025-04-29 04:26:22 VERIFY OK: depth=2, C=PA, O=NordVPN, CN=NordVPN Root CA
2025-04-29 04:26:22 VERIFY OK: depth=1, O=NordVPN, CN=NordVPN CA10
2025-04-29 04:26:22 VERIFY KU OK
2025-04-29 04:26:22 Validating certificate extended key usage
2025-04-29 04:26:22 ++ Certificate has EKU (str) TLS Web Server Authentication, expects TLS Web Server Authentication
2025-04-29 04:26:22 VERIFY EKU OK
2025-04-29 04:26:22 VERIFY X509NAME OK: CN=be197.nordvpn.com
2025-04-29 04:26:22 VERIFY OK: depth=0, CN=be197.nordvpn.com
2025-04-29 04:26:22 Outgoing Data Channel: Cipher 'AES-256-GCM' initialized with 256 bit key
2025-04-29 04:26:22 Incoming Data Channel: Cipher 'AES-256-GCM' initialized with 256 bit key
2025-04-29 04:26:22 Control Channel: TLSv1.3, cipher TLSv1.3 TLS_AES_256_GCM_SHA384, peer certificate: 4096 bit RSA, signature: RSA-SHA512
2025-04-29 05:22:46 VERIFY OK: depth=2, C=PA, O=NordVPN, CN=NordVPN Root CA
2025-04-29 05:22:46 VERIFY OK: depth=1, O=NordVPN, CN=NordVPN CA10
2025-04-29 05:22:46 VERIFY KU OK
2025-04-29 05:22:46 Validating certificate extended key usage
2025-04-29 05:22:46 ++ Certificate has EKU (str) TLS Web Server Authentication, expects TLS Web Server Authentication
2025-04-29 05:22:46 VERIFY EKU OK
2025-04-29 05:22:46 VERIFY X509NAME OK: CN=be197.nordvpn.com
2025-04-29 05:22:46 VERIFY OK: depth=0, CN=be197.nordvpn.com
2025-04-29 05:22:46 Outgoing Data Channel: Cipher 'AES-256-GCM' initialized with 256 bit key
2025-04-29 05:22:46 Incoming Data Channel: Cipher 'AES-256-GCM' initialized with 256 bit key
2025-04-29 05:22:46 Control Channel: TLSv1.3, cipher TLSv1.3 TLS_AES_256_GCM_SHA384, peer certificate: 4096 bit RSA, signature: RSA-SHA512
2025-04-29 06:19:10 VERIFY OK: depth=2, C=PA, O=NordVPN, CN=NordVPN Root CA
2025-04-29 06:19:10 VERIFY OK: depth=1, O=NordVPN, CN=NordVPN CA10
2025-04-29 06:19:10 VERIFY KU OK
2025-04-29 06:19:10 Validating certificate extended key usage
2025-04-29 06:19:10 ++ Certificate has EKU (str) TLS Web Server Authentication, expects TLS Web Server Authentication
2025-04-29 06:19:10 VERIFY EKU OK
2025-04-29 06:19:10 VERIFY X509NAME OK: CN=be197.nordvpn.com
2025-04-29 06:19:10 VERIFY OK: depth=0, CN=be197.nordvpn.com
2025-04-29 06:19:10 Outgoing Data Channel: Cipher 'AES-256-GCM' initialized with 256 bit key
2025-04-29 06:19:10 Incoming Data Channel: Cipher 'AES-256-GCM' initialized with 256 bit key
2025-04-29 06:19:10 Control Channel: TLSv1.3, cipher TLSv1.3 TLS_AES_256_GCM_SHA384, peer certificate: 4096 bit RSA, signature: RSA-SHA512
2025-04-29 07:15:34 VERIFY OK: depth=2, C=PA, O=NordVPN, CN=NordVPN Root CA
2025-04-29 07:15:34 VERIFY OK: depth=1, O=NordVPN, CN=NordVPN CA10
2025-04-29 07:15:34 VERIFY KU OK
2025-04-29 07:15:34 Validating certificate extended key usage
2025-04-29 07:15:34 ++ Certificate has EKU (str) TLS Web Server Authentication, expects TLS Web Server Authentication
2025-04-29 07:15:34 VERIFY EKU OK
2025-04-29 07:15:34 VERIFY X509NAME OK: CN=be197.nordvpn.com
2025-04-29 07:15:34 VERIFY OK: depth=0, CN=be197.nordvpn.com
2025-04-29 07:15:34 Outgoing Data Channel: Cipher 'AES-256-GCM' initialized with 256 bit key
2025-04-29 07:15:34 Incoming Data Channel: Cipher 'AES-256-GCM' initialized with 256 bit key
2025-04-29 07:15:34 Control Channel: TLSv1.3, cipher TLSv1.3 TLS_AES_256_GCM_SHA384, peer certificate: 4096 bit RSA, signature: RSA-SHA512
2025-04-29 08:11:58 VERIFY OK: depth=2, C=PA, O=NordVPN, CN=NordVPN Root CA
2025-04-29 08:11:58 VERIFY OK: depth=1, O=NordVPN, CN=NordVPN CA10
2025-04-29 08:11:58 VERIFY KU OK
2025-04-29 08:11:58 Validating certificate extended key usage
2025-04-29 08:11:58 ++ Certificate has EKU (str) TLS Web Server Authentication, expects TLS Web Server Authentication
2025-04-29 08:11:58 VERIFY EKU OK
2025-04-29 08:11:58 VERIFY X509NAME OK: CN=be197.nordvpn.com
2025-04-29 08:11:58 VERIFY OK: depth=0, CN=be197.nordvpn.com
2025-04-29 08:11:58 Outgoing Data Channel: Cipher 'AES-256-GCM' initialized with 256 bit key
2025-04-29 08:11:58 Incoming Data Channel: Cipher 'AES-256-GCM' initialized with 256 bit key
2025-04-29 08:11:58 Control Channel: TLSv1.3, cipher TLSv1.3 TLS_AES_256_GCM_SHA384, peer certificate: 4096 bit RSA, signature: RSA-SHA512
2025-04-29 09:08:22 VERIFY OK: depth=2, C=PA, O=NordVPN, CN=NordVPN Root CA
2025-04-29 09:08:22 VERIFY OK: depth=1, O=NordVPN, CN=NordVPN CA10
2025-04-29 09:08:22 VERIFY KU OK
2025-04-29 09:08:22 Validating certificate extended key usage
2025-04-29 09:08:22 ++ Certificate has EKU (str) TLS Web Server Authentication, expects TLS Web Server Authentication
2025-04-29 09:08:22 VERIFY EKU OK
2025-04-29 09:08:22 VERIFY X509NAME OK: CN=be197.nordvpn.com
2025-04-29 09:08:22 VERIFY OK: depth=0, CN=be197.nordvpn.com
2025-04-29 09:08:22 Outgoing Data Channel: Cipher 'AES-256-GCM' initialized with 256 bit key
2025-04-29 09:08:22 Incoming Data Channel: Cipher 'AES-256-GCM' initialized with 256 bit key
2025-04-29 09:08:22 Control Channel: TLSv1.3, cipher TLSv1.3 TLS_AES_256_GCM_SHA384, peer certificate: 4096 bit RSA, signature: RSA-SHA512
2025-04-29 10:04:46 VERIFY OK: depth=2, C=PA, O=NordVPN, CN=NordVPN Root CA
2025-04-29 10:04:46 VERIFY OK: depth=1, O=NordVPN, CN=NordVPN CA10
2025-04-29 10:04:46 VERIFY KU OK
2025-04-29 10:04:46 Validating certificate extended key usage
2025-04-29 10:04:46 ++ Certificate has EKU (str) TLS Web Server Authentication, expects TLS Web Server Authentication
2025-04-29 10:04:46 VERIFY EKU OK
2025-04-29 10:04:46 VERIFY X509NAME OK: CN=be197.nordvpn.com
2025-04-29 10:04:46 VERIFY OK: depth=0, CN=be197.nordvpn.com
2025-04-29 10:04:46 Outgoing Data Channel: Cipher 'AES-256-GCM' initialized with 256 bit key
2025-04-29 10:04:46 Incoming Data Channel: Cipher 'AES-256-GCM' initialized with 256 bit key
2025-04-29 10:04:46 Control Channel: TLSv1.3, cipher TLSv1.3 TLS_AES_256_GCM_SHA384, peer certificate: 4096 bit RSA, signature: RSA-SHA512
2025-04-29 11:01:12 VERIFY OK: depth=2, C=PA, O=NordVPN, CN=NordVPN Root CA
2025-04-29 11:01:12 VERIFY OK: depth=1, O=NordVPN, CN=NordVPN CA10
2025-04-29 11:01:12 VERIFY KU OK
2025-04-29 11:01:12 Validating certificate extended key usage
2025-04-29 11:01:12 ++ Certificate has EKU (str) TLS Web Server Authentication, expects TLS Web Server Authentication
2025-04-29 11:01:12 VERIFY EKU OK
2025-04-29 11:01:12 VERIFY X509NAME OK: CN=be197.nordvpn.com
2025-04-29 11:01:12 VERIFY OK: depth=0, CN=be197.nordvpn.com
2025-04-29 11:01:12 Outgoing Data Channel: Cipher 'AES-256-GCM' initialized with 256 bit key
2025-04-29 11:01:12 Incoming Data Channel: Cipher 'AES-256-GCM' initialized with 256 bit key
2025-04-29 11:01:12 Control Channel: TLSv1.3, cipher TLSv1.3 TLS_AES_256_GCM_SHA384, peer certificate: 4096 bit RSA, signature: RSA-SHA512
2025-04-29 11:57:36 VERIFY OK: depth=2, C=PA, O=NordVPN, CN=NordVPN Root CA
2025-04-29 11:57:36 VERIFY OK: depth=1, O=NordVPN, CN=NordVPN CA10
2025-04-29 11:57:36 VERIFY KU OK
2025-04-29 11:57:36 Validating certificate extended key usage
2025-04-29 11:57:36 ++ Certificate has EKU (str) TLS Web Server Authentication, expects TLS Web Server Authentication
2025-04-29 11:57:36 VERIFY EKU OK
2025-04-29 11:57:36 VERIFY X509NAME OK: CN=be197.nordvpn.com
2025-04-29 11:57:36 VERIFY OK: depth=0, CN=be197.nordvpn.com
2025-04-29 11:57:36 Outgoing Data Channel: Cipher 'AES-256-GCM' initialized with 256 bit key
2025-04-29 11:57:36 Incoming Data Channel: Cipher 'AES-256-GCM' initialized with 256 bit key
2025-04-29 11:57:36 Control Channel: TLSv1.3, cipher TLSv1.3 TLS_AES_256_GCM_SHA384, peer certificate: 4096 bit RSA, signature: RSA-SHA512
2025-04-29 12:54:00 VERIFY OK: depth=2, C=PA, O=NordVPN, CN=NordVPN Root CA
2025-04-29 12:54:00 VERIFY OK: depth=1, O=NordVPN, CN=NordVPN CA10
2025-04-29 12:54:00 VERIFY KU OK
2025-04-29 12:54:00 Validating certificate extended key usage
2025-04-29 12:54:00 ++ Certificate has EKU (str) TLS Web Server Authentication, expects TLS Web Server Authentication
2025-04-29 12:54:00 VERIFY EKU OK
2025-04-29 12:54:00 VERIFY X509NAME OK: CN=be197.nordvpn.com
2025-04-29 12:54:00 VERIFY OK: depth=0, CN=be197.nordvpn.com
2025-04-29 12:54:00 Outgoing Data Channel: Cipher 'AES-256-GCM' initialized with 256 bit key
2025-04-29 12:54:00 Incoming Data Channel: Cipher 'AES-256-GCM' initialized with 256 bit key
2025-04-29 12:54:00 Control Channel: TLSv1.3, cipher TLSv1.3 TLS_AES_256_GCM_SHA384, peer certificate: 4096 bit RSA, signature: RSA-SHA512
