2025-04-28 12:14:39 DEPRECATED OPTION: --cipher set to 'AES-256-CBC' but missing in --data-ciphers (AES-256-GCM:AES-128-GCM). Future OpenVPN version will ignore --cipher for cipher negotiations. Add 'AES-256-CBC' to --data-ciphers or change --cipher 'AES-256-CBC' to --data-ciphers-fallback 'AES-256-CBC' to silence this warning.
2025-04-28 12:14:39 OpenVPN 2.5.11 x86_64-pc-linux-gnu [SSL (OpenSSL)] [LZO] [LZ4] [EPOLL] [PKCS11] [MH/PKTINFO] [AEAD] built on Sep 17 2024
2025-04-28 12:14:39 library versions: OpenSSL 3.0.2 15 Mar 2022, LZO 2.10
2025-04-28 12:14:39 WARNING: --ping should normally be used with --ping-restart or --ping-exit
2025-04-28 12:14:39 Outgoing Control Channel Authentication: Using 512 bit message hash 'SHA512' for HMAC authentication
2025-04-28 12:14:39 Incoming Control Channel Authentication: Using 512 bit message hash 'SHA512' for HMAC authentication
2025-04-28 12:14:39 TCP/UDP: Preserving recently used remote address: [AF_INET]77.243.191.83:1194
2025-04-28 12:14:39 Socket Buffers: R=[212992->212992] S=[212992->212992]
2025-04-28 12:14:39 UDP link local: (not bound)
2025-04-28 12:14:39 UDP link remote: [AF_INET]77.243.191.83:1194
2025-04-28 12:14:39 TLS: Initial packet from [AF_INET]77.243.191.83:1194, sid=4ce1eaab 0636abcf
2025-04-28 12:14:39 WARNING: this configuration may cache passwords in memory -- use the auth-nocache option to prevent this
2025-04-28 12:14:39 VERIFY OK: depth=2, C=PA, O=NordVPN, CN=NordVPN Root CA
2025-04-28 12:14:39 VERIFY OK: depth=1, O=NordVPN, CN=NordVPN CA10
2025-04-28 12:14:39 VERIFY KU OK
2025-04-28 12:14:39 Validating certificate extended key usage
2025-04-28 12:14:39 ++ Certificate has EKU (str) TLS Web Server Authentication, expects TLS Web Server Authentication
2025-04-28 12:14:39 VERIFY EKU OK
2025-04-28 12:14:39 VERIFY X509NAME OK: CN=be169.nordvpn.com
2025-04-28 12:14:39 VERIFY OK: depth=0, CN=be169.nordvpn.com
2025-04-28 12:14:39 Control Channel: TLSv1.3, cipher TLSv1.3 TLS_AES_256_GCM_SHA384, peer certificate: 4096 bit RSA, signature: RSA-SHA512
2025-04-28 12:14:39 [be169.nordvpn.com] Peer Connection Initiated with [AF_INET]77.243.191.83:1194
2025-04-28 12:14:40 SENT CONTROL [be169.nordvpn.com]: 'PUSH_REQUEST' (status=1)
2025-04-28 12:14:40 PUSH: Received control message: 'PUSH_REPLY,redirect-gateway def1,dhcp-option DNS 103.86.96.100,dhcp-option DNS 103.86.99.100,explicit-exit-notify,comp-lzo no,route-gateway 10.100.0.1,topology subnet,ping 60,ping-restart 180,ifconfig 10.100.0.2 255.255.0.0,peer-id 8,cipher AES-256-GCM'
2025-04-28 12:14:40 Options error: option 'redirect-gateway' cannot be used in this context ([PUSH-OPTIONS])
2025-04-28 12:14:40 Options error: option 'dhcp-option' cannot be used in this context ([PUSH-OPTIONS])
2025-04-28 12:14:40 Options error: option 'dhcp-option' cannot be used in this context ([PUSH-OPTIONS])
2025-04-28 12:14:40 OPTIONS IMPORT: timers and/or timeouts modified
2025-04-28 12:14:40 OPTIONS IMPORT: explicit notify parm(s) modified
2025-04-28 12:14:40 OPTIONS IMPORT: compression parms modified
2025-04-28 12:14:40 OPTIONS IMPORT: --ifconfig/up options modified
2025-04-28 12:14:40 OPTIONS IMPORT: route-related options modified
2025-04-28 12:14:40 OPTIONS IMPORT: peer-id set
2025-04-28 12:14:40 OPTIONS IMPORT: adjusting link_mtu to 1657
2025-04-28 12:14:40 OPTIONS IMPORT: data channel crypto options modified
2025-04-28 12:14:40 Data Channel: using negotiated cipher 'AES-256-GCM'
2025-04-28 12:14:40 Outgoing Data Channel: Cipher 'AES-256-GCM' initialized with 256 bit key
2025-04-28 12:14:40 Incoming Data Channel: Cipher 'AES-256-GCM' initialized with 256 bit key
2025-04-28 12:14:40 TUN/TAP device tun0 opened
2025-04-28 12:14:40 net_iface_mtu_set: mtu 1500 for tun0
2025-04-28 12:14:40 net_iface_up: set tun0 up
2025-04-28 12:14:40 net_addr_v4_add: 10.100.0.2/16 dev tun0
2025-04-28 12:14:40 Initialization Sequence Completed
2025-04-28 13:12:49 VERIFY OK: depth=2, C=PA, O=NordVPN, CN=NordVPN Root CA
2025-04-28 13:12:49 VERIFY OK: depth=1, O=NordVPN, CN=NordVPN CA10
2025-04-28 13:12:49 VERIFY KU OK
2025-04-28 13:12:49 Validating certificate extended key usage
2025-04-28 13:12:49 ++ Certificate has EKU (str) TLS Web Server Authentication, expects TLS Web Server Authentication
2025-04-28 13:12:49 VERIFY EKU OK
2025-04-28 13:12:49 VERIFY X509NAME OK: CN=be169.nordvpn.com
2025-04-28 13:12:49 VERIFY OK: depth=0, CN=be169.nordvpn.com
2025-04-28 13:12:49 Outgoing Data Channel: Cipher 'AES-256-GCM' initialized with 256 bit key
2025-04-28 13:12:49 Incoming Data Channel: Cipher 'AES-256-GCM' initialized with 256 bit key
2025-04-28 13:12:49 Control Channel: TLSv1.3, cipher TLSv1.3 TLS_AES_256_GCM_SHA384, peer certificate: 4096 bit RSA, signature: RSA-SHA512
2025-04-28 14:10:59 VERIFY OK: depth=2, C=PA, O=NordVPN, CN=NordVPN Root CA
2025-04-28 14:10:59 VERIFY OK: depth=1, O=NordVPN, CN=NordVPN CA10
2025-04-28 14:10:59 VERIFY KU OK
2025-04-28 14:10:59 Validating certificate extended key usage
2025-04-28 14:10:59 ++ Certificate has EKU (str) TLS Web Server Authentication, expects TLS Web Server Authentication
2025-04-28 14:10:59 VERIFY EKU OK
2025-04-28 14:10:59 VERIFY X509NAME OK: CN=be169.nordvpn.com
2025-04-28 14:10:59 VERIFY OK: depth=0, CN=be169.nordvpn.com
2025-04-28 14:10:59 Outgoing Data Channel: Cipher 'AES-256-GCM' initialized with 256 bit key
2025-04-28 14:10:59 Incoming Data Channel: Cipher 'AES-256-GCM' initialized with 256 bit key
2025-04-28 14:10:59 Control Channel: TLSv1.3, cipher TLSv1.3 TLS_AES_256_GCM_SHA384, peer certificate: 4096 bit RSA, signature: RSA-SHA512
2025-04-28 15:09:09 VERIFY OK: depth=2, C=PA, O=NordVPN, CN=NordVPN Root CA
2025-04-28 15:09:09 VERIFY OK: depth=1, O=NordVPN, CN=NordVPN CA10
2025-04-28 15:09:09 VERIFY KU OK
2025-04-28 15:09:09 Validating certificate extended key usage
2025-04-28 15:09:09 ++ Certificate has EKU (str) TLS Web Server Authentication, expects TLS Web Server Authentication
2025-04-28 15:09:09 VERIFY EKU OK
2025-04-28 15:09:09 VERIFY X509NAME OK: CN=be169.nordvpn.com
2025-04-28 15:09:09 VERIFY OK: depth=0, CN=be169.nordvpn.com
2025-04-28 15:09:09 Outgoing Data Channel: Cipher 'AES-256-GCM' initialized with 256 bit key
2025-04-28 15:09:09 Incoming Data Channel: Cipher 'AES-256-GCM' initialized with 256 bit key
2025-04-28 15:09:09 Control Channel: TLSv1.3, cipher TLSv1.3 TLS_AES_256_GCM_SHA384, peer certificate: 4096 bit RSA, signature: RSA-SHA512
2025-04-28 16:07:19 VERIFY OK: depth=2, C=PA, O=NordVPN, CN=NordVPN Root CA
2025-04-28 16:07:19 VERIFY OK: depth=1, O=NordVPN, CN=NordVPN CA10
2025-04-28 16:07:19 VERIFY KU OK
2025-04-28 16:07:19 Validating certificate extended key usage
2025-04-28 16:07:19 ++ Certificate has EKU (str) TLS Web Server Authentication, expects TLS Web Server Authentication
2025-04-28 16:07:19 VERIFY EKU OK
2025-04-28 16:07:19 VERIFY X509NAME OK: CN=be169.nordvpn.com
2025-04-28 16:07:19 VERIFY OK: depth=0, CN=be169.nordvpn.com
2025-04-28 16:07:19 Outgoing Data Channel: Cipher 'AES-256-GCM' initialized with 256 bit key
2025-04-28 16:07:19 Incoming Data Channel: Cipher 'AES-256-GCM' initialized with 256 bit key
2025-04-28 16:07:19 Control Channel: TLSv1.3, cipher TLSv1.3 TLS_AES_256_GCM_SHA384, peer certificate: 4096 bit RSA, signature: RSA-SHA512
2025-04-28 17:05:29 VERIFY OK: depth=2, C=PA, O=NordVPN, CN=NordVPN Root CA
2025-04-28 17:05:29 VERIFY OK: depth=1, O=NordVPN, CN=NordVPN CA10
2025-04-28 17:05:29 VERIFY KU OK
2025-04-28 17:05:29 Validating certificate extended key usage
2025-04-28 17:05:29 ++ Certificate has EKU (str) TLS Web Server Authentication, expects TLS Web Server Authentication
2025-04-28 17:05:29 VERIFY EKU OK
2025-04-28 17:05:29 VERIFY X509NAME OK: CN=be169.nordvpn.com
2025-04-28 17:05:29 VERIFY OK: depth=0, CN=be169.nordvpn.com
2025-04-28 17:05:29 Outgoing Data Channel: Cipher 'AES-256-GCM' initialized with 256 bit key
2025-04-28 17:05:29 Incoming Data Channel: Cipher 'AES-256-GCM' initialized with 256 bit key
2025-04-28 17:05:29 Control Channel: TLSv1.3, cipher TLSv1.3 TLS_AES_256_GCM_SHA384, peer certificate: 4096 bit RSA, signature: RSA-SHA512
2025-04-28 18:03:39 VERIFY OK: depth=2, C=PA, O=NordVPN, CN=NordVPN Root CA
2025-04-28 18:03:39 VERIFY OK: depth=1, O=NordVPN, CN=NordVPN CA10
2025-04-28 18:03:39 VERIFY KU OK
2025-04-28 18:03:39 Validating certificate extended key usage
2025-04-28 18:03:39 ++ Certificate has EKU (str) TLS Web Server Authentication, expects TLS Web Server Authentication
2025-04-28 18:03:39 VERIFY EKU OK
2025-04-28 18:03:39 VERIFY X509NAME OK: CN=be169.nordvpn.com
2025-04-28 18:03:39 VERIFY OK: depth=0, CN=be169.nordvpn.com
2025-04-28 18:03:39 Outgoing Data Channel: Cipher 'AES-256-GCM' initialized with 256 bit key
2025-04-28 18:03:39 Incoming Data Channel: Cipher 'AES-256-GCM' initialized with 256 bit key
2025-04-28 18:03:39 Control Channel: TLSv1.3, cipher TLSv1.3 TLS_AES_256_GCM_SHA384, peer certificate: 4096 bit RSA, signature: RSA-SHA512
2025-04-28 19:01:49 VERIFY OK: depth=2, C=PA, O=NordVPN, CN=NordVPN Root CA
2025-04-28 19:01:49 VERIFY OK: depth=1, O=NordVPN, CN=NordVPN CA10
2025-04-28 19:01:49 VERIFY KU OK
2025-04-28 19:01:49 Validating certificate extended key usage
2025-04-28 19:01:49 ++ Certificate has EKU (str) TLS Web Server Authentication, expects TLS Web Server Authentication
2025-04-28 19:01:49 VERIFY EKU OK
2025-04-28 19:01:49 VERIFY X509NAME OK: CN=be169.nordvpn.com
2025-04-28 19:01:49 VERIFY OK: depth=0, CN=be169.nordvpn.com
2025-04-28 19:01:49 Outgoing Data Channel: Cipher 'AES-256-GCM' initialized with 256 bit key
2025-04-28 19:01:49 Incoming Data Channel: Cipher 'AES-256-GCM' initialized with 256 bit key
2025-04-28 19:01:49 Control Channel: TLSv1.3, cipher TLSv1.3 TLS_AES_256_GCM_SHA384, peer certificate: 4096 bit RSA, signature: RSA-SHA512
2025-04-28 19:59:59 VERIFY OK: depth=2, C=PA, O=NordVPN, CN=NordVPN Root CA
2025-04-28 19:59:59 VERIFY OK: depth=1, O=NordVPN, CN=NordVPN CA10
2025-04-28 19:59:59 VERIFY KU OK
2025-04-28 19:59:59 Validating certificate extended key usage
2025-04-28 19:59:59 ++ Certificate has EKU (str) TLS Web Server Authentication, expects TLS Web Server Authentication
2025-04-28 19:59:59 VERIFY EKU OK
2025-04-28 19:59:59 VERIFY X509NAME OK: CN=be169.nordvpn.com
2025-04-28 19:59:59 VERIFY OK: depth=0, CN=be169.nordvpn.com
2025-04-28 19:59:59 Outgoing Data Channel: Cipher 'AES-256-GCM' initialized with 256 bit key
2025-04-28 19:59:59 Incoming Data Channel: Cipher 'AES-256-GCM' initialized with 256 bit key
2025-04-28 19:59:59 Control Channel: TLSv1.3, cipher TLSv1.3 TLS_AES_256_GCM_SHA384, peer certificate: 4096 bit RSA, signature: RSA-SHA512
2025-04-28 20:58:09 VERIFY OK: depth=2, C=PA, O=NordVPN, CN=NordVPN Root CA
2025-04-28 20:58:09 VERIFY OK: depth=1, O=NordVPN, CN=NordVPN CA10
2025-04-28 20:58:09 VERIFY KU OK
2025-04-28 20:58:09 Validating certificate extended key usage
2025-04-28 20:58:09 ++ Certificate has EKU (str) TLS Web Server Authentication, expects TLS Web Server Authentication
2025-04-28 20:58:09 VERIFY EKU OK
2025-04-28 20:58:09 VERIFY X509NAME OK: CN=be169.nordvpn.com
2025-04-28 20:58:09 VERIFY OK: depth=0, CN=be169.nordvpn.com
2025-04-28 20:58:09 Outgoing Data Channel: Cipher 'AES-256-GCM' initialized with 256 bit key
2025-04-28 20:58:09 Incoming Data Channel: Cipher 'AES-256-GCM' initialized with 256 bit key
2025-04-28 20:58:09 Control Channel: TLSv1.3, cipher TLSv1.3 TLS_AES_256_GCM_SHA384, peer certificate: 4096 bit RSA, signature: RSA-SHA512
2025-04-28 21:56:19 VERIFY OK: depth=2, C=PA, O=NordVPN, CN=NordVPN Root CA
2025-04-28 21:56:19 VERIFY OK: depth=1, O=NordVPN, CN=NordVPN CA10
2025-04-28 21:56:19 VERIFY KU OK
2025-04-28 21:56:19 Validating certificate extended key usage
2025-04-28 21:56:19 ++ Certificate has EKU (str) TLS Web Server Authentication, expects TLS Web Server Authentication
2025-04-28 21:56:19 VERIFY EKU OK
2025-04-28 21:56:19 VERIFY X509NAME OK: CN=be169.nordvpn.com
2025-04-28 21:56:19 VERIFY OK: depth=0, CN=be169.nordvpn.com
2025-04-28 21:56:20 Outgoing Data Channel: Cipher 'AES-256-GCM' initialized with 256 bit key
2025-04-28 21:56:20 Incoming Data Channel: Cipher 'AES-256-GCM' initialized with 256 bit key
2025-04-28 21:56:20 Control Channel: TLSv1.3, cipher TLSv1.3 TLS_AES_256_GCM_SHA384, peer certificate: 4096 bit RSA, signature: RSA-SHA512
2025-04-28 22:54:30 VERIFY OK: depth=2, C=PA, O=NordVPN, CN=NordVPN Root CA
2025-04-28 22:54:30 VERIFY OK: depth=1, O=NordVPN, CN=NordVPN CA10
2025-04-28 22:54:30 VERIFY KU OK
2025-04-28 22:54:30 Validating certificate extended key usage
2025-04-28 22:54:30 ++ Certificate has EKU (str) TLS Web Server Authentication, expects TLS Web Server Authentication
2025-04-28 22:54:30 VERIFY EKU OK
2025-04-28 22:54:30 VERIFY X509NAME OK: CN=be169.nordvpn.com
2025-04-28 22:54:30 VERIFY OK: depth=0, CN=be169.nordvpn.com
2025-04-28 22:54:30 Outgoing Data Channel: Cipher 'AES-256-GCM' initialized with 256 bit key
2025-04-28 22:54:30 Incoming Data Channel: Cipher 'AES-256-GCM' initialized with 256 bit key
2025-04-28 22:54:30 Control Channel: TLSv1.3, cipher TLSv1.3 TLS_AES_256_GCM_SHA384, peer certificate: 4096 bit RSA, signature: RSA-SHA512
2025-04-28 23:52:40 VERIFY OK: depth=2, C=PA, O=NordVPN, CN=NordVPN Root CA
2025-04-28 23:52:40 VERIFY OK: depth=1, O=NordVPN, CN=NordVPN CA10
2025-04-28 23:52:40 VERIFY KU OK
2025-04-28 23:52:40 Validating certificate extended key usage
2025-04-28 23:52:40 ++ Certificate has EKU (str) TLS Web Server Authentication, expects TLS Web Server Authentication
2025-04-28 23:52:40 VERIFY EKU OK
2025-04-28 23:52:40 VERIFY X509NAME OK: CN=be169.nordvpn.com
2025-04-28 23:52:40 VERIFY OK: depth=0, CN=be169.nordvpn.com
2025-04-28 23:52:40 Outgoing Data Channel: Cipher 'AES-256-GCM' initialized with 256 bit key
2025-04-28 23:52:40 Incoming Data Channel: Cipher 'AES-256-GCM' initialized with 256 bit key
2025-04-28 23:52:40 Control Channel: TLSv1.3, cipher TLSv1.3 TLS_AES_256_GCM_SHA384, peer certificate: 4096 bit RSA, signature: RSA-SHA512
2025-04-29 00:50:50 VERIFY OK: depth=2, C=PA, O=NordVPN, CN=NordVPN Root CA
2025-04-29 00:50:50 VERIFY OK: depth=1, O=NordVPN, CN=NordVPN CA10
2025-04-29 00:50:50 VERIFY KU OK
2025-04-29 00:50:50 Validating certificate extended key usage
2025-04-29 00:50:50 ++ Certificate has EKU (str) TLS Web Server Authentication, expects TLS Web Server Authentication
2025-04-29 00:50:50 VERIFY EKU OK
2025-04-29 00:50:50 VERIFY X509NAME OK: CN=be169.nordvpn.com
2025-04-29 00:50:50 VERIFY OK: depth=0, CN=be169.nordvpn.com
2025-04-29 00:50:50 Outgoing Data Channel: Cipher 'AES-256-GCM' initialized with 256 bit key
2025-04-29 00:50:50 Incoming Data Channel: Cipher 'AES-256-GCM' initialized with 256 bit key
2025-04-29 00:50:50 Control Channel: TLSv1.3, cipher TLSv1.3 TLS_AES_256_GCM_SHA384, peer certificate: 4096 bit RSA, signature: RSA-SHA512
2025-04-29 01:49:00 VERIFY OK: depth=2, C=PA, O=NordVPN, CN=NordVPN Root CA
2025-04-29 01:49:00 VERIFY OK: depth=1, O=NordVPN, CN=NordVPN CA10
2025-04-29 01:49:00 VERIFY KU OK
2025-04-29 01:49:00 Validating certificate extended key usage
2025-04-29 01:49:00 ++ Certificate has EKU (str) TLS Web Server Authentication, expects TLS Web Server Authentication
2025-04-29 01:49:00 VERIFY EKU OK
2025-04-29 01:49:00 VERIFY X509NAME OK: CN=be169.nordvpn.com
2025-04-29 01:49:00 VERIFY OK: depth=0, CN=be169.nordvpn.com
2025-04-29 01:49:00 Outgoing Data Channel: Cipher 'AES-256-GCM' initialized with 256 bit key
2025-04-29 01:49:00 Incoming Data Channel: Cipher 'AES-256-GCM' initialized with 256 bit key
2025-04-29 01:49:00 Control Channel: TLSv1.3, cipher TLSv1.3 TLS_AES_256_GCM_SHA384, peer certificate: 4096 bit RSA, signature: RSA-SHA512
2025-04-29 02:47:10 VERIFY OK: depth=2, C=PA, O=NordVPN, CN=NordVPN Root CA
2025-04-29 02:47:10 VERIFY OK: depth=1, O=NordVPN, CN=NordVPN CA10
2025-04-29 02:47:10 VERIFY KU OK
2025-04-29 02:47:10 Validating certificate extended key usage
2025-04-29 02:47:10 ++ Certificate has EKU (str) TLS Web Server Authentication, expects TLS Web Server Authentication
2025-04-29 02:47:10 VERIFY EKU OK
2025-04-29 02:47:10 VERIFY X509NAME OK: CN=be169.nordvpn.com
2025-04-29 02:47:10 VERIFY OK: depth=0, CN=be169.nordvpn.com
2025-04-29 02:47:10 Outgoing Data Channel: Cipher 'AES-256-GCM' initialized with 256 bit key
2025-04-29 02:47:10 Incoming Data Channel: Cipher 'AES-256-GCM' initialized with 256 bit key
2025-04-29 02:47:10 Control Channel: TLSv1.3, cipher TLSv1.3 TLS_AES_256_GCM_SHA384, peer certificate: 4096 bit RSA, signature: RSA-SHA512
2025-04-29 03:45:20 VERIFY OK: depth=2, C=PA, O=NordVPN, CN=NordVPN Root CA
2025-04-29 03:45:20 VERIFY OK: depth=1, O=NordVPN, CN=NordVPN CA10
2025-04-29 03:45:20 VERIFY KU OK
2025-04-29 03:45:20 Validating certificate extended key usage
2025-04-29 03:45:20 ++ Certificate has EKU (str) TLS Web Server Authentication, expects TLS Web Server Authentication
2025-04-29 03:45:20 VERIFY EKU OK
2025-04-29 03:45:20 VERIFY X509NAME OK: CN=be169.nordvpn.com
2025-04-29 03:45:20 VERIFY OK: depth=0, CN=be169.nordvpn.com
2025-04-29 03:45:20 Outgoing Data Channel: Cipher 'AES-256-GCM' initialized with 256 bit key
2025-04-29 03:45:20 Incoming Data Channel: Cipher 'AES-256-GCM' initialized with 256 bit key
2025-04-29 03:45:20 Control Channel: TLSv1.3, cipher TLSv1.3 TLS_AES_256_GCM_SHA384, peer certificate: 4096 bit RSA, signature: RSA-SHA512
2025-04-29 04:43:30 VERIFY OK: depth=2, C=PA, O=NordVPN, CN=NordVPN Root CA
2025-04-29 04:43:30 VERIFY OK: depth=1, O=NordVPN, CN=NordVPN CA10
2025-04-29 04:43:30 VERIFY KU OK
2025-04-29 04:43:30 Validating certificate extended key usage
2025-04-29 04:43:30 ++ Certificate has EKU (str) TLS Web Server Authentication, expects TLS Web Server Authentication
2025-04-29 04:43:30 VERIFY EKU OK
2025-04-29 04:43:30 VERIFY X509NAME OK: CN=be169.nordvpn.com
2025-04-29 04:43:30 VERIFY OK: depth=0, CN=be169.nordvpn.com
2025-04-29 04:43:30 Outgoing Data Channel: Cipher 'AES-256-GCM' initialized with 256 bit key
2025-04-29 04:43:30 Incoming Data Channel: Cipher 'AES-256-GCM' initialized with 256 bit key
2025-04-29 04:43:30 Control Channel: TLSv1.3, cipher TLSv1.3 TLS_AES_256_GCM_SHA384, peer certificate: 4096 bit RSA, signature: RSA-SHA512
2025-04-29 05:41:40 VERIFY OK: depth=2, C=PA, O=NordVPN, CN=NordVPN Root CA
2025-04-29 05:41:40 VERIFY OK: depth=1, O=NordVPN, CN=NordVPN CA10
2025-04-29 05:41:40 VERIFY KU OK
2025-04-29 05:41:40 Validating certificate extended key usage
2025-04-29 05:41:40 ++ Certificate has EKU (str) TLS Web Server Authentication, expects TLS Web Server Authentication
2025-04-29 05:41:40 VERIFY EKU OK
2025-04-29 05:41:40 VERIFY X509NAME OK: CN=be169.nordvpn.com
2025-04-29 05:41:40 VERIFY OK: depth=0, CN=be169.nordvpn.com
2025-04-29 05:41:40 Outgoing Data Channel: Cipher 'AES-256-GCM' initialized with 256 bit key
2025-04-29 05:41:40 Incoming Data Channel: Cipher 'AES-256-GCM' initialized with 256 bit key
2025-04-29 05:41:40 Control Channel: TLSv1.3, cipher TLSv1.3 TLS_AES_256_GCM_SHA384, peer certificate: 4096 bit RSA, signature: RSA-SHA512
2025-04-29 06:39:50 VERIFY OK: depth=2, C=PA, O=NordVPN, CN=NordVPN Root CA
2025-04-29 06:39:50 VERIFY OK: depth=1, O=NordVPN, CN=NordVPN CA10
2025-04-29 06:39:50 VERIFY KU OK
2025-04-29 06:39:50 Validating certificate extended key usage
2025-04-29 06:39:50 ++ Certificate has EKU (str) TLS Web Server Authentication, expects TLS Web Server Authentication
2025-04-29 06:39:50 VERIFY EKU OK
2025-04-29 06:39:50 VERIFY X509NAME OK: CN=be169.nordvpn.com
2025-04-29 06:39:50 VERIFY OK: depth=0, CN=be169.nordvpn.com
2025-04-29 06:39:50 Outgoing Data Channel: Cipher 'AES-256-GCM' initialized with 256 bit key
2025-04-29 06:39:50 Incoming Data Channel: Cipher 'AES-256-GCM' initialized with 256 bit key
2025-04-29 06:39:50 Control Channel: TLSv1.3, cipher TLSv1.3 TLS_AES_256_GCM_SHA384, peer certificate: 4096 bit RSA, signature: RSA-SHA512
2025-04-29 07:38:00 VERIFY OK: depth=2, C=PA, O=NordVPN, CN=NordVPN Root CA
2025-04-29 07:38:00 VERIFY OK: depth=1, O=NordVPN, CN=NordVPN CA10
2025-04-29 07:38:00 VERIFY KU OK
2025-04-29 07:38:00 Validating certificate extended key usage
2025-04-29 07:38:00 ++ Certificate has EKU (str) TLS Web Server Authentication, expects TLS Web Server Authentication
2025-04-29 07:38:00 VERIFY EKU OK
2025-04-29 07:38:00 VERIFY X509NAME OK: CN=be169.nordvpn.com
2025-04-29 07:38:00 VERIFY OK: depth=0, CN=be169.nordvpn.com
2025-04-29 07:38:00 Outgoing Data Channel: Cipher 'AES-256-GCM' initialized with 256 bit key
2025-04-29 07:38:00 Incoming Data Channel: Cipher 'AES-256-GCM' initialized with 256 bit key
2025-04-29 07:38:00 Control Channel: TLSv1.3, cipher TLSv1.3 TLS_AES_256_GCM_SHA384, peer certificate: 4096 bit RSA, signature: RSA-SHA512
2025-04-29 08:36:10 VERIFY OK: depth=2, C=PA, O=NordVPN, CN=NordVPN Root CA
2025-04-29 08:36:10 VERIFY OK: depth=1, O=NordVPN, CN=NordVPN CA10
2025-04-29 08:36:10 VERIFY KU OK
2025-04-29 08:36:10 Validating certificate extended key usage
2025-04-29 08:36:10 ++ Certificate has EKU (str) TLS Web Server Authentication, expects TLS Web Server Authentication
2025-04-29 08:36:10 VERIFY EKU OK
2025-04-29 08:36:10 VERIFY X509NAME OK: CN=be169.nordvpn.com
2025-04-29 08:36:10 VERIFY OK: depth=0, CN=be169.nordvpn.com
2025-04-29 08:36:10 Outgoing Data Channel: Cipher 'AES-256-GCM' initialized with 256 bit key
2025-04-29 08:36:10 Incoming Data Channel: Cipher 'AES-256-GCM' initialized with 256 bit key
2025-04-29 08:36:10 Control Channel: TLSv1.3, cipher TLSv1.3 TLS_AES_256_GCM_SHA384, peer certificate: 4096 bit RSA, signature: RSA-SHA512
2025-04-29 09:34:20 VERIFY OK: depth=2, C=PA, O=NordVPN, CN=NordVPN Root CA
2025-04-29 09:34:20 VERIFY OK: depth=1, O=NordVPN, CN=NordVPN CA10
2025-04-29 09:34:20 VERIFY KU OK
2025-04-29 09:34:20 Validating certificate extended key usage
2025-04-29 09:34:20 ++ Certificate has EKU (str) TLS Web Server Authentication, expects TLS Web Server Authentication
2025-04-29 09:34:20 VERIFY EKU OK
2025-04-29 09:34:20 VERIFY X509NAME OK: CN=be169.nordvpn.com
2025-04-29 09:34:20 VERIFY OK: depth=0, CN=be169.nordvpn.com
2025-04-29 09:34:20 Outgoing Data Channel: Cipher 'AES-256-GCM' initialized with 256 bit key
2025-04-29 09:34:20 Incoming Data Channel: Cipher 'AES-256-GCM' initialized with 256 bit key
2025-04-29 09:34:20 Control Channel: TLSv1.3, cipher TLSv1.3 TLS_AES_256_GCM_SHA384, peer certificate: 4096 bit RSA, signature: RSA-SHA512
2025-04-29 10:32:30 VERIFY OK: depth=2, C=PA, O=NordVPN, CN=NordVPN Root CA
2025-04-29 10:32:30 VERIFY OK: depth=1, O=NordVPN, CN=NordVPN CA10
2025-04-29 10:32:30 VERIFY KU OK
2025-04-29 10:32:30 Validating certificate extended key usage
2025-04-29 10:32:30 ++ Certificate has EKU (str) TLS Web Server Authentication, expects TLS Web Server Authentication
2025-04-29 10:32:30 VERIFY EKU OK
2025-04-29 10:32:30 VERIFY X509NAME OK: CN=be169.nordvpn.com
2025-04-29 10:32:30 VERIFY OK: depth=0, CN=be169.nordvpn.com
2025-04-29 10:32:30 Outgoing Data Channel: Cipher 'AES-256-GCM' initialized with 256 bit key
2025-04-29 10:32:30 Incoming Data Channel: Cipher 'AES-256-GCM' initialized with 256 bit key
2025-04-29 10:32:30 Control Channel: TLSv1.3, cipher TLSv1.3 TLS_AES_256_GCM_SHA384, peer certificate: 4096 bit RSA, signature: RSA-SHA512
2025-04-29 11:30:40 VERIFY OK: depth=2, C=PA, O=NordVPN, CN=NordVPN Root CA
2025-04-29 11:30:40 VERIFY OK: depth=1, O=NordVPN, CN=NordVPN CA10
2025-04-29 11:30:40 VERIFY KU OK
2025-04-29 11:30:40 Validating certificate extended key usage
2025-04-29 11:30:40 ++ Certificate has EKU (str) TLS Web Server Authentication, expects TLS Web Server Authentication
2025-04-29 11:30:40 VERIFY EKU OK
2025-04-29 11:30:40 VERIFY X509NAME OK: CN=be169.nordvpn.com
2025-04-29 11:30:40 VERIFY OK: depth=0, CN=be169.nordvpn.com
2025-04-29 11:30:40 Outgoing Data Channel: Cipher 'AES-256-GCM' initialized with 256 bit key
2025-04-29 11:30:40 Incoming Data Channel: Cipher 'AES-256-GCM' initialized with 256 bit key
2025-04-29 11:30:40 Control Channel: TLSv1.3, cipher TLSv1.3 TLS_AES_256_GCM_SHA384, peer certificate: 4096 bit RSA, signature: RSA-SHA512
2025-04-29 12:28:51 VERIFY OK: depth=2, C=PA, O=NordVPN, CN=NordVPN Root CA
2025-04-29 12:28:51 VERIFY OK: depth=1, O=NordVPN, CN=NordVPN CA10
2025-04-29 12:28:51 VERIFY KU OK
2025-04-29 12:28:51 Validating certificate extended key usage
2025-04-29 12:28:51 ++ Certificate has EKU (str) TLS Web Server Authentication, expects TLS Web Server Authentication
2025-04-29 12:28:51 VERIFY EKU OK
2025-04-29 12:28:51 VERIFY X509NAME OK: CN=be169.nordvpn.com
2025-04-29 12:28:51 VERIFY OK: depth=0, CN=be169.nordvpn.com
2025-04-29 12:28:51 Outgoing Data Channel: Cipher 'AES-256-GCM' initialized with 256 bit key
2025-04-29 12:28:51 Incoming Data Channel: Cipher 'AES-256-GCM' initialized with 256 bit key
2025-04-29 12:28:51 Control Channel: TLSv1.3, cipher TLSv1.3 TLS_AES_256_GCM_SHA384, peer certificate: 4096 bit RSA, signature: RSA-SHA512
