2025-04-28 12:18:14 DEPRECATED OPTION: --cipher set to 'AES-256-CBC' but missing in --data-ciphers (AES-256-GCM:AES-128-GCM). Future OpenVPN version will ignore --cipher for cipher negotiations. Add 'AES-256-CBC' to --data-ciphers or change --cipher 'AES-256-CBC' to --data-ciphers-fallback 'AES-256-CBC' to silence this warning.
2025-04-28 12:18:14 OpenVPN 2.5.11 x86_64-pc-linux-gnu [SSL (OpenSSL)] [LZO] [LZ4] [EPOLL] [PKCS11] [MH/PKTINFO] [AEAD] built on Sep 17 2024
2025-04-28 12:18:14 library versions: OpenSSL 3.0.2 15 Mar 2022, LZO 2.10
2025-04-28 12:18:14 WARNING: --ping should normally be used with --ping-restart or --ping-exit
2025-04-28 12:18:14 Outgoing Control Channel Authentication: Using 512 bit message hash 'SHA512' for HMAC authentication
2025-04-28 12:18:14 Incoming Control Channel Authentication: Using 512 bit message hash 'SHA512' for HMAC authentication
2025-04-28 12:18:14 TCP/UDP: Preserving recently used remote address: [AF_INET]77.243.191.83:1194
2025-04-28 12:18:14 Socket Buffers: R=[212992->212992] S=[212992->212992]
2025-04-28 12:18:14 UDP link local: (not bound)
2025-04-28 12:18:14 UDP link remote: [AF_INET]77.243.191.83:1194
2025-04-28 12:18:14 TLS: Initial packet from [AF_INET]77.243.191.83:1194, sid=3900c78c 43f8867b
2025-04-28 12:18:14 WARNING: this configuration may cache passwords in memory -- use the auth-nocache option to prevent this
2025-04-28 12:18:14 VERIFY OK: depth=2, C=PA, O=NordVPN, CN=NordVPN Root CA
2025-04-28 12:18:14 VERIFY OK: depth=1, O=NordVPN, CN=NordVPN CA10
2025-04-28 12:18:14 VERIFY KU OK
2025-04-28 12:18:14 Validating certificate extended key usage
2025-04-28 12:18:14 ++ Certificate has EKU (str) TLS Web Server Authentication, expects TLS Web Server Authentication
2025-04-28 12:18:14 VERIFY EKU OK
2025-04-28 12:18:14 VERIFY X509NAME OK: CN=be169.nordvpn.com
2025-04-28 12:18:14 VERIFY OK: depth=0, CN=be169.nordvpn.com
2025-04-28 12:18:14 Control Channel: TLSv1.3, cipher TLSv1.3 TLS_AES_256_GCM_SHA384, peer certificate: 4096 bit RSA, signature: RSA-SHA512
2025-04-28 12:18:14 [be169.nordvpn.com] Peer Connection Initiated with [AF_INET]77.243.191.83:1194
2025-04-28 12:18:15 SENT CONTROL [be169.nordvpn.com]: 'PUSH_REQUEST' (status=1)
2025-04-28 12:18:15 PUSH: Received control message: 'PUSH_REPLY,redirect-gateway def1,dhcp-option DNS 103.86.96.100,dhcp-option DNS 103.86.99.100,explicit-exit-notify,comp-lzo no,route-gateway 10.100.0.1,topology subnet,ping 60,ping-restart 180,ifconfig 10.100.0.2 255.255.0.0,peer-id 7,cipher AES-256-GCM'
2025-04-28 12:18:15 Options error: option 'redirect-gateway' cannot be used in this context ([PUSH-OPTIONS])
2025-04-28 12:18:15 Options error: option 'dhcp-option' cannot be used in this context ([PUSH-OPTIONS])
2025-04-28 12:18:15 Options error: option 'dhcp-option' cannot be used in this context ([PUSH-OPTIONS])
2025-04-28 12:18:15 OPTIONS IMPORT: timers and/or timeouts modified
2025-04-28 12:18:15 OPTIONS IMPORT: explicit notify parm(s) modified
2025-04-28 12:18:15 OPTIONS IMPORT: compression parms modified
2025-04-28 12:18:15 OPTIONS IMPORT: --ifconfig/up options modified
2025-04-28 12:18:15 OPTIONS IMPORT: route-related options modified
2025-04-28 12:18:15 OPTIONS IMPORT: peer-id set
2025-04-28 12:18:15 OPTIONS IMPORT: adjusting link_mtu to 1657
2025-04-28 12:18:15 OPTIONS IMPORT: data channel crypto options modified
2025-04-28 12:18:15 Data Channel: using negotiated cipher 'AES-256-GCM'
2025-04-28 12:18:15 Outgoing Data Channel: Cipher 'AES-256-GCM' initialized with 256 bit key
2025-04-28 12:18:15 Incoming Data Channel: Cipher 'AES-256-GCM' initialized with 256 bit key
2025-04-28 12:18:15 TUN/TAP device tun1 opened
2025-04-28 12:18:15 net_iface_mtu_set: mtu 1500 for tun1
2025-04-28 12:18:15 net_iface_up: set tun1 up
2025-04-28 12:18:15 net_addr_v4_add: 10.100.0.2/16 dev tun1
2025-04-28 12:18:15 Initialization Sequence Completed
2025-04-28 13:14:19 VERIFY OK: depth=2, C=PA, O=NordVPN, CN=NordVPN Root CA
2025-04-28 13:14:19 VERIFY OK: depth=1, O=NordVPN, CN=NordVPN CA10
2025-04-28 13:14:19 VERIFY KU OK
2025-04-28 13:14:19 Validating certificate extended key usage
2025-04-28 13:14:19 ++ Certificate has EKU (str) TLS Web Server Authentication, expects TLS Web Server Authentication
2025-04-28 13:14:19 VERIFY EKU OK
2025-04-28 13:14:19 VERIFY X509NAME OK: CN=be169.nordvpn.com
2025-04-28 13:14:19 VERIFY OK: depth=0, CN=be169.nordvpn.com
2025-04-28 13:14:19 Outgoing Data Channel: Cipher 'AES-256-GCM' initialized with 256 bit key
2025-04-28 13:14:19 Incoming Data Channel: Cipher 'AES-256-GCM' initialized with 256 bit key
2025-04-28 13:14:19 Control Channel: TLSv1.3, cipher TLSv1.3 TLS_AES_256_GCM_SHA384, peer certificate: 4096 bit RSA, signature: RSA-SHA512
2025-04-28 14:10:24 VERIFY OK: depth=2, C=PA, O=NordVPN, CN=NordVPN Root CA
2025-04-28 14:10:24 VERIFY OK: depth=1, O=NordVPN, CN=NordVPN CA10
2025-04-28 14:10:24 VERIFY KU OK
2025-04-28 14:10:24 Validating certificate extended key usage
2025-04-28 14:10:24 ++ Certificate has EKU (str) TLS Web Server Authentication, expects TLS Web Server Authentication
2025-04-28 14:10:24 VERIFY EKU OK
2025-04-28 14:10:24 VERIFY X509NAME OK: CN=be169.nordvpn.com
2025-04-28 14:10:24 VERIFY OK: depth=0, CN=be169.nordvpn.com
2025-04-28 14:10:24 Outgoing Data Channel: Cipher 'AES-256-GCM' initialized with 256 bit key
2025-04-28 14:10:24 Incoming Data Channel: Cipher 'AES-256-GCM' initialized with 256 bit key
2025-04-28 14:10:24 Control Channel: TLSv1.3, cipher TLSv1.3 TLS_AES_256_GCM_SHA384, peer certificate: 4096 bit RSA, signature: RSA-SHA512
2025-04-28 15:06:29 VERIFY OK: depth=2, C=PA, O=NordVPN, CN=NordVPN Root CA
2025-04-28 15:06:29 VERIFY OK: depth=1, O=NordVPN, CN=NordVPN CA10
2025-04-28 15:06:29 VERIFY KU OK
2025-04-28 15:06:29 Validating certificate extended key usage
2025-04-28 15:06:29 ++ Certificate has EKU (str) TLS Web Server Authentication, expects TLS Web Server Authentication
2025-04-28 15:06:29 VERIFY EKU OK
2025-04-28 15:06:29 VERIFY X509NAME OK: CN=be169.nordvpn.com
2025-04-28 15:06:29 VERIFY OK: depth=0, CN=be169.nordvpn.com
2025-04-28 15:06:29 Outgoing Data Channel: Cipher 'AES-256-GCM' initialized with 256 bit key
2025-04-28 15:06:29 Incoming Data Channel: Cipher 'AES-256-GCM' initialized with 256 bit key
2025-04-28 15:06:29 Control Channel: TLSv1.3, cipher TLSv1.3 TLS_AES_256_GCM_SHA384, peer certificate: 4096 bit RSA, signature: RSA-SHA512
2025-04-28 16:02:34 VERIFY OK: depth=2, C=PA, O=NordVPN, CN=NordVPN Root CA
2025-04-28 16:02:34 VERIFY OK: depth=1, O=NordVPN, CN=NordVPN CA10
2025-04-28 16:02:34 VERIFY KU OK
2025-04-28 16:02:34 Validating certificate extended key usage
2025-04-28 16:02:34 ++ Certificate has EKU (str) TLS Web Server Authentication, expects TLS Web Server Authentication
2025-04-28 16:02:34 VERIFY EKU OK
2025-04-28 16:02:34 VERIFY X509NAME OK: CN=be169.nordvpn.com
2025-04-28 16:02:34 VERIFY OK: depth=0, CN=be169.nordvpn.com
2025-04-28 16:02:34 Outgoing Data Channel: Cipher 'AES-256-GCM' initialized with 256 bit key
2025-04-28 16:02:34 Incoming Data Channel: Cipher 'AES-256-GCM' initialized with 256 bit key
2025-04-28 16:02:34 Control Channel: TLSv1.3, cipher TLSv1.3 TLS_AES_256_GCM_SHA384, peer certificate: 4096 bit RSA, signature: RSA-SHA512
2025-04-28 16:58:39 VERIFY OK: depth=2, C=PA, O=NordVPN, CN=NordVPN Root CA
2025-04-28 16:58:39 VERIFY OK: depth=1, O=NordVPN, CN=NordVPN CA10
2025-04-28 16:58:39 VERIFY KU OK
2025-04-28 16:58:39 Validating certificate extended key usage
2025-04-28 16:58:39 ++ Certificate has EKU (str) TLS Web Server Authentication, expects TLS Web Server Authentication
2025-04-28 16:58:39 VERIFY EKU OK
2025-04-28 16:58:39 VERIFY X509NAME OK: CN=be169.nordvpn.com
2025-04-28 16:58:39 VERIFY OK: depth=0, CN=be169.nordvpn.com
2025-04-28 16:58:39 Outgoing Data Channel: Cipher 'AES-256-GCM' initialized with 256 bit key
2025-04-28 16:58:39 Incoming Data Channel: Cipher 'AES-256-GCM' initialized with 256 bit key
2025-04-28 16:58:39 Control Channel: TLSv1.3, cipher TLSv1.3 TLS_AES_256_GCM_SHA384, peer certificate: 4096 bit RSA, signature: RSA-SHA512
2025-04-28 17:54:44 VERIFY OK: depth=2, C=PA, O=NordVPN, CN=NordVPN Root CA
2025-04-28 17:54:44 VERIFY OK: depth=1, O=NordVPN, CN=NordVPN CA10
2025-04-28 17:54:44 VERIFY KU OK
2025-04-28 17:54:44 Validating certificate extended key usage
2025-04-28 17:54:44 ++ Certificate has EKU (str) TLS Web Server Authentication, expects TLS Web Server Authentication
2025-04-28 17:54:44 VERIFY EKU OK
2025-04-28 17:54:44 VERIFY X509NAME OK: CN=be169.nordvpn.com
2025-04-28 17:54:44 VERIFY OK: depth=0, CN=be169.nordvpn.com
2025-04-28 17:54:44 Outgoing Data Channel: Cipher 'AES-256-GCM' initialized with 256 bit key
2025-04-28 17:54:44 Incoming Data Channel: Cipher 'AES-256-GCM' initialized with 256 bit key
2025-04-28 17:54:44 Control Channel: TLSv1.3, cipher TLSv1.3 TLS_AES_256_GCM_SHA384, peer certificate: 4096 bit RSA, signature: RSA-SHA512
2025-04-28 18:50:49 VERIFY OK: depth=2, C=PA, O=NordVPN, CN=NordVPN Root CA
2025-04-28 18:50:49 VERIFY OK: depth=1, O=NordVPN, CN=NordVPN CA10
2025-04-28 18:50:49 VERIFY KU OK
2025-04-28 18:50:49 Validating certificate extended key usage
2025-04-28 18:50:49 ++ Certificate has EKU (str) TLS Web Server Authentication, expects TLS Web Server Authentication
2025-04-28 18:50:49 VERIFY EKU OK
2025-04-28 18:50:49 VERIFY X509NAME OK: CN=be169.nordvpn.com
2025-04-28 18:50:49 VERIFY OK: depth=0, CN=be169.nordvpn.com
2025-04-28 18:50:49 Outgoing Data Channel: Cipher 'AES-256-GCM' initialized with 256 bit key
2025-04-28 18:50:49 Incoming Data Channel: Cipher 'AES-256-GCM' initialized with 256 bit key
2025-04-28 18:50:49 Control Channel: TLSv1.3, cipher TLSv1.3 TLS_AES_256_GCM_SHA384, peer certificate: 4096 bit RSA, signature: RSA-SHA512
2025-04-28 19:46:54 VERIFY OK: depth=2, C=PA, O=NordVPN, CN=NordVPN Root CA
2025-04-28 19:46:54 VERIFY OK: depth=1, O=NordVPN, CN=NordVPN CA10
2025-04-28 19:46:54 VERIFY KU OK
2025-04-28 19:46:54 Validating certificate extended key usage
2025-04-28 19:46:54 ++ Certificate has EKU (str) TLS Web Server Authentication, expects TLS Web Server Authentication
2025-04-28 19:46:54 VERIFY EKU OK
2025-04-28 19:46:54 VERIFY X509NAME OK: CN=be169.nordvpn.com
2025-04-28 19:46:54 VERIFY OK: depth=0, CN=be169.nordvpn.com
2025-04-28 19:46:54 Outgoing Data Channel: Cipher 'AES-256-GCM' initialized with 256 bit key
2025-04-28 19:46:54 Incoming Data Channel: Cipher 'AES-256-GCM' initialized with 256 bit key
2025-04-28 19:46:54 Control Channel: TLSv1.3, cipher TLSv1.3 TLS_AES_256_GCM_SHA384, peer certificate: 4096 bit RSA, signature: RSA-SHA512
2025-04-28 20:42:59 VERIFY OK: depth=2, C=PA, O=NordVPN, CN=NordVPN Root CA
2025-04-28 20:42:59 VERIFY OK: depth=1, O=NordVPN, CN=NordVPN CA10
2025-04-28 20:42:59 VERIFY KU OK
2025-04-28 20:42:59 Validating certificate extended key usage
2025-04-28 20:42:59 ++ Certificate has EKU (str) TLS Web Server Authentication, expects TLS Web Server Authentication
2025-04-28 20:42:59 VERIFY EKU OK
2025-04-28 20:42:59 VERIFY X509NAME OK: CN=be169.nordvpn.com
2025-04-28 20:42:59 VERIFY OK: depth=0, CN=be169.nordvpn.com
2025-04-28 20:42:59 Outgoing Data Channel: Cipher 'AES-256-GCM' initialized with 256 bit key
2025-04-28 20:42:59 Incoming Data Channel: Cipher 'AES-256-GCM' initialized with 256 bit key
2025-04-28 20:42:59 Control Channel: TLSv1.3, cipher TLSv1.3 TLS_AES_256_GCM_SHA384, peer certificate: 4096 bit RSA, signature: RSA-SHA512
2025-04-28 21:39:04 VERIFY OK: depth=2, C=PA, O=NordVPN, CN=NordVPN Root CA
2025-04-28 21:39:04 VERIFY OK: depth=1, O=NordVPN, CN=NordVPN CA10
2025-04-28 21:39:04 VERIFY KU OK
2025-04-28 21:39:04 Validating certificate extended key usage
2025-04-28 21:39:04 ++ Certificate has EKU (str) TLS Web Server Authentication, expects TLS Web Server Authentication
2025-04-28 21:39:04 VERIFY EKU OK
2025-04-28 21:39:04 VERIFY X509NAME OK: CN=be169.nordvpn.com
2025-04-28 21:39:04 VERIFY OK: depth=0, CN=be169.nordvpn.com
2025-04-28 21:39:04 Outgoing Data Channel: Cipher 'AES-256-GCM' initialized with 256 bit key
2025-04-28 21:39:04 Incoming Data Channel: Cipher 'AES-256-GCM' initialized with 256 bit key
2025-04-28 21:39:04 Control Channel: TLSv1.3, cipher TLSv1.3 TLS_AES_256_GCM_SHA384, peer certificate: 4096 bit RSA, signature: RSA-SHA512
2025-04-28 22:35:09 VERIFY OK: depth=2, C=PA, O=NordVPN, CN=NordVPN Root CA
2025-04-28 22:35:09 VERIFY OK: depth=1, O=NordVPN, CN=NordVPN CA10
2025-04-28 22:35:09 VERIFY KU OK
2025-04-28 22:35:09 Validating certificate extended key usage
2025-04-28 22:35:09 ++ Certificate has EKU (str) TLS Web Server Authentication, expects TLS Web Server Authentication
2025-04-28 22:35:09 VERIFY EKU OK
2025-04-28 22:35:09 VERIFY X509NAME OK: CN=be169.nordvpn.com
2025-04-28 22:35:09 VERIFY OK: depth=0, CN=be169.nordvpn.com
2025-04-28 22:35:09 Outgoing Data Channel: Cipher 'AES-256-GCM' initialized with 256 bit key
2025-04-28 22:35:09 Incoming Data Channel: Cipher 'AES-256-GCM' initialized with 256 bit key
2025-04-28 22:35:09 Control Channel: TLSv1.3, cipher TLSv1.3 TLS_AES_256_GCM_SHA384, peer certificate: 4096 bit RSA, signature: RSA-SHA512
2025-04-28 23:31:14 VERIFY OK: depth=2, C=PA, O=NordVPN, CN=NordVPN Root CA
2025-04-28 23:31:14 VERIFY OK: depth=1, O=NordVPN, CN=NordVPN CA10
2025-04-28 23:31:14 VERIFY KU OK
2025-04-28 23:31:14 Validating certificate extended key usage
2025-04-28 23:31:14 ++ Certificate has EKU (str) TLS Web Server Authentication, expects TLS Web Server Authentication
2025-04-28 23:31:14 VERIFY EKU OK
2025-04-28 23:31:14 VERIFY X509NAME OK: CN=be169.nordvpn.com
2025-04-28 23:31:14 VERIFY OK: depth=0, CN=be169.nordvpn.com
2025-04-28 23:31:14 Outgoing Data Channel: Cipher 'AES-256-GCM' initialized with 256 bit key
2025-04-28 23:31:14 Incoming Data Channel: Cipher 'AES-256-GCM' initialized with 256 bit key
2025-04-28 23:31:14 Control Channel: TLSv1.3, cipher TLSv1.3 TLS_AES_256_GCM_SHA384, peer certificate: 4096 bit RSA, signature: RSA-SHA512
2025-04-29 00:27:19 VERIFY OK: depth=2, C=PA, O=NordVPN, CN=NordVPN Root CA
2025-04-29 00:27:19 VERIFY OK: depth=1, O=NordVPN, CN=NordVPN CA10
2025-04-29 00:27:19 VERIFY KU OK
2025-04-29 00:27:19 Validating certificate extended key usage
2025-04-29 00:27:19 ++ Certificate has EKU (str) TLS Web Server Authentication, expects TLS Web Server Authentication
2025-04-29 00:27:19 VERIFY EKU OK
2025-04-29 00:27:19 VERIFY X509NAME OK: CN=be169.nordvpn.com
2025-04-29 00:27:19 VERIFY OK: depth=0, CN=be169.nordvpn.com
2025-04-29 00:27:19 Outgoing Data Channel: Cipher 'AES-256-GCM' initialized with 256 bit key
2025-04-29 00:27:19 Incoming Data Channel: Cipher 'AES-256-GCM' initialized with 256 bit key
2025-04-29 00:27:19 Control Channel: TLSv1.3, cipher TLSv1.3 TLS_AES_256_GCM_SHA384, peer certificate: 4096 bit RSA, signature: RSA-SHA512
2025-04-29 01:23:25 VERIFY OK: depth=2, C=PA, O=NordVPN, CN=NordVPN Root CA
2025-04-29 01:23:25 VERIFY OK: depth=1, O=NordVPN, CN=NordVPN CA10
2025-04-29 01:23:25 VERIFY KU OK
2025-04-29 01:23:25 Validating certificate extended key usage
2025-04-29 01:23:25 ++ Certificate has EKU (str) TLS Web Server Authentication, expects TLS Web Server Authentication
2025-04-29 01:23:25 VERIFY EKU OK
2025-04-29 01:23:25 VERIFY X509NAME OK: CN=be169.nordvpn.com
2025-04-29 01:23:25 VERIFY OK: depth=0, CN=be169.nordvpn.com
2025-04-29 01:23:25 Outgoing Data Channel: Cipher 'AES-256-GCM' initialized with 256 bit key
2025-04-29 01:23:25 Incoming Data Channel: Cipher 'AES-256-GCM' initialized with 256 bit key
2025-04-29 01:23:25 Control Channel: TLSv1.3, cipher TLSv1.3 TLS_AES_256_GCM_SHA384, peer certificate: 4096 bit RSA, signature: RSA-SHA512
2025-04-29 02:19:30 VERIFY OK: depth=2, C=PA, O=NordVPN, CN=NordVPN Root CA
2025-04-29 02:19:30 VERIFY OK: depth=1, O=NordVPN, CN=NordVPN CA10
2025-04-29 02:19:30 VERIFY KU OK
2025-04-29 02:19:30 Validating certificate extended key usage
2025-04-29 02:19:30 ++ Certificate has EKU (str) TLS Web Server Authentication, expects TLS Web Server Authentication
2025-04-29 02:19:30 VERIFY EKU OK
2025-04-29 02:19:30 VERIFY X509NAME OK: CN=be169.nordvpn.com
2025-04-29 02:19:30 VERIFY OK: depth=0, CN=be169.nordvpn.com
2025-04-29 02:19:30 Outgoing Data Channel: Cipher 'AES-256-GCM' initialized with 256 bit key
2025-04-29 02:19:30 Incoming Data Channel: Cipher 'AES-256-GCM' initialized with 256 bit key
2025-04-29 02:19:30 Control Channel: TLSv1.3, cipher TLSv1.3 TLS_AES_256_GCM_SHA384, peer certificate: 4096 bit RSA, signature: RSA-SHA512
2025-04-29 03:15:35 VERIFY OK: depth=2, C=PA, O=NordVPN, CN=NordVPN Root CA
2025-04-29 03:15:35 VERIFY OK: depth=1, O=NordVPN, CN=NordVPN CA10
2025-04-29 03:15:35 VERIFY KU OK
2025-04-29 03:15:35 Validating certificate extended key usage
2025-04-29 03:15:35 ++ Certificate has EKU (str) TLS Web Server Authentication, expects TLS Web Server Authentication
2025-04-29 03:15:35 VERIFY EKU OK
2025-04-29 03:15:35 VERIFY X509NAME OK: CN=be169.nordvpn.com
2025-04-29 03:15:35 VERIFY OK: depth=0, CN=be169.nordvpn.com
2025-04-29 03:15:35 Outgoing Data Channel: Cipher 'AES-256-GCM' initialized with 256 bit key
2025-04-29 03:15:35 Incoming Data Channel: Cipher 'AES-256-GCM' initialized with 256 bit key
2025-04-29 03:15:35 Control Channel: TLSv1.3, cipher TLSv1.3 TLS_AES_256_GCM_SHA384, peer certificate: 4096 bit RSA, signature: RSA-SHA512
2025-04-29 04:11:40 VERIFY OK: depth=2, C=PA, O=NordVPN, CN=NordVPN Root CA
2025-04-29 04:11:40 VERIFY OK: depth=1, O=NordVPN, CN=NordVPN CA10
2025-04-29 04:11:40 VERIFY KU OK
2025-04-29 04:11:40 Validating certificate extended key usage
2025-04-29 04:11:40 ++ Certificate has EKU (str) TLS Web Server Authentication, expects TLS Web Server Authentication
2025-04-29 04:11:40 VERIFY EKU OK
2025-04-29 04:11:40 VERIFY X509NAME OK: CN=be169.nordvpn.com
2025-04-29 04:11:40 VERIFY OK: depth=0, CN=be169.nordvpn.com
2025-04-29 04:11:40 Outgoing Data Channel: Cipher 'AES-256-GCM' initialized with 256 bit key
2025-04-29 04:11:40 Incoming Data Channel: Cipher 'AES-256-GCM' initialized with 256 bit key
2025-04-29 04:11:40 Control Channel: TLSv1.3, cipher TLSv1.3 TLS_AES_256_GCM_SHA384, peer certificate: 4096 bit RSA, signature: RSA-SHA512
2025-04-29 05:07:45 VERIFY OK: depth=2, C=PA, O=NordVPN, CN=NordVPN Root CA
2025-04-29 05:07:45 VERIFY OK: depth=1, O=NordVPN, CN=NordVPN CA10
2025-04-29 05:07:45 VERIFY KU OK
2025-04-29 05:07:45 Validating certificate extended key usage
2025-04-29 05:07:45 ++ Certificate has EKU (str) TLS Web Server Authentication, expects TLS Web Server Authentication
2025-04-29 05:07:45 VERIFY EKU OK
2025-04-29 05:07:45 VERIFY X509NAME OK: CN=be169.nordvpn.com
2025-04-29 05:07:45 VERIFY OK: depth=0, CN=be169.nordvpn.com
2025-04-29 05:07:45 Outgoing Data Channel: Cipher 'AES-256-GCM' initialized with 256 bit key
2025-04-29 05:07:45 Incoming Data Channel: Cipher 'AES-256-GCM' initialized with 256 bit key
2025-04-29 05:07:45 Control Channel: TLSv1.3, cipher TLSv1.3 TLS_AES_256_GCM_SHA384, peer certificate: 4096 bit RSA, signature: RSA-SHA512
2025-04-29 06:03:50 VERIFY OK: depth=2, C=PA, O=NordVPN, CN=NordVPN Root CA
2025-04-29 06:03:50 VERIFY OK: depth=1, O=NordVPN, CN=NordVPN CA10
2025-04-29 06:03:50 VERIFY KU OK
2025-04-29 06:03:50 Validating certificate extended key usage
2025-04-29 06:03:50 ++ Certificate has EKU (str) TLS Web Server Authentication, expects TLS Web Server Authentication
2025-04-29 06:03:50 VERIFY EKU OK
2025-04-29 06:03:50 VERIFY X509NAME OK: CN=be169.nordvpn.com
2025-04-29 06:03:50 VERIFY OK: depth=0, CN=be169.nordvpn.com
2025-04-29 06:03:50 Outgoing Data Channel: Cipher 'AES-256-GCM' initialized with 256 bit key
2025-04-29 06:03:50 Incoming Data Channel: Cipher 'AES-256-GCM' initialized with 256 bit key
2025-04-29 06:03:50 Control Channel: TLSv1.3, cipher TLSv1.3 TLS_AES_256_GCM_SHA384, peer certificate: 4096 bit RSA, signature: RSA-SHA512
2025-04-29 06:59:55 VERIFY OK: depth=2, C=PA, O=NordVPN, CN=NordVPN Root CA
2025-04-29 06:59:55 VERIFY OK: depth=1, O=NordVPN, CN=NordVPN CA10
2025-04-29 06:59:55 VERIFY KU OK
2025-04-29 06:59:55 Validating certificate extended key usage
2025-04-29 06:59:55 ++ Certificate has EKU (str) TLS Web Server Authentication, expects TLS Web Server Authentication
2025-04-29 06:59:55 VERIFY EKU OK
2025-04-29 06:59:55 VERIFY X509NAME OK: CN=be169.nordvpn.com
2025-04-29 06:59:55 VERIFY OK: depth=0, CN=be169.nordvpn.com
2025-04-29 06:59:55 Outgoing Data Channel: Cipher 'AES-256-GCM' initialized with 256 bit key
2025-04-29 06:59:55 Incoming Data Channel: Cipher 'AES-256-GCM' initialized with 256 bit key
2025-04-29 06:59:55 Control Channel: TLSv1.3, cipher TLSv1.3 TLS_AES_256_GCM_SHA384, peer certificate: 4096 bit RSA, signature: RSA-SHA512
2025-04-29 07:56:01 VERIFY OK: depth=2, C=PA, O=NordVPN, CN=NordVPN Root CA
2025-04-29 07:56:01 VERIFY OK: depth=1, O=NordVPN, CN=NordVPN CA10
2025-04-29 07:56:01 VERIFY KU OK
2025-04-29 07:56:01 Validating certificate extended key usage
2025-04-29 07:56:01 ++ Certificate has EKU (str) TLS Web Server Authentication, expects TLS Web Server Authentication
2025-04-29 07:56:01 VERIFY EKU OK
2025-04-29 07:56:01 VERIFY X509NAME OK: CN=be169.nordvpn.com
2025-04-29 07:56:01 VERIFY OK: depth=0, CN=be169.nordvpn.com
2025-04-29 07:56:01 Outgoing Data Channel: Cipher 'AES-256-GCM' initialized with 256 bit key
2025-04-29 07:56:01 Incoming Data Channel: Cipher 'AES-256-GCM' initialized with 256 bit key
2025-04-29 07:56:01 Control Channel: TLSv1.3, cipher TLSv1.3 TLS_AES_256_GCM_SHA384, peer certificate: 4096 bit RSA, signature: RSA-SHA512
2025-04-29 08:52:06 VERIFY OK: depth=2, C=PA, O=NordVPN, CN=NordVPN Root CA
2025-04-29 08:52:06 VERIFY OK: depth=1, O=NordVPN, CN=NordVPN CA10
2025-04-29 08:52:06 VERIFY KU OK
2025-04-29 08:52:06 Validating certificate extended key usage
2025-04-29 08:52:06 ++ Certificate has EKU (str) TLS Web Server Authentication, expects TLS Web Server Authentication
2025-04-29 08:52:06 VERIFY EKU OK
2025-04-29 08:52:06 VERIFY X509NAME OK: CN=be169.nordvpn.com
2025-04-29 08:52:06 VERIFY OK: depth=0, CN=be169.nordvpn.com
2025-04-29 08:52:06 Outgoing Data Channel: Cipher 'AES-256-GCM' initialized with 256 bit key
2025-04-29 08:52:06 Incoming Data Channel: Cipher 'AES-256-GCM' initialized with 256 bit key
2025-04-29 08:52:06 Control Channel: TLSv1.3, cipher TLSv1.3 TLS_AES_256_GCM_SHA384, peer certificate: 4096 bit RSA, signature: RSA-SHA512
2025-04-29 09:48:11 VERIFY OK: depth=2, C=PA, O=NordVPN, CN=NordVPN Root CA
2025-04-29 09:48:11 VERIFY OK: depth=1, O=NordVPN, CN=NordVPN CA10
2025-04-29 09:48:11 VERIFY KU OK
2025-04-29 09:48:11 Validating certificate extended key usage
2025-04-29 09:48:11 ++ Certificate has EKU (str) TLS Web Server Authentication, expects TLS Web Server Authentication
2025-04-29 09:48:11 VERIFY EKU OK
2025-04-29 09:48:11 VERIFY X509NAME OK: CN=be169.nordvpn.com
2025-04-29 09:48:11 VERIFY OK: depth=0, CN=be169.nordvpn.com
2025-04-29 09:48:11 Outgoing Data Channel: Cipher 'AES-256-GCM' initialized with 256 bit key
2025-04-29 09:48:11 Incoming Data Channel: Cipher 'AES-256-GCM' initialized with 256 bit key
2025-04-29 09:48:11 Control Channel: TLSv1.3, cipher TLSv1.3 TLS_AES_256_GCM_SHA384, peer certificate: 4096 bit RSA, signature: RSA-SHA512
2025-04-29 10:44:16 VERIFY OK: depth=2, C=PA, O=NordVPN, CN=NordVPN Root CA
2025-04-29 10:44:16 VERIFY OK: depth=1, O=NordVPN, CN=NordVPN CA10
2025-04-29 10:44:16 VERIFY KU OK
2025-04-29 10:44:16 Validating certificate extended key usage
2025-04-29 10:44:16 ++ Certificate has EKU (str) TLS Web Server Authentication, expects TLS Web Server Authentication
2025-04-29 10:44:16 VERIFY EKU OK
2025-04-29 10:44:16 VERIFY X509NAME OK: CN=be169.nordvpn.com
2025-04-29 10:44:16 VERIFY OK: depth=0, CN=be169.nordvpn.com
2025-04-29 10:44:16 Outgoing Data Channel: Cipher 'AES-256-GCM' initialized with 256 bit key
2025-04-29 10:44:16 Incoming Data Channel: Cipher 'AES-256-GCM' initialized with 256 bit key
2025-04-29 10:44:16 Control Channel: TLSv1.3, cipher TLSv1.3 TLS_AES_256_GCM_SHA384, peer certificate: 4096 bit RSA, signature: RSA-SHA512
2025-04-29 11:40:22 VERIFY OK: depth=2, C=PA, O=NordVPN, CN=NordVPN Root CA
2025-04-29 11:40:22 VERIFY OK: depth=1, O=NordVPN, CN=NordVPN CA10
2025-04-29 11:40:22 VERIFY KU OK
2025-04-29 11:40:22 Validating certificate extended key usage
2025-04-29 11:40:22 ++ Certificate has EKU (str) TLS Web Server Authentication, expects TLS Web Server Authentication
2025-04-29 11:40:22 VERIFY EKU OK
2025-04-29 11:40:22 VERIFY X509NAME OK: CN=be169.nordvpn.com
2025-04-29 11:40:22 VERIFY OK: depth=0, CN=be169.nordvpn.com
2025-04-29 11:40:22 Outgoing Data Channel: Cipher 'AES-256-GCM' initialized with 256 bit key
2025-04-29 11:40:22 Incoming Data Channel: Cipher 'AES-256-GCM' initialized with 256 bit key
2025-04-29 11:40:22 Control Channel: TLSv1.3, cipher TLSv1.3 TLS_AES_256_GCM_SHA384, peer certificate: 4096 bit RSA, signature: RSA-SHA512
2025-04-29 12:36:27 VERIFY OK: depth=2, C=PA, O=NordVPN, CN=NordVPN Root CA
2025-04-29 12:36:27 VERIFY OK: depth=1, O=NordVPN, CN=NordVPN CA10
2025-04-29 12:36:27 VERIFY KU OK
2025-04-29 12:36:27 Validating certificate extended key usage
2025-04-29 12:36:27 ++ Certificate has EKU (str) TLS Web Server Authentication, expects TLS Web Server Authentication
2025-04-29 12:36:27 VERIFY EKU OK
2025-04-29 12:36:27 VERIFY X509NAME OK: CN=be169.nordvpn.com
2025-04-29 12:36:27 VERIFY OK: depth=0, CN=be169.nordvpn.com
2025-04-29 12:36:27 Outgoing Data Channel: Cipher 'AES-256-GCM' initialized with 256 bit key
2025-04-29 12:36:27 Incoming Data Channel: Cipher 'AES-256-GCM' initialized with 256 bit key
2025-04-29 12:36:27 Control Channel: TLSv1.3, cipher TLSv1.3 TLS_AES_256_GCM_SHA384, peer certificate: 4096 bit RSA, signature: RSA-SHA512
