2025-04-28 12:36:12 DEPRECATED OPTION: --cipher set to 'AES-256-CBC' but missing in --data-ciphers (AES-256-GCM:AES-128-GCM). Future OpenVPN version will ignore --cipher for cipher negotiations. Add 'AES-256-CBC' to --data-ciphers or change --cipher 'AES-256-CBC' to --data-ciphers-fallback 'AES-256-CBC' to silence this warning.
2025-04-28 12:36:12 OpenVPN 2.5.11 x86_64-pc-linux-gnu [SSL (OpenSSL)] [LZO] [LZ4] [EPOLL] [PKCS11] [MH/PKTINFO] [AEAD] built on Sep 17 2024
2025-04-28 12:36:12 library versions: OpenSSL 3.0.2 15 Mar 2022, LZO 2.10
2025-04-28 12:36:12 WARNING: --ping should normally be used with --ping-restart or --ping-exit
2025-04-28 12:36:12 Outgoing Control Channel Authentication: Using 512 bit message hash 'SHA512' for HMAC authentication
2025-04-28 12:36:12 Incoming Control Channel Authentication: Using 512 bit message hash 'SHA512' for HMAC authentication
2025-04-28 12:36:12 TCP/UDP: Preserving recently used remote address: [AF_INET]37.120.204.219:1194
2025-04-28 12:36:12 Socket Buffers: R=[212992->212992] S=[212992->212992]
2025-04-28 12:36:12 UDP link local: (not bound)
2025-04-28 12:36:12 UDP link remote: [AF_INET]37.120.204.219:1194
2025-04-28 12:36:12 TLS: Initial packet from [AF_INET]37.120.204.219:1194, sid=2eb3c14a 14b5af3b
2025-04-28 12:36:12 WARNING: this configuration may cache passwords in memory -- use the auth-nocache option to prevent this
2025-04-28 12:36:12 VERIFY OK: depth=2, C=PA, O=NordVPN, CN=NordVPN Root CA
2025-04-28 12:36:12 VERIFY OK: depth=1, O=NordVPN, CN=NordVPN CA10
2025-04-28 12:36:12 VERIFY KU OK
2025-04-28 12:36:12 Validating certificate extended key usage
2025-04-28 12:36:12 ++ Certificate has EKU (str) TLS Web Server Authentication, expects TLS Web Server Authentication
2025-04-28 12:36:12 VERIFY EKU OK
2025-04-28 12:36:12 VERIFY X509NAME OK: CN=fr676.nordvpn.com
2025-04-28 12:36:12 VERIFY OK: depth=0, CN=fr676.nordvpn.com
2025-04-28 12:36:12 Control Channel: TLSv1.3, cipher TLSv1.3 TLS_AES_256_GCM_SHA384, peer certificate: 4096 bit RSA, signature: RSA-SHA512
2025-04-28 12:36:12 [fr676.nordvpn.com] Peer Connection Initiated with [AF_INET]37.120.204.219:1194
2025-04-28 12:36:13 SENT CONTROL [fr676.nordvpn.com]: 'PUSH_REQUEST' (status=1)
2025-04-28 12:36:13 PUSH: Received control message: 'PUSH_REPLY,redirect-gateway def1,dhcp-option DNS 103.86.96.100,dhcp-option DNS 103.86.99.100,explicit-exit-notify,comp-lzo no,route-gateway 10.100.0.1,topology subnet,ping 60,ping-restart 180,ifconfig 10.100.0.2 255.255.0.0,peer-id 16,cipher AES-256-GCM'
2025-04-28 12:36:13 Options error: option 'redirect-gateway' cannot be used in this context ([PUSH-OPTIONS])
2025-04-28 12:36:13 Options error: option 'dhcp-option' cannot be used in this context ([PUSH-OPTIONS])
2025-04-28 12:36:13 Options error: option 'dhcp-option' cannot be used in this context ([PUSH-OPTIONS])
2025-04-28 12:36:13 OPTIONS IMPORT: timers and/or timeouts modified
2025-04-28 12:36:13 OPTIONS IMPORT: explicit notify parm(s) modified
2025-04-28 12:36:13 OPTIONS IMPORT: compression parms modified
2025-04-28 12:36:13 OPTIONS IMPORT: --ifconfig/up options modified
2025-04-28 12:36:13 OPTIONS IMPORT: route-related options modified
2025-04-28 12:36:13 OPTIONS IMPORT: peer-id set
2025-04-28 12:36:13 OPTIONS IMPORT: adjusting link_mtu to 1657
2025-04-28 12:36:13 OPTIONS IMPORT: data channel crypto options modified
2025-04-28 12:36:13 Data Channel: using negotiated cipher 'AES-256-GCM'
2025-04-28 12:36:13 Outgoing Data Channel: Cipher 'AES-256-GCM' initialized with 256 bit key
2025-04-28 12:36:13 Incoming Data Channel: Cipher 'AES-256-GCM' initialized with 256 bit key
2025-04-28 12:36:13 TUN/TAP device tun7 opened
2025-04-28 12:36:13 net_iface_mtu_set: mtu 1500 for tun7
2025-04-28 12:36:13 net_iface_up: set tun7 up
2025-04-28 12:36:13 net_addr_v4_add: 10.100.0.2/16 dev tun7
2025-04-28 12:36:13 Initialization Sequence Completed
2025-04-28 13:30:29 VERIFY OK: depth=2, C=PA, O=NordVPN, CN=NordVPN Root CA
2025-04-28 13:30:29 VERIFY OK: depth=1, O=NordVPN, CN=NordVPN CA10
2025-04-28 13:30:29 VERIFY KU OK
2025-04-28 13:30:29 Validating certificate extended key usage
2025-04-28 13:30:29 ++ Certificate has EKU (str) TLS Web Server Authentication, expects TLS Web Server Authentication
2025-04-28 13:30:29 VERIFY EKU OK
2025-04-28 13:30:29 VERIFY X509NAME OK: CN=fr676.nordvpn.com
2025-04-28 13:30:29 VERIFY OK: depth=0, CN=fr676.nordvpn.com
2025-04-28 13:30:29 Outgoing Data Channel: Cipher 'AES-256-GCM' initialized with 256 bit key
2025-04-28 13:30:29 Incoming Data Channel: Cipher 'AES-256-GCM' initialized with 256 bit key
2025-04-28 13:30:29 Control Channel: TLSv1.3, cipher TLSv1.3 TLS_AES_256_GCM_SHA384, peer certificate: 4096 bit RSA, signature: RSA-SHA512
2025-04-28 14:24:46 VERIFY OK: depth=2, C=PA, O=NordVPN, CN=NordVPN Root CA
2025-04-28 14:24:46 VERIFY OK: depth=1, O=NordVPN, CN=NordVPN CA10
2025-04-28 14:24:46 VERIFY KU OK
2025-04-28 14:24:46 Validating certificate extended key usage
2025-04-28 14:24:46 ++ Certificate has EKU (str) TLS Web Server Authentication, expects TLS Web Server Authentication
2025-04-28 14:24:46 VERIFY EKU OK
2025-04-28 14:24:46 VERIFY X509NAME OK: CN=fr676.nordvpn.com
2025-04-28 14:24:46 VERIFY OK: depth=0, CN=fr676.nordvpn.com
2025-04-28 14:24:46 Outgoing Data Channel: Cipher 'AES-256-GCM' initialized with 256 bit key
2025-04-28 14:24:46 Incoming Data Channel: Cipher 'AES-256-GCM' initialized with 256 bit key
2025-04-28 14:24:46 Control Channel: TLSv1.3, cipher TLSv1.3 TLS_AES_256_GCM_SHA384, peer certificate: 4096 bit RSA, signature: RSA-SHA512
2025-04-28 15:19:04 VERIFY OK: depth=2, C=PA, O=NordVPN, CN=NordVPN Root CA
2025-04-28 15:19:04 VERIFY OK: depth=1, O=NordVPN, CN=NordVPN CA10
2025-04-28 15:19:04 VERIFY KU OK
2025-04-28 15:19:04 Validating certificate extended key usage
2025-04-28 15:19:04 ++ Certificate has EKU (str) TLS Web Server Authentication, expects TLS Web Server Authentication
2025-04-28 15:19:04 VERIFY EKU OK
2025-04-28 15:19:04 VERIFY X509NAME OK: CN=fr676.nordvpn.com
2025-04-28 15:19:04 VERIFY OK: depth=0, CN=fr676.nordvpn.com
2025-04-28 15:19:04 Outgoing Data Channel: Cipher 'AES-256-GCM' initialized with 256 bit key
2025-04-28 15:19:04 Incoming Data Channel: Cipher 'AES-256-GCM' initialized with 256 bit key
2025-04-28 15:19:04 Control Channel: TLSv1.3, cipher TLSv1.3 TLS_AES_256_GCM_SHA384, peer certificate: 4096 bit RSA, signature: RSA-SHA512
2025-04-28 16:13:21 VERIFY OK: depth=2, C=PA, O=NordVPN, CN=NordVPN Root CA
2025-04-28 16:13:21 VERIFY OK: depth=1, O=NordVPN, CN=NordVPN CA10
2025-04-28 16:13:21 VERIFY KU OK
2025-04-28 16:13:21 Validating certificate extended key usage
2025-04-28 16:13:21 ++ Certificate has EKU (str) TLS Web Server Authentication, expects TLS Web Server Authentication
2025-04-28 16:13:21 VERIFY EKU OK
2025-04-28 16:13:21 VERIFY X509NAME OK: CN=fr676.nordvpn.com
2025-04-28 16:13:21 VERIFY OK: depth=0, CN=fr676.nordvpn.com
2025-04-28 16:13:21 Outgoing Data Channel: Cipher 'AES-256-GCM' initialized with 256 bit key
2025-04-28 16:13:21 Incoming Data Channel: Cipher 'AES-256-GCM' initialized with 256 bit key
2025-04-28 16:13:21 Control Channel: TLSv1.3, cipher TLSv1.3 TLS_AES_256_GCM_SHA384, peer certificate: 4096 bit RSA, signature: RSA-SHA512
2025-04-28 17:07:38 VERIFY OK: depth=2, C=PA, O=NordVPN, CN=NordVPN Root CA
2025-04-28 17:07:38 VERIFY OK: depth=1, O=NordVPN, CN=NordVPN CA10
2025-04-28 17:07:38 VERIFY KU OK
2025-04-28 17:07:38 Validating certificate extended key usage
2025-04-28 17:07:38 ++ Certificate has EKU (str) TLS Web Server Authentication, expects TLS Web Server Authentication
2025-04-28 17:07:38 VERIFY EKU OK
2025-04-28 17:07:38 VERIFY X509NAME OK: CN=fr676.nordvpn.com
2025-04-28 17:07:38 VERIFY OK: depth=0, CN=fr676.nordvpn.com
2025-04-28 17:07:38 Outgoing Data Channel: Cipher 'AES-256-GCM' initialized with 256 bit key
2025-04-28 17:07:38 Incoming Data Channel: Cipher 'AES-256-GCM' initialized with 256 bit key
2025-04-28 17:07:38 Control Channel: TLSv1.3, cipher TLSv1.3 TLS_AES_256_GCM_SHA384, peer certificate: 4096 bit RSA, signature: RSA-SHA512
2025-04-28 18:01:55 VERIFY OK: depth=2, C=PA, O=NordVPN, CN=NordVPN Root CA
2025-04-28 18:01:55 VERIFY OK: depth=1, O=NordVPN, CN=NordVPN CA10
2025-04-28 18:01:55 VERIFY KU OK
2025-04-28 18:01:55 Validating certificate extended key usage
2025-04-28 18:01:55 ++ Certificate has EKU (str) TLS Web Server Authentication, expects TLS Web Server Authentication
2025-04-28 18:01:55 VERIFY EKU OK
2025-04-28 18:01:55 VERIFY X509NAME OK: CN=fr676.nordvpn.com
2025-04-28 18:01:55 VERIFY OK: depth=0, CN=fr676.nordvpn.com
2025-04-28 18:01:55 Outgoing Data Channel: Cipher 'AES-256-GCM' initialized with 256 bit key
2025-04-28 18:01:55 Incoming Data Channel: Cipher 'AES-256-GCM' initialized with 256 bit key
2025-04-28 18:01:55 Control Channel: TLSv1.3, cipher TLSv1.3 TLS_AES_256_GCM_SHA384, peer certificate: 4096 bit RSA, signature: RSA-SHA512
2025-04-28 18:56:12 VERIFY OK: depth=2, C=PA, O=NordVPN, CN=NordVPN Root CA
2025-04-28 18:56:12 VERIFY OK: depth=1, O=NordVPN, CN=NordVPN CA10
2025-04-28 18:56:12 VERIFY KU OK
2025-04-28 18:56:12 Validating certificate extended key usage
2025-04-28 18:56:12 ++ Certificate has EKU (str) TLS Web Server Authentication, expects TLS Web Server Authentication
2025-04-28 18:56:12 VERIFY EKU OK
2025-04-28 18:56:12 VERIFY X509NAME OK: CN=fr676.nordvpn.com
2025-04-28 18:56:12 VERIFY OK: depth=0, CN=fr676.nordvpn.com
2025-04-28 18:56:12 Outgoing Data Channel: Cipher 'AES-256-GCM' initialized with 256 bit key
2025-04-28 18:56:12 Incoming Data Channel: Cipher 'AES-256-GCM' initialized with 256 bit key
2025-04-28 18:56:12 Control Channel: TLSv1.3, cipher TLSv1.3 TLS_AES_256_GCM_SHA384, peer certificate: 4096 bit RSA, signature: RSA-SHA512
2025-04-28 19:50:30 VERIFY OK: depth=2, C=PA, O=NordVPN, CN=NordVPN Root CA
2025-04-28 19:50:30 VERIFY OK: depth=1, O=NordVPN, CN=NordVPN CA10
2025-04-28 19:50:30 VERIFY KU OK
2025-04-28 19:50:30 Validating certificate extended key usage
2025-04-28 19:50:30 ++ Certificate has EKU (str) TLS Web Server Authentication, expects TLS Web Server Authentication
2025-04-28 19:50:30 VERIFY EKU OK
2025-04-28 19:50:30 VERIFY X509NAME OK: CN=fr676.nordvpn.com
2025-04-28 19:50:30 VERIFY OK: depth=0, CN=fr676.nordvpn.com
2025-04-28 19:50:30 Outgoing Data Channel: Cipher 'AES-256-GCM' initialized with 256 bit key
2025-04-28 19:50:30 Incoming Data Channel: Cipher 'AES-256-GCM' initialized with 256 bit key
2025-04-28 19:50:30 Control Channel: TLSv1.3, cipher TLSv1.3 TLS_AES_256_GCM_SHA384, peer certificate: 4096 bit RSA, signature: RSA-SHA512
2025-04-28 20:44:47 VERIFY OK: depth=2, C=PA, O=NordVPN, CN=NordVPN Root CA
2025-04-28 20:44:47 VERIFY OK: depth=1, O=NordVPN, CN=NordVPN CA10
2025-04-28 20:44:47 VERIFY KU OK
2025-04-28 20:44:47 Validating certificate extended key usage
2025-04-28 20:44:47 ++ Certificate has EKU (str) TLS Web Server Authentication, expects TLS Web Server Authentication
2025-04-28 20:44:47 VERIFY EKU OK
2025-04-28 20:44:47 VERIFY X509NAME OK: CN=fr676.nordvpn.com
2025-04-28 20:44:47 VERIFY OK: depth=0, CN=fr676.nordvpn.com
2025-04-28 20:44:47 Outgoing Data Channel: Cipher 'AES-256-GCM' initialized with 256 bit key
2025-04-28 20:44:47 Incoming Data Channel: Cipher 'AES-256-GCM' initialized with 256 bit key
2025-04-28 20:44:47 Control Channel: TLSv1.3, cipher TLSv1.3 TLS_AES_256_GCM_SHA384, peer certificate: 4096 bit RSA, signature: RSA-SHA512
2025-04-28 21:39:04 VERIFY OK: depth=2, C=PA, O=NordVPN, CN=NordVPN Root CA
2025-04-28 21:39:04 VERIFY OK: depth=1, O=NordVPN, CN=NordVPN CA10
2025-04-28 21:39:04 VERIFY KU OK
2025-04-28 21:39:04 Validating certificate extended key usage
2025-04-28 21:39:04 ++ Certificate has EKU (str) TLS Web Server Authentication, expects TLS Web Server Authentication
2025-04-28 21:39:04 VERIFY EKU OK
2025-04-28 21:39:04 VERIFY X509NAME OK: CN=fr676.nordvpn.com
2025-04-28 21:39:04 VERIFY OK: depth=0, CN=fr676.nordvpn.com
2025-04-28 21:39:04 Outgoing Data Channel: Cipher 'AES-256-GCM' initialized with 256 bit key
2025-04-28 21:39:04 Incoming Data Channel: Cipher 'AES-256-GCM' initialized with 256 bit key
2025-04-28 21:39:04 Control Channel: TLSv1.3, cipher TLSv1.3 TLS_AES_256_GCM_SHA384, peer certificate: 4096 bit RSA, signature: RSA-SHA512
2025-04-28 22:33:21 VERIFY OK: depth=2, C=PA, O=NordVPN, CN=NordVPN Root CA
2025-04-28 22:33:21 VERIFY OK: depth=1, O=NordVPN, CN=NordVPN CA10
2025-04-28 22:33:21 VERIFY KU OK
2025-04-28 22:33:21 Validating certificate extended key usage
2025-04-28 22:33:21 ++ Certificate has EKU (str) TLS Web Server Authentication, expects TLS Web Server Authentication
2025-04-28 22:33:21 VERIFY EKU OK
2025-04-28 22:33:21 VERIFY X509NAME OK: CN=fr676.nordvpn.com
2025-04-28 22:33:21 VERIFY OK: depth=0, CN=fr676.nordvpn.com
2025-04-28 22:33:21 Outgoing Data Channel: Cipher 'AES-256-GCM' initialized with 256 bit key
2025-04-28 22:33:21 Incoming Data Channel: Cipher 'AES-256-GCM' initialized with 256 bit key
2025-04-28 22:33:21 Control Channel: TLSv1.3, cipher TLSv1.3 TLS_AES_256_GCM_SHA384, peer certificate: 4096 bit RSA, signature: RSA-SHA512
2025-04-28 23:27:38 VERIFY OK: depth=2, C=PA, O=NordVPN, CN=NordVPN Root CA
2025-04-28 23:27:38 VERIFY OK: depth=1, O=NordVPN, CN=NordVPN CA10
2025-04-28 23:27:38 VERIFY KU OK
2025-04-28 23:27:38 Validating certificate extended key usage
2025-04-28 23:27:38 ++ Certificate has EKU (str) TLS Web Server Authentication, expects TLS Web Server Authentication
2025-04-28 23:27:38 VERIFY EKU OK
2025-04-28 23:27:38 VERIFY X509NAME OK: CN=fr676.nordvpn.com
2025-04-28 23:27:38 VERIFY OK: depth=0, CN=fr676.nordvpn.com
2025-04-28 23:27:38 Outgoing Data Channel: Cipher 'AES-256-GCM' initialized with 256 bit key
2025-04-28 23:27:38 Incoming Data Channel: Cipher 'AES-256-GCM' initialized with 256 bit key
2025-04-28 23:27:38 Control Channel: TLSv1.3, cipher TLSv1.3 TLS_AES_256_GCM_SHA384, peer certificate: 4096 bit RSA, signature: RSA-SHA512
2025-04-29 00:21:55 VERIFY OK: depth=2, C=PA, O=NordVPN, CN=NordVPN Root CA
2025-04-29 00:21:55 VERIFY OK: depth=1, O=NordVPN, CN=NordVPN CA10
2025-04-29 00:21:55 VERIFY KU OK
2025-04-29 00:21:55 Validating certificate extended key usage
2025-04-29 00:21:55 ++ Certificate has EKU (str) TLS Web Server Authentication, expects TLS Web Server Authentication
2025-04-29 00:21:55 VERIFY EKU OK
2025-04-29 00:21:55 VERIFY X509NAME OK: CN=fr676.nordvpn.com
2025-04-29 00:21:55 VERIFY OK: depth=0, CN=fr676.nordvpn.com
2025-04-29 00:21:55 Outgoing Data Channel: Cipher 'AES-256-GCM' initialized with 256 bit key
2025-04-29 00:21:55 Incoming Data Channel: Cipher 'AES-256-GCM' initialized with 256 bit key
2025-04-29 00:21:55 Control Channel: TLSv1.3, cipher TLSv1.3 TLS_AES_256_GCM_SHA384, peer certificate: 4096 bit RSA, signature: RSA-SHA512
2025-04-29 01:16:12 VERIFY OK: depth=2, C=PA, O=NordVPN, CN=NordVPN Root CA
2025-04-29 01:16:12 VERIFY OK: depth=1, O=NordVPN, CN=NordVPN CA10
2025-04-29 01:16:12 VERIFY KU OK
2025-04-29 01:16:12 Validating certificate extended key usage
2025-04-29 01:16:12 ++ Certificate has EKU (str) TLS Web Server Authentication, expects TLS Web Server Authentication
2025-04-29 01:16:12 VERIFY EKU OK
2025-04-29 01:16:12 VERIFY X509NAME OK: CN=fr676.nordvpn.com
2025-04-29 01:16:12 VERIFY OK: depth=0, CN=fr676.nordvpn.com
2025-04-29 01:16:12 Outgoing Data Channel: Cipher 'AES-256-GCM' initialized with 256 bit key
2025-04-29 01:16:12 Incoming Data Channel: Cipher 'AES-256-GCM' initialized with 256 bit key
2025-04-29 01:16:12 Control Channel: TLSv1.3, cipher TLSv1.3 TLS_AES_256_GCM_SHA384, peer certificate: 4096 bit RSA, signature: RSA-SHA512
2025-04-29 02:10:29 VERIFY OK: depth=2, C=PA, O=NordVPN, CN=NordVPN Root CA
2025-04-29 02:10:29 VERIFY OK: depth=1, O=NordVPN, CN=NordVPN CA10
2025-04-29 02:10:29 VERIFY KU OK
2025-04-29 02:10:29 Validating certificate extended key usage
2025-04-29 02:10:29 ++ Certificate has EKU (str) TLS Web Server Authentication, expects TLS Web Server Authentication
2025-04-29 02:10:29 VERIFY EKU OK
2025-04-29 02:10:29 VERIFY X509NAME OK: CN=fr676.nordvpn.com
2025-04-29 02:10:29 VERIFY OK: depth=0, CN=fr676.nordvpn.com
2025-04-29 02:10:29 Outgoing Data Channel: Cipher 'AES-256-GCM' initialized with 256 bit key
2025-04-29 02:10:29 Incoming Data Channel: Cipher 'AES-256-GCM' initialized with 256 bit key
2025-04-29 02:10:29 Control Channel: TLSv1.3, cipher TLSv1.3 TLS_AES_256_GCM_SHA384, peer certificate: 4096 bit RSA, signature: RSA-SHA512
2025-04-29 03:04:46 VERIFY OK: depth=2, C=PA, O=NordVPN, CN=NordVPN Root CA
2025-04-29 03:04:46 VERIFY OK: depth=1, O=NordVPN, CN=NordVPN CA10
2025-04-29 03:04:46 VERIFY KU OK
2025-04-29 03:04:46 Validating certificate extended key usage
2025-04-29 03:04:46 ++ Certificate has EKU (str) TLS Web Server Authentication, expects TLS Web Server Authentication
2025-04-29 03:04:46 VERIFY EKU OK
2025-04-29 03:04:46 VERIFY X509NAME OK: CN=fr676.nordvpn.com
2025-04-29 03:04:46 VERIFY OK: depth=0, CN=fr676.nordvpn.com
2025-04-29 03:04:46 Outgoing Data Channel: Cipher 'AES-256-GCM' initialized with 256 bit key
2025-04-29 03:04:46 Incoming Data Channel: Cipher 'AES-256-GCM' initialized with 256 bit key
2025-04-29 03:04:46 Control Channel: TLSv1.3, cipher TLSv1.3 TLS_AES_256_GCM_SHA384, peer certificate: 4096 bit RSA, signature: RSA-SHA512
2025-04-29 03:59:03 VERIFY OK: depth=2, C=PA, O=NordVPN, CN=NordVPN Root CA
2025-04-29 03:59:03 VERIFY OK: depth=1, O=NordVPN, CN=NordVPN CA10
2025-04-29 03:59:03 VERIFY KU OK
2025-04-29 03:59:03 Validating certificate extended key usage
2025-04-29 03:59:03 ++ Certificate has EKU (str) TLS Web Server Authentication, expects TLS Web Server Authentication
2025-04-29 03:59:03 VERIFY EKU OK
2025-04-29 03:59:03 VERIFY X509NAME OK: CN=fr676.nordvpn.com
2025-04-29 03:59:03 VERIFY OK: depth=0, CN=fr676.nordvpn.com
2025-04-29 03:59:03 Outgoing Data Channel: Cipher 'AES-256-GCM' initialized with 256 bit key
2025-04-29 03:59:03 Incoming Data Channel: Cipher 'AES-256-GCM' initialized with 256 bit key
2025-04-29 03:59:03 Control Channel: TLSv1.3, cipher TLSv1.3 TLS_AES_256_GCM_SHA384, peer certificate: 4096 bit RSA, signature: RSA-SHA512
2025-04-29 04:53:21 VERIFY OK: depth=2, C=PA, O=NordVPN, CN=NordVPN Root CA
2025-04-29 04:53:21 VERIFY OK: depth=1, O=NordVPN, CN=NordVPN CA10
2025-04-29 04:53:21 VERIFY KU OK
2025-04-29 04:53:21 Validating certificate extended key usage
2025-04-29 04:53:21 ++ Certificate has EKU (str) TLS Web Server Authentication, expects TLS Web Server Authentication
2025-04-29 04:53:21 VERIFY EKU OK
2025-04-29 04:53:21 VERIFY X509NAME OK: CN=fr676.nordvpn.com
2025-04-29 04:53:21 VERIFY OK: depth=0, CN=fr676.nordvpn.com
2025-04-29 04:53:21 Outgoing Data Channel: Cipher 'AES-256-GCM' initialized with 256 bit key
2025-04-29 04:53:21 Incoming Data Channel: Cipher 'AES-256-GCM' initialized with 256 bit key
2025-04-29 04:53:21 Control Channel: TLSv1.3, cipher TLSv1.3 TLS_AES_256_GCM_SHA384, peer certificate: 4096 bit RSA, signature: RSA-SHA512
2025-04-29 05:47:38 VERIFY OK: depth=2, C=PA, O=NordVPN, CN=NordVPN Root CA
2025-04-29 05:47:38 VERIFY OK: depth=1, O=NordVPN, CN=NordVPN CA10
2025-04-29 05:47:38 VERIFY KU OK
2025-04-29 05:47:38 Validating certificate extended key usage
2025-04-29 05:47:38 ++ Certificate has EKU (str) TLS Web Server Authentication, expects TLS Web Server Authentication
2025-04-29 05:47:38 VERIFY EKU OK
2025-04-29 05:47:38 VERIFY X509NAME OK: CN=fr676.nordvpn.com
2025-04-29 05:47:38 VERIFY OK: depth=0, CN=fr676.nordvpn.com
2025-04-29 05:47:38 Outgoing Data Channel: Cipher 'AES-256-GCM' initialized with 256 bit key
2025-04-29 05:47:38 Incoming Data Channel: Cipher 'AES-256-GCM' initialized with 256 bit key
2025-04-29 05:47:38 Control Channel: TLSv1.3, cipher TLSv1.3 TLS_AES_256_GCM_SHA384, peer certificate: 4096 bit RSA, signature: RSA-SHA512
2025-04-29 06:41:55 VERIFY OK: depth=2, C=PA, O=NordVPN, CN=NordVPN Root CA
2025-04-29 06:41:55 VERIFY OK: depth=1, O=NordVPN, CN=NordVPN CA10
2025-04-29 06:41:55 VERIFY KU OK
2025-04-29 06:41:55 Validating certificate extended key usage
2025-04-29 06:41:55 ++ Certificate has EKU (str) TLS Web Server Authentication, expects TLS Web Server Authentication
2025-04-29 06:41:55 VERIFY EKU OK
2025-04-29 06:41:55 VERIFY X509NAME OK: CN=fr676.nordvpn.com
2025-04-29 06:41:55 VERIFY OK: depth=0, CN=fr676.nordvpn.com
2025-04-29 06:41:55 Outgoing Data Channel: Cipher 'AES-256-GCM' initialized with 256 bit key
2025-04-29 06:41:55 Incoming Data Channel: Cipher 'AES-256-GCM' initialized with 256 bit key
2025-04-29 06:41:55 Control Channel: TLSv1.3, cipher TLSv1.3 TLS_AES_256_GCM_SHA384, peer certificate: 4096 bit RSA, signature: RSA-SHA512
2025-04-29 07:36:12 VERIFY OK: depth=2, C=PA, O=NordVPN, CN=NordVPN Root CA
2025-04-29 07:36:12 VERIFY OK: depth=1, O=NordVPN, CN=NordVPN CA10
2025-04-29 07:36:12 VERIFY KU OK
2025-04-29 07:36:12 Validating certificate extended key usage
2025-04-29 07:36:12 ++ Certificate has EKU (str) TLS Web Server Authentication, expects TLS Web Server Authentication
2025-04-29 07:36:12 VERIFY EKU OK
2025-04-29 07:36:12 VERIFY X509NAME OK: CN=fr676.nordvpn.com
2025-04-29 07:36:12 VERIFY OK: depth=0, CN=fr676.nordvpn.com
2025-04-29 07:36:12 Outgoing Data Channel: Cipher 'AES-256-GCM' initialized with 256 bit key
2025-04-29 07:36:12 Incoming Data Channel: Cipher 'AES-256-GCM' initialized with 256 bit key
2025-04-29 07:36:12 Control Channel: TLSv1.3, cipher TLSv1.3 TLS_AES_256_GCM_SHA384, peer certificate: 4096 bit RSA, signature: RSA-SHA512
2025-04-29 08:30:29 VERIFY OK: depth=2, C=PA, O=NordVPN, CN=NordVPN Root CA
2025-04-29 08:30:29 VERIFY OK: depth=1, O=NordVPN, CN=NordVPN CA10
2025-04-29 08:30:29 VERIFY KU OK
2025-04-29 08:30:29 Validating certificate extended key usage
2025-04-29 08:30:29 ++ Certificate has EKU (str) TLS Web Server Authentication, expects TLS Web Server Authentication
2025-04-29 08:30:29 VERIFY EKU OK
2025-04-29 08:30:29 VERIFY X509NAME OK: CN=fr676.nordvpn.com
2025-04-29 08:30:29 VERIFY OK: depth=0, CN=fr676.nordvpn.com
2025-04-29 08:30:29 Outgoing Data Channel: Cipher 'AES-256-GCM' initialized with 256 bit key
2025-04-29 08:30:29 Incoming Data Channel: Cipher 'AES-256-GCM' initialized with 256 bit key
2025-04-29 08:30:29 Control Channel: TLSv1.3, cipher TLSv1.3 TLS_AES_256_GCM_SHA384, peer certificate: 4096 bit RSA, signature: RSA-SHA512
2025-04-29 09:24:46 VERIFY OK: depth=2, C=PA, O=NordVPN, CN=NordVPN Root CA
2025-04-29 09:24:46 VERIFY OK: depth=1, O=NordVPN, CN=NordVPN CA10
2025-04-29 09:24:46 VERIFY KU OK
2025-04-29 09:24:46 Validating certificate extended key usage
2025-04-29 09:24:46 ++ Certificate has EKU (str) TLS Web Server Authentication, expects TLS Web Server Authentication
2025-04-29 09:24:46 VERIFY EKU OK
2025-04-29 09:24:46 VERIFY X509NAME OK: CN=fr676.nordvpn.com
2025-04-29 09:24:46 VERIFY OK: depth=0, CN=fr676.nordvpn.com
2025-04-29 09:24:46 Outgoing Data Channel: Cipher 'AES-256-GCM' initialized with 256 bit key
2025-04-29 09:24:46 Incoming Data Channel: Cipher 'AES-256-GCM' initialized with 256 bit key
2025-04-29 09:24:46 Control Channel: TLSv1.3, cipher TLSv1.3 TLS_AES_256_GCM_SHA384, peer certificate: 4096 bit RSA, signature: RSA-SHA512
2025-04-29 10:19:03 VERIFY OK: depth=2, C=PA, O=NordVPN, CN=NordVPN Root CA
2025-04-29 10:19:03 VERIFY OK: depth=1, O=NordVPN, CN=NordVPN CA10
2025-04-29 10:19:03 VERIFY KU OK
2025-04-29 10:19:03 Validating certificate extended key usage
2025-04-29 10:19:03 ++ Certificate has EKU (str) TLS Web Server Authentication, expects TLS Web Server Authentication
2025-04-29 10:19:03 VERIFY EKU OK
2025-04-29 10:19:03 VERIFY X509NAME OK: CN=fr676.nordvpn.com
2025-04-29 10:19:03 VERIFY OK: depth=0, CN=fr676.nordvpn.com
2025-04-29 10:19:03 Outgoing Data Channel: Cipher 'AES-256-GCM' initialized with 256 bit key
2025-04-29 10:19:03 Incoming Data Channel: Cipher 'AES-256-GCM' initialized with 256 bit key
2025-04-29 10:19:03 Control Channel: TLSv1.3, cipher TLSv1.3 TLS_AES_256_GCM_SHA384, peer certificate: 4096 bit RSA, signature: RSA-SHA512
2025-04-29 11:13:21 VERIFY OK: depth=2, C=PA, O=NordVPN, CN=NordVPN Root CA
2025-04-29 11:13:21 VERIFY OK: depth=1, O=NordVPN, CN=NordVPN CA10
2025-04-29 11:13:21 VERIFY KU OK
2025-04-29 11:13:21 Validating certificate extended key usage
2025-04-29 11:13:21 ++ Certificate has EKU (str) TLS Web Server Authentication, expects TLS Web Server Authentication
2025-04-29 11:13:21 VERIFY EKU OK
2025-04-29 11:13:21 VERIFY X509NAME OK: CN=fr676.nordvpn.com
2025-04-29 11:13:21 VERIFY OK: depth=0, CN=fr676.nordvpn.com
2025-04-29 11:13:21 Outgoing Data Channel: Cipher 'AES-256-GCM' initialized with 256 bit key
2025-04-29 11:13:21 Incoming Data Channel: Cipher 'AES-256-GCM' initialized with 256 bit key
2025-04-29 11:13:21 Control Channel: TLSv1.3, cipher TLSv1.3 TLS_AES_256_GCM_SHA384, peer certificate: 4096 bit RSA, signature: RSA-SHA512
2025-04-29 12:07:38 VERIFY OK: depth=2, C=PA, O=NordVPN, CN=NordVPN Root CA
2025-04-29 12:07:38 VERIFY OK: depth=1, O=NordVPN, CN=NordVPN CA10
2025-04-29 12:07:38 VERIFY KU OK
2025-04-29 12:07:38 Validating certificate extended key usage
2025-04-29 12:07:38 ++ Certificate has EKU (str) TLS Web Server Authentication, expects TLS Web Server Authentication
2025-04-29 12:07:38 VERIFY EKU OK
2025-04-29 12:07:38 VERIFY X509NAME OK: CN=fr676.nordvpn.com
2025-04-29 12:07:38 VERIFY OK: depth=0, CN=fr676.nordvpn.com
2025-04-29 12:07:38 Outgoing Data Channel: Cipher 'AES-256-GCM' initialized with 256 bit key
2025-04-29 12:07:38 Incoming Data Channel: Cipher 'AES-256-GCM' initialized with 256 bit key
2025-04-29 12:07:38 Control Channel: TLSv1.3, cipher TLSv1.3 TLS_AES_256_GCM_SHA384, peer certificate: 4096 bit RSA, signature: RSA-SHA512
2025-04-29 13:01:55 VERIFY OK: depth=2, C=PA, O=NordVPN, CN=NordVPN Root CA
2025-04-29 13:01:55 VERIFY OK: depth=1, O=NordVPN, CN=NordVPN CA10
2025-04-29 13:01:55 VERIFY KU OK
2025-04-29 13:01:55 Validating certificate extended key usage
2025-04-29 13:01:55 ++ Certificate has EKU (str) TLS Web Server Authentication, expects TLS Web Server Authentication
2025-04-29 13:01:55 VERIFY EKU OK
2025-04-29 13:01:55 VERIFY X509NAME OK: CN=fr676.nordvpn.com
2025-04-29 13:01:55 VERIFY OK: depth=0, CN=fr676.nordvpn.com
2025-04-29 13:01:55 Outgoing Data Channel: Cipher 'AES-256-GCM' initialized with 256 bit key
2025-04-29 13:01:55 Incoming Data Channel: Cipher 'AES-256-GCM' initialized with 256 bit key
2025-04-29 13:01:55 Control Channel: TLSv1.3, cipher TLSv1.3 TLS_AES_256_GCM_SHA384, peer certificate: 4096 bit RSA, signature: RSA-SHA512
