2025-04-28 21:56:32 DEPRECATED OPTION: --cipher set to 'AES-256-CBC' but missing in --data-ciphers (AES-256-GCM:AES-128-GCM). Future OpenVPN version will ignore --cipher for cipher negotiations. Add 'AES-256-CBC' to --data-ciphers or change --cipher 'AES-256-CBC' to --data-ciphers-fallback 'AES-256-CBC' to silence this warning.
2025-04-28 21:56:32 OpenVPN 2.5.11 x86_64-pc-linux-gnu [SSL (OpenSSL)] [LZO] [LZ4] [EPOLL] [PKCS11] [MH/PKTINFO] [AEAD] built on Sep 17 2024
2025-04-28 21:56:32 library versions: OpenSSL 3.0.2 15 Mar 2022, LZO 2.10
2025-04-28 21:56:32 WARNING: --ping should normally be used with --ping-restart or --ping-exit
2025-04-28 21:56:32 Outgoing Control Channel Authentication: Using 512 bit message hash 'SHA512' for HMAC authentication
2025-04-28 21:56:32 Incoming Control Channel Authentication: Using 512 bit message hash 'SHA512' for HMAC authentication
2025-04-28 21:56:32 TCP/UDP: Preserving recently used remote address: [AF_INET]37.120.204.219:1194
2025-04-28 21:56:32 Socket Buffers: R=[212992->212992] S=[212992->212992]
2025-04-28 21:56:32 UDP link local: (not bound)
2025-04-28 21:56:32 UDP link remote: [AF_INET]37.120.204.219:1194
2025-04-28 21:56:32 TLS: Initial packet from [AF_INET]37.120.204.219:1194, sid=f8d2e584 a69f3a45
2025-04-28 21:56:32 WARNING: this configuration may cache passwords in memory -- use the auth-nocache option to prevent this
2025-04-28 21:56:32 VERIFY OK: depth=2, C=PA, O=NordVPN, CN=NordVPN Root CA
2025-04-28 21:56:32 VERIFY OK: depth=1, O=NordVPN, CN=NordVPN CA10
2025-04-28 21:56:32 VERIFY KU OK
2025-04-28 21:56:32 Validating certificate extended key usage
2025-04-28 21:56:32 ++ Certificate has EKU (str) TLS Web Server Authentication, expects TLS Web Server Authentication
2025-04-28 21:56:32 VERIFY EKU OK
2025-04-28 21:56:32 VERIFY X509NAME OK: CN=fr676.nordvpn.com
2025-04-28 21:56:32 VERIFY OK: depth=0, CN=fr676.nordvpn.com
2025-04-28 21:56:32 Control Channel: TLSv1.3, cipher TLSv1.3 TLS_AES_256_GCM_SHA384, peer certificate: 4096 bit RSA, signature: RSA-SHA512
2025-04-28 21:56:32 [fr676.nordvpn.com] Peer Connection Initiated with [AF_INET]37.120.204.219:1194
2025-04-28 21:56:33 SENT CONTROL [fr676.nordvpn.com]: 'PUSH_REQUEST' (status=1)
2025-04-28 21:56:33 PUSH: Received control message: 'PUSH_REPLY,redirect-gateway def1,dhcp-option DNS 103.86.96.100,dhcp-option DNS 103.86.99.100,explicit-exit-notify,comp-lzo no,route-gateway 10.100.0.1,topology subnet,ping 60,ping-restart 180,ifconfig 10.100.0.2 255.255.0.0,peer-id 8,cipher AES-256-GCM'
2025-04-28 21:56:33 Options error: option 'redirect-gateway' cannot be used in this context ([PUSH-OPTIONS])
2025-04-28 21:56:33 Options error: option 'dhcp-option' cannot be used in this context ([PUSH-OPTIONS])
2025-04-28 21:56:33 Options error: option 'dhcp-option' cannot be used in this context ([PUSH-OPTIONS])
2025-04-28 21:56:33 OPTIONS IMPORT: timers and/or timeouts modified
2025-04-28 21:56:33 OPTIONS IMPORT: explicit notify parm(s) modified
2025-04-28 21:56:33 OPTIONS IMPORT: compression parms modified
2025-04-28 21:56:33 OPTIONS IMPORT: --ifconfig/up options modified
2025-04-28 21:56:33 OPTIONS IMPORT: route-related options modified
2025-04-28 21:56:33 OPTIONS IMPORT: peer-id set
2025-04-28 21:56:33 OPTIONS IMPORT: adjusting link_mtu to 1657
2025-04-28 21:56:33 OPTIONS IMPORT: data channel crypto options modified
2025-04-28 21:56:33 Data Channel: using negotiated cipher 'AES-256-GCM'
2025-04-28 21:56:33 Outgoing Data Channel: Cipher 'AES-256-GCM' initialized with 256 bit key
2025-04-28 21:56:33 Incoming Data Channel: Cipher 'AES-256-GCM' initialized with 256 bit key
2025-04-28 21:56:33 TUN/TAP device tun_box_680fdd6 opened
2025-04-28 21:56:33 net_iface_mtu_set: mtu 1500 for tun_box_680fdd6
2025-04-28 21:56:33 net_iface_up: set tun_box_680fdd6 up
2025-04-28 21:56:33 net_addr_v4_add: 10.100.0.2/16 dev tun_box_680fdd6
2025-04-28 21:56:33 Initialization Sequence Completed
2025-04-28 22:56:18 VERIFY OK: depth=2, C=PA, O=NordVPN, CN=NordVPN Root CA
2025-04-28 22:56:18 VERIFY OK: depth=1, O=NordVPN, CN=NordVPN CA10
2025-04-28 22:56:18 VERIFY KU OK
2025-04-28 22:56:18 Validating certificate extended key usage
2025-04-28 22:56:18 ++ Certificate has EKU (str) TLS Web Server Authentication, expects TLS Web Server Authentication
2025-04-28 22:56:18 VERIFY EKU OK
2025-04-28 22:56:18 VERIFY X509NAME OK: CN=fr676.nordvpn.com
2025-04-28 22:56:18 VERIFY OK: depth=0, CN=fr676.nordvpn.com
2025-04-28 22:56:18 Outgoing Data Channel: Cipher 'AES-256-GCM' initialized with 256 bit key
2025-04-28 22:56:18 Incoming Data Channel: Cipher 'AES-256-GCM' initialized with 256 bit key
2025-04-28 22:56:18 Control Channel: TLSv1.3, cipher TLSv1.3 TLS_AES_256_GCM_SHA384, peer certificate: 4096 bit RSA, signature: RSA-SHA512
2025-04-28 23:56:05 VERIFY OK: depth=2, C=PA, O=NordVPN, CN=NordVPN Root CA
2025-04-28 23:56:05 VERIFY OK: depth=1, O=NordVPN, CN=NordVPN CA10
2025-04-28 23:56:05 VERIFY KU OK
2025-04-28 23:56:05 Validating certificate extended key usage
2025-04-28 23:56:05 ++ Certificate has EKU (str) TLS Web Server Authentication, expects TLS Web Server Authentication
2025-04-28 23:56:05 VERIFY EKU OK
2025-04-28 23:56:05 VERIFY X509NAME OK: CN=fr676.nordvpn.com
2025-04-28 23:56:05 VERIFY OK: depth=0, CN=fr676.nordvpn.com
2025-04-28 23:56:05 Outgoing Data Channel: Cipher 'AES-256-GCM' initialized with 256 bit key
2025-04-28 23:56:05 Incoming Data Channel: Cipher 'AES-256-GCM' initialized with 256 bit key
2025-04-28 23:56:05 Control Channel: TLSv1.3, cipher TLSv1.3 TLS_AES_256_GCM_SHA384, peer certificate: 4096 bit RSA, signature: RSA-SHA512
2025-04-29 00:55:51 VERIFY OK: depth=2, C=PA, O=NordVPN, CN=NordVPN Root CA
2025-04-29 00:55:51 VERIFY OK: depth=1, O=NordVPN, CN=NordVPN CA10
2025-04-29 00:55:51 VERIFY KU OK
2025-04-29 00:55:51 Validating certificate extended key usage
2025-04-29 00:55:51 ++ Certificate has EKU (str) TLS Web Server Authentication, expects TLS Web Server Authentication
2025-04-29 00:55:51 VERIFY EKU OK
2025-04-29 00:55:51 VERIFY X509NAME OK: CN=fr676.nordvpn.com
2025-04-29 00:55:51 VERIFY OK: depth=0, CN=fr676.nordvpn.com
2025-04-29 00:55:51 Outgoing Data Channel: Cipher 'AES-256-GCM' initialized with 256 bit key
2025-04-29 00:55:51 Incoming Data Channel: Cipher 'AES-256-GCM' initialized with 256 bit key
2025-04-29 00:55:51 Control Channel: TLSv1.3, cipher TLSv1.3 TLS_AES_256_GCM_SHA384, peer certificate: 4096 bit RSA, signature: RSA-SHA512
2025-04-29 01:55:37 VERIFY OK: depth=2, C=PA, O=NordVPN, CN=NordVPN Root CA
2025-04-29 01:55:37 VERIFY OK: depth=1, O=NordVPN, CN=NordVPN CA10
2025-04-29 01:55:37 VERIFY KU OK
2025-04-29 01:55:37 Validating certificate extended key usage
2025-04-29 01:55:37 ++ Certificate has EKU (str) TLS Web Server Authentication, expects TLS Web Server Authentication
2025-04-29 01:55:37 VERIFY EKU OK
2025-04-29 01:55:37 VERIFY X509NAME OK: CN=fr676.nordvpn.com
2025-04-29 01:55:37 VERIFY OK: depth=0, CN=fr676.nordvpn.com
2025-04-29 01:55:37 Outgoing Data Channel: Cipher 'AES-256-GCM' initialized with 256 bit key
2025-04-29 01:55:37 Incoming Data Channel: Cipher 'AES-256-GCM' initialized with 256 bit key
2025-04-29 01:55:37 Control Channel: TLSv1.3, cipher TLSv1.3 TLS_AES_256_GCM_SHA384, peer certificate: 4096 bit RSA, signature: RSA-SHA512
2025-04-29 02:55:23 VERIFY OK: depth=2, C=PA, O=NordVPN, CN=NordVPN Root CA
2025-04-29 02:55:23 VERIFY OK: depth=1, O=NordVPN, CN=NordVPN CA10
2025-04-29 02:55:23 VERIFY KU OK
2025-04-29 02:55:23 Validating certificate extended key usage
2025-04-29 02:55:23 ++ Certificate has EKU (str) TLS Web Server Authentication, expects TLS Web Server Authentication
2025-04-29 02:55:23 VERIFY EKU OK
2025-04-29 02:55:23 VERIFY X509NAME OK: CN=fr676.nordvpn.com
2025-04-29 02:55:23 VERIFY OK: depth=0, CN=fr676.nordvpn.com
2025-04-29 02:55:23 Outgoing Data Channel: Cipher 'AES-256-GCM' initialized with 256 bit key
2025-04-29 02:55:23 Incoming Data Channel: Cipher 'AES-256-GCM' initialized with 256 bit key
2025-04-29 02:55:23 Control Channel: TLSv1.3, cipher TLSv1.3 TLS_AES_256_GCM_SHA384, peer certificate: 4096 bit RSA, signature: RSA-SHA512
2025-04-29 03:55:09 VERIFY OK: depth=2, C=PA, O=NordVPN, CN=NordVPN Root CA
2025-04-29 03:55:09 VERIFY OK: depth=1, O=NordVPN, CN=NordVPN CA10
2025-04-29 03:55:09 VERIFY KU OK
2025-04-29 03:55:09 Validating certificate extended key usage
2025-04-29 03:55:09 ++ Certificate has EKU (str) TLS Web Server Authentication, expects TLS Web Server Authentication
2025-04-29 03:55:09 VERIFY EKU OK
2025-04-29 03:55:09 VERIFY X509NAME OK: CN=fr676.nordvpn.com
2025-04-29 03:55:09 VERIFY OK: depth=0, CN=fr676.nordvpn.com
2025-04-29 03:55:09 Outgoing Data Channel: Cipher 'AES-256-GCM' initialized with 256 bit key
2025-04-29 03:55:09 Incoming Data Channel: Cipher 'AES-256-GCM' initialized with 256 bit key
2025-04-29 03:55:09 Control Channel: TLSv1.3, cipher TLSv1.3 TLS_AES_256_GCM_SHA384, peer certificate: 4096 bit RSA, signature: RSA-SHA512
2025-04-29 04:54:55 VERIFY OK: depth=2, C=PA, O=NordVPN, CN=NordVPN Root CA
2025-04-29 04:54:55 VERIFY OK: depth=1, O=NordVPN, CN=NordVPN CA10
2025-04-29 04:54:55 VERIFY KU OK
2025-04-29 04:54:55 Validating certificate extended key usage
2025-04-29 04:54:55 ++ Certificate has EKU (str) TLS Web Server Authentication, expects TLS Web Server Authentication
2025-04-29 04:54:55 VERIFY EKU OK
2025-04-29 04:54:55 VERIFY X509NAME OK: CN=fr676.nordvpn.com
2025-04-29 04:54:55 VERIFY OK: depth=0, CN=fr676.nordvpn.com
2025-04-29 04:54:55 Outgoing Data Channel: Cipher 'AES-256-GCM' initialized with 256 bit key
2025-04-29 04:54:55 Incoming Data Channel: Cipher 'AES-256-GCM' initialized with 256 bit key
2025-04-29 04:54:55 Control Channel: TLSv1.3, cipher TLSv1.3 TLS_AES_256_GCM_SHA384, peer certificate: 4096 bit RSA, signature: RSA-SHA512
2025-04-29 05:54:41 VERIFY OK: depth=2, C=PA, O=NordVPN, CN=NordVPN Root CA
2025-04-29 05:54:41 VERIFY OK: depth=1, O=NordVPN, CN=NordVPN CA10
2025-04-29 05:54:41 VERIFY KU OK
2025-04-29 05:54:41 Validating certificate extended key usage
2025-04-29 05:54:41 ++ Certificate has EKU (str) TLS Web Server Authentication, expects TLS Web Server Authentication
2025-04-29 05:54:41 VERIFY EKU OK
2025-04-29 05:54:41 VERIFY X509NAME OK: CN=fr676.nordvpn.com
2025-04-29 05:54:41 VERIFY OK: depth=0, CN=fr676.nordvpn.com
2025-04-29 05:54:41 Outgoing Data Channel: Cipher 'AES-256-GCM' initialized with 256 bit key
2025-04-29 05:54:41 Incoming Data Channel: Cipher 'AES-256-GCM' initialized with 256 bit key
2025-04-29 05:54:41 Control Channel: TLSv1.3, cipher TLSv1.3 TLS_AES_256_GCM_SHA384, peer certificate: 4096 bit RSA, signature: RSA-SHA512
2025-04-29 06:54:28 VERIFY OK: depth=2, C=PA, O=NordVPN, CN=NordVPN Root CA
2025-04-29 06:54:28 VERIFY OK: depth=1, O=NordVPN, CN=NordVPN CA10
2025-04-29 06:54:28 VERIFY KU OK
2025-04-29 06:54:28 Validating certificate extended key usage
2025-04-29 06:54:28 ++ Certificate has EKU (str) TLS Web Server Authentication, expects TLS Web Server Authentication
2025-04-29 06:54:28 VERIFY EKU OK
2025-04-29 06:54:28 VERIFY X509NAME OK: CN=fr676.nordvpn.com
2025-04-29 06:54:28 VERIFY OK: depth=0, CN=fr676.nordvpn.com
2025-04-29 06:54:28 Outgoing Data Channel: Cipher 'AES-256-GCM' initialized with 256 bit key
2025-04-29 06:54:28 Incoming Data Channel: Cipher 'AES-256-GCM' initialized with 256 bit key
2025-04-29 06:54:28 Control Channel: TLSv1.3, cipher TLSv1.3 TLS_AES_256_GCM_SHA384, peer certificate: 4096 bit RSA, signature: RSA-SHA512
2025-04-29 07:54:14 VERIFY OK: depth=2, C=PA, O=NordVPN, CN=NordVPN Root CA
2025-04-29 07:54:14 VERIFY OK: depth=1, O=NordVPN, CN=NordVPN CA10
2025-04-29 07:54:14 VERIFY KU OK
2025-04-29 07:54:14 Validating certificate extended key usage
2025-04-29 07:54:14 ++ Certificate has EKU (str) TLS Web Server Authentication, expects TLS Web Server Authentication
2025-04-29 07:54:14 VERIFY EKU OK
2025-04-29 07:54:14 VERIFY X509NAME OK: CN=fr676.nordvpn.com
2025-04-29 07:54:14 VERIFY OK: depth=0, CN=fr676.nordvpn.com
2025-04-29 07:54:14 Outgoing Data Channel: Cipher 'AES-256-GCM' initialized with 256 bit key
2025-04-29 07:54:14 Incoming Data Channel: Cipher 'AES-256-GCM' initialized with 256 bit key
2025-04-29 07:54:14 Control Channel: TLSv1.3, cipher TLSv1.3 TLS_AES_256_GCM_SHA384, peer certificate: 4096 bit RSA, signature: RSA-SHA512
2025-04-29 08:54:00 VERIFY OK: depth=2, C=PA, O=NordVPN, CN=NordVPN Root CA
2025-04-29 08:54:00 VERIFY OK: depth=1, O=NordVPN, CN=NordVPN CA10
2025-04-29 08:54:00 VERIFY KU OK
2025-04-29 08:54:00 Validating certificate extended key usage
2025-04-29 08:54:00 ++ Certificate has EKU (str) TLS Web Server Authentication, expects TLS Web Server Authentication
2025-04-29 08:54:00 VERIFY EKU OK
2025-04-29 08:54:00 VERIFY X509NAME OK: CN=fr676.nordvpn.com
2025-04-29 08:54:00 VERIFY OK: depth=0, CN=fr676.nordvpn.com
2025-04-29 08:54:00 Outgoing Data Channel: Cipher 'AES-256-GCM' initialized with 256 bit key
2025-04-29 08:54:00 Incoming Data Channel: Cipher 'AES-256-GCM' initialized with 256 bit key
2025-04-29 08:54:00 Control Channel: TLSv1.3, cipher TLSv1.3 TLS_AES_256_GCM_SHA384, peer certificate: 4096 bit RSA, signature: RSA-SHA512
2025-04-29 09:53:46 VERIFY OK: depth=2, C=PA, O=NordVPN, CN=NordVPN Root CA
2025-04-29 09:53:46 VERIFY OK: depth=1, O=NordVPN, CN=NordVPN CA10
2025-04-29 09:53:46 VERIFY KU OK
2025-04-29 09:53:46 Validating certificate extended key usage
2025-04-29 09:53:46 ++ Certificate has EKU (str) TLS Web Server Authentication, expects TLS Web Server Authentication
2025-04-29 09:53:46 VERIFY EKU OK
2025-04-29 09:53:46 VERIFY X509NAME OK: CN=fr676.nordvpn.com
2025-04-29 09:53:46 VERIFY OK: depth=0, CN=fr676.nordvpn.com
2025-04-29 09:53:46 Outgoing Data Channel: Cipher 'AES-256-GCM' initialized with 256 bit key
2025-04-29 09:53:46 Incoming Data Channel: Cipher 'AES-256-GCM' initialized with 256 bit key
2025-04-29 09:53:46 Control Channel: TLSv1.3, cipher TLSv1.3 TLS_AES_256_GCM_SHA384, peer certificate: 4096 bit RSA, signature: RSA-SHA512
2025-04-29 10:53:32 VERIFY OK: depth=2, C=PA, O=NordVPN, CN=NordVPN Root CA
2025-04-29 10:53:32 VERIFY OK: depth=1, O=NordVPN, CN=NordVPN CA10
2025-04-29 10:53:32 VERIFY KU OK
2025-04-29 10:53:32 Validating certificate extended key usage
2025-04-29 10:53:32 ++ Certificate has EKU (str) TLS Web Server Authentication, expects TLS Web Server Authentication
2025-04-29 10:53:32 VERIFY EKU OK
2025-04-29 10:53:32 VERIFY X509NAME OK: CN=fr676.nordvpn.com
2025-04-29 10:53:32 VERIFY OK: depth=0, CN=fr676.nordvpn.com
2025-04-29 10:53:32 Outgoing Data Channel: Cipher 'AES-256-GCM' initialized with 256 bit key
2025-04-29 10:53:32 Incoming Data Channel: Cipher 'AES-256-GCM' initialized with 256 bit key
2025-04-29 10:53:32 Control Channel: TLSv1.3, cipher TLSv1.3 TLS_AES_256_GCM_SHA384, peer certificate: 4096 bit RSA, signature: RSA-SHA512
2025-04-29 11:53:18 VERIFY OK: depth=2, C=PA, O=NordVPN, CN=NordVPN Root CA
2025-04-29 11:53:18 VERIFY OK: depth=1, O=NordVPN, CN=NordVPN CA10
2025-04-29 11:53:18 VERIFY KU OK
2025-04-29 11:53:18 Validating certificate extended key usage
2025-04-29 11:53:18 ++ Certificate has EKU (str) TLS Web Server Authentication, expects TLS Web Server Authentication
2025-04-29 11:53:18 VERIFY EKU OK
2025-04-29 11:53:18 VERIFY X509NAME OK: CN=fr676.nordvpn.com
2025-04-29 11:53:18 VERIFY OK: depth=0, CN=fr676.nordvpn.com
2025-04-29 11:53:18 Outgoing Data Channel: Cipher 'AES-256-GCM' initialized with 256 bit key
2025-04-29 11:53:18 Incoming Data Channel: Cipher 'AES-256-GCM' initialized with 256 bit key
2025-04-29 11:53:18 Control Channel: TLSv1.3, cipher TLSv1.3 TLS_AES_256_GCM_SHA384, peer certificate: 4096 bit RSA, signature: RSA-SHA512
2025-04-29 12:53:04 VERIFY OK: depth=2, C=PA, O=NordVPN, CN=NordVPN Root CA
2025-04-29 12:53:04 VERIFY OK: depth=1, O=NordVPN, CN=NordVPN CA10
2025-04-29 12:53:04 VERIFY KU OK
2025-04-29 12:53:04 Validating certificate extended key usage
2025-04-29 12:53:04 ++ Certificate has EKU (str) TLS Web Server Authentication, expects TLS Web Server Authentication
2025-04-29 12:53:04 VERIFY EKU OK
2025-04-29 12:53:04 VERIFY X509NAME OK: CN=fr676.nordvpn.com
2025-04-29 12:53:04 VERIFY OK: depth=0, CN=fr676.nordvpn.com
2025-04-29 12:53:04 Outgoing Data Channel: Cipher 'AES-256-GCM' initialized with 256 bit key
2025-04-29 12:53:04 Incoming Data Channel: Cipher 'AES-256-GCM' initialized with 256 bit key
2025-04-29 12:53:04 Control Channel: TLSv1.3, cipher TLSv1.3 TLS_AES_256_GCM_SHA384, peer certificate: 4096 bit RSA, signature: RSA-SHA512
