2025-04-28 21:58:51 DEPRECATED OPTION: --cipher set to 'AES-256-CBC' but missing in --data-ciphers (AES-256-GCM:AES-128-GCM). Future OpenVPN version will ignore --cipher for cipher negotiations. Add 'AES-256-CBC' to --data-ciphers or change --cipher 'AES-256-CBC' to --data-ciphers-fallback 'AES-256-CBC' to silence this warning.
2025-04-28 21:58:51 OpenVPN 2.5.11 x86_64-pc-linux-gnu [SSL (OpenSSL)] [LZO] [LZ4] [EPOLL] [PKCS11] [MH/PKTINFO] [AEAD] built on Sep 17 2024
2025-04-28 21:58:51 library versions: OpenSSL 3.0.2 15 Mar 2022, LZO 2.10
2025-04-28 21:58:51 WARNING: --ping should normally be used with --ping-restart or --ping-exit
2025-04-28 21:58:51 Outgoing Control Channel Authentication: Using 512 bit message hash 'SHA512' for HMAC authentication
2025-04-28 21:58:51 Incoming Control Channel Authentication: Using 512 bit message hash 'SHA512' for HMAC authentication
2025-04-28 21:58:51 TCP/UDP: Preserving recently used remote address: [AF_INET]37.120.204.219:1194
2025-04-28 21:58:51 Socket Buffers: R=[212992->212992] S=[212992->212992]
2025-04-28 21:58:51 UDP link local: (not bound)
2025-04-28 21:58:51 UDP link remote: [AF_INET]37.120.204.219:1194
2025-04-28 21:58:51 TLS: Initial packet from [AF_INET]37.120.204.219:1194, sid=57d55289 233c07e2
2025-04-28 21:58:51 WARNING: this configuration may cache passwords in memory -- use the auth-nocache option to prevent this
2025-04-28 21:58:51 VERIFY OK: depth=2, C=PA, O=NordVPN, CN=NordVPN Root CA
2025-04-28 21:58:51 VERIFY OK: depth=1, O=NordVPN, CN=NordVPN CA10
2025-04-28 21:58:51 VERIFY KU OK
2025-04-28 21:58:51 Validating certificate extended key usage
2025-04-28 21:58:51 ++ Certificate has EKU (str) TLS Web Server Authentication, expects TLS Web Server Authentication
2025-04-28 21:58:51 VERIFY EKU OK
2025-04-28 21:58:51 VERIFY X509NAME OK: CN=fr676.nordvpn.com
2025-04-28 21:58:51 VERIFY OK: depth=0, CN=fr676.nordvpn.com
2025-04-28 21:58:51 Control Channel: TLSv1.3, cipher TLSv1.3 TLS_AES_256_GCM_SHA384, peer certificate: 4096 bit RSA, signature: RSA-SHA512
2025-04-28 21:58:51 [fr676.nordvpn.com] Peer Connection Initiated with [AF_INET]37.120.204.219:1194
2025-04-28 21:58:52 SENT CONTROL [fr676.nordvpn.com]: 'PUSH_REQUEST' (status=1)
2025-04-28 21:58:52 PUSH: Received control message: 'PUSH_REPLY,redirect-gateway def1,dhcp-option DNS 103.86.96.100,dhcp-option DNS 103.86.99.100,explicit-exit-notify,comp-lzo no,route-gateway 10.100.0.1,topology subnet,ping 60,ping-restart 180,ifconfig 10.100.0.2 255.255.0.0,peer-id 32,cipher AES-256-GCM'
2025-04-28 21:58:52 Options error: option 'redirect-gateway' cannot be used in this context ([PUSH-OPTIONS])
2025-04-28 21:58:52 Options error: option 'dhcp-option' cannot be used in this context ([PUSH-OPTIONS])
2025-04-28 21:58:52 Options error: option 'dhcp-option' cannot be used in this context ([PUSH-OPTIONS])
2025-04-28 21:58:52 OPTIONS IMPORT: timers and/or timeouts modified
2025-04-28 21:58:52 OPTIONS IMPORT: explicit notify parm(s) modified
2025-04-28 21:58:52 OPTIONS IMPORT: compression parms modified
2025-04-28 21:58:52 OPTIONS IMPORT: --ifconfig/up options modified
2025-04-28 21:58:52 OPTIONS IMPORT: route-related options modified
2025-04-28 21:58:52 OPTIONS IMPORT: peer-id set
2025-04-28 21:58:52 OPTIONS IMPORT: adjusting link_mtu to 1657
2025-04-28 21:58:52 OPTIONS IMPORT: data channel crypto options modified
2025-04-28 21:58:52 Data Channel: using negotiated cipher 'AES-256-GCM'
2025-04-28 21:58:52 Outgoing Data Channel: Cipher 'AES-256-GCM' initialized with 256 bit key
2025-04-28 21:58:52 Incoming Data Channel: Cipher 'AES-256-GCM' initialized with 256 bit key
2025-04-28 21:58:52 TUN/TAP device tun_box_680fddf opened
2025-04-28 21:58:52 net_iface_mtu_set: mtu 1500 for tun_box_680fddf
2025-04-28 21:58:52 net_iface_up: set tun_box_680fddf up
2025-04-28 21:58:52 net_addr_v4_add: 10.100.0.2/16 dev tun_box_680fddf
2025-04-28 21:58:52 Initialization Sequence Completed
2025-04-28 22:54:44 VERIFY OK: depth=2, C=PA, O=NordVPN, CN=NordVPN Root CA
2025-04-28 22:54:44 VERIFY OK: depth=1, O=NordVPN, CN=NordVPN CA10
2025-04-28 22:54:44 VERIFY KU OK
2025-04-28 22:54:44 Validating certificate extended key usage
2025-04-28 22:54:44 ++ Certificate has EKU (str) TLS Web Server Authentication, expects TLS Web Server Authentication
2025-04-28 22:54:44 VERIFY EKU OK
2025-04-28 22:54:44 VERIFY X509NAME OK: CN=fr676.nordvpn.com
2025-04-28 22:54:44 VERIFY OK: depth=0, CN=fr676.nordvpn.com
2025-04-28 22:54:44 Outgoing Data Channel: Cipher 'AES-256-GCM' initialized with 256 bit key
2025-04-28 22:54:44 Incoming Data Channel: Cipher 'AES-256-GCM' initialized with 256 bit key
2025-04-28 22:54:44 Control Channel: TLSv1.3, cipher TLSv1.3 TLS_AES_256_GCM_SHA384, peer certificate: 4096 bit RSA, signature: RSA-SHA512
2025-04-28 23:50:37 VERIFY OK: depth=2, C=PA, O=NordVPN, CN=NordVPN Root CA
2025-04-28 23:50:37 VERIFY OK: depth=1, O=NordVPN, CN=NordVPN CA10
2025-04-28 23:50:37 VERIFY KU OK
2025-04-28 23:50:37 Validating certificate extended key usage
2025-04-28 23:50:37 ++ Certificate has EKU (str) TLS Web Server Authentication, expects TLS Web Server Authentication
2025-04-28 23:50:37 VERIFY EKU OK
2025-04-28 23:50:37 VERIFY X509NAME OK: CN=fr676.nordvpn.com
2025-04-28 23:50:37 VERIFY OK: depth=0, CN=fr676.nordvpn.com
2025-04-28 23:50:37 Outgoing Data Channel: Cipher 'AES-256-GCM' initialized with 256 bit key
2025-04-28 23:50:37 Incoming Data Channel: Cipher 'AES-256-GCM' initialized with 256 bit key
2025-04-28 23:50:37 Control Channel: TLSv1.3, cipher TLSv1.3 TLS_AES_256_GCM_SHA384, peer certificate: 4096 bit RSA, signature: RSA-SHA512
2025-04-29 00:46:30 VERIFY OK: depth=2, C=PA, O=NordVPN, CN=NordVPN Root CA
2025-04-29 00:46:30 VERIFY OK: depth=1, O=NordVPN, CN=NordVPN CA10
2025-04-29 00:46:30 VERIFY KU OK
2025-04-29 00:46:30 Validating certificate extended key usage
2025-04-29 00:46:30 ++ Certificate has EKU (str) TLS Web Server Authentication, expects TLS Web Server Authentication
2025-04-29 00:46:30 VERIFY EKU OK
2025-04-29 00:46:30 VERIFY X509NAME OK: CN=fr676.nordvpn.com
2025-04-29 00:46:30 VERIFY OK: depth=0, CN=fr676.nordvpn.com
2025-04-29 00:46:30 Outgoing Data Channel: Cipher 'AES-256-GCM' initialized with 256 bit key
2025-04-29 00:46:30 Incoming Data Channel: Cipher 'AES-256-GCM' initialized with 256 bit key
2025-04-29 00:46:30 Control Channel: TLSv1.3, cipher TLSv1.3 TLS_AES_256_GCM_SHA384, peer certificate: 4096 bit RSA, signature: RSA-SHA512
2025-04-29 01:42:23 VERIFY OK: depth=2, C=PA, O=NordVPN, CN=NordVPN Root CA
2025-04-29 01:42:23 VERIFY OK: depth=1, O=NordVPN, CN=NordVPN CA10
2025-04-29 01:42:23 VERIFY KU OK
2025-04-29 01:42:23 Validating certificate extended key usage
2025-04-29 01:42:23 ++ Certificate has EKU (str) TLS Web Server Authentication, expects TLS Web Server Authentication
2025-04-29 01:42:23 VERIFY EKU OK
2025-04-29 01:42:23 VERIFY X509NAME OK: CN=fr676.nordvpn.com
2025-04-29 01:42:23 VERIFY OK: depth=0, CN=fr676.nordvpn.com
2025-04-29 01:42:23 Outgoing Data Channel: Cipher 'AES-256-GCM' initialized with 256 bit key
2025-04-29 01:42:23 Incoming Data Channel: Cipher 'AES-256-GCM' initialized with 256 bit key
2025-04-29 01:42:23 Control Channel: TLSv1.3, cipher TLSv1.3 TLS_AES_256_GCM_SHA384, peer certificate: 4096 bit RSA, signature: RSA-SHA512
2025-04-29 02:38:16 VERIFY OK: depth=2, C=PA, O=NordVPN, CN=NordVPN Root CA
2025-04-29 02:38:16 VERIFY OK: depth=1, O=NordVPN, CN=NordVPN CA10
2025-04-29 02:38:16 VERIFY KU OK
2025-04-29 02:38:16 Validating certificate extended key usage
2025-04-29 02:38:16 ++ Certificate has EKU (str) TLS Web Server Authentication, expects TLS Web Server Authentication
2025-04-29 02:38:16 VERIFY EKU OK
2025-04-29 02:38:16 VERIFY X509NAME OK: CN=fr676.nordvpn.com
2025-04-29 02:38:16 VERIFY OK: depth=0, CN=fr676.nordvpn.com
2025-04-29 02:38:16 Outgoing Data Channel: Cipher 'AES-256-GCM' initialized with 256 bit key
2025-04-29 02:38:16 Incoming Data Channel: Cipher 'AES-256-GCM' initialized with 256 bit key
2025-04-29 02:38:16 Control Channel: TLSv1.3, cipher TLSv1.3 TLS_AES_256_GCM_SHA384, peer certificate: 4096 bit RSA, signature: RSA-SHA512
2025-04-29 03:34:09 VERIFY OK: depth=2, C=PA, O=NordVPN, CN=NordVPN Root CA
2025-04-29 03:34:09 VERIFY OK: depth=1, O=NordVPN, CN=NordVPN CA10
2025-04-29 03:34:09 VERIFY KU OK
2025-04-29 03:34:09 Validating certificate extended key usage
2025-04-29 03:34:09 ++ Certificate has EKU (str) TLS Web Server Authentication, expects TLS Web Server Authentication
2025-04-29 03:34:09 VERIFY EKU OK
2025-04-29 03:34:09 VERIFY X509NAME OK: CN=fr676.nordvpn.com
2025-04-29 03:34:09 VERIFY OK: depth=0, CN=fr676.nordvpn.com
2025-04-29 03:34:09 Outgoing Data Channel: Cipher 'AES-256-GCM' initialized with 256 bit key
2025-04-29 03:34:09 Incoming Data Channel: Cipher 'AES-256-GCM' initialized with 256 bit key
2025-04-29 03:34:09 Control Channel: TLSv1.3, cipher TLSv1.3 TLS_AES_256_GCM_SHA384, peer certificate: 4096 bit RSA, signature: RSA-SHA512
2025-04-29 04:30:02 VERIFY OK: depth=2, C=PA, O=NordVPN, CN=NordVPN Root CA
2025-04-29 04:30:02 VERIFY OK: depth=1, O=NordVPN, CN=NordVPN CA10
2025-04-29 04:30:02 VERIFY KU OK
2025-04-29 04:30:02 Validating certificate extended key usage
2025-04-29 04:30:02 ++ Certificate has EKU (str) TLS Web Server Authentication, expects TLS Web Server Authentication
2025-04-29 04:30:02 VERIFY EKU OK
2025-04-29 04:30:02 VERIFY X509NAME OK: CN=fr676.nordvpn.com
2025-04-29 04:30:02 VERIFY OK: depth=0, CN=fr676.nordvpn.com
2025-04-29 04:30:02 Outgoing Data Channel: Cipher 'AES-256-GCM' initialized with 256 bit key
2025-04-29 04:30:02 Incoming Data Channel: Cipher 'AES-256-GCM' initialized with 256 bit key
2025-04-29 04:30:02 Control Channel: TLSv1.3, cipher TLSv1.3 TLS_AES_256_GCM_SHA384, peer certificate: 4096 bit RSA, signature: RSA-SHA512
2025-04-29 05:25:55 VERIFY OK: depth=2, C=PA, O=NordVPN, CN=NordVPN Root CA
2025-04-29 05:25:55 VERIFY OK: depth=1, O=NordVPN, CN=NordVPN CA10
2025-04-29 05:25:55 VERIFY KU OK
2025-04-29 05:25:55 Validating certificate extended key usage
2025-04-29 05:25:55 ++ Certificate has EKU (str) TLS Web Server Authentication, expects TLS Web Server Authentication
2025-04-29 05:25:55 VERIFY EKU OK
2025-04-29 05:25:55 VERIFY X509NAME OK: CN=fr676.nordvpn.com
2025-04-29 05:25:55 VERIFY OK: depth=0, CN=fr676.nordvpn.com
2025-04-29 05:25:55 Outgoing Data Channel: Cipher 'AES-256-GCM' initialized with 256 bit key
2025-04-29 05:25:55 Incoming Data Channel: Cipher 'AES-256-GCM' initialized with 256 bit key
2025-04-29 05:25:55 Control Channel: TLSv1.3, cipher TLSv1.3 TLS_AES_256_GCM_SHA384, peer certificate: 4096 bit RSA, signature: RSA-SHA512
2025-04-29 06:21:48 VERIFY OK: depth=2, C=PA, O=NordVPN, CN=NordVPN Root CA
2025-04-29 06:21:48 VERIFY OK: depth=1, O=NordVPN, CN=NordVPN CA10
2025-04-29 06:21:48 VERIFY KU OK
2025-04-29 06:21:48 Validating certificate extended key usage
2025-04-29 06:21:48 ++ Certificate has EKU (str) TLS Web Server Authentication, expects TLS Web Server Authentication
2025-04-29 06:21:48 VERIFY EKU OK
2025-04-29 06:21:48 VERIFY X509NAME OK: CN=fr676.nordvpn.com
2025-04-29 06:21:48 VERIFY OK: depth=0, CN=fr676.nordvpn.com
2025-04-29 06:21:48 Outgoing Data Channel: Cipher 'AES-256-GCM' initialized with 256 bit key
2025-04-29 06:21:48 Incoming Data Channel: Cipher 'AES-256-GCM' initialized with 256 bit key
2025-04-29 06:21:48 Control Channel: TLSv1.3, cipher TLSv1.3 TLS_AES_256_GCM_SHA384, peer certificate: 4096 bit RSA, signature: RSA-SHA512
2025-04-29 07:17:41 VERIFY OK: depth=2, C=PA, O=NordVPN, CN=NordVPN Root CA
2025-04-29 07:17:41 VERIFY OK: depth=1, O=NordVPN, CN=NordVPN CA10
2025-04-29 07:17:41 VERIFY KU OK
2025-04-29 07:17:41 Validating certificate extended key usage
2025-04-29 07:17:41 ++ Certificate has EKU (str) TLS Web Server Authentication, expects TLS Web Server Authentication
2025-04-29 07:17:41 VERIFY EKU OK
2025-04-29 07:17:41 VERIFY X509NAME OK: CN=fr676.nordvpn.com
2025-04-29 07:17:41 VERIFY OK: depth=0, CN=fr676.nordvpn.com
2025-04-29 07:17:41 Outgoing Data Channel: Cipher 'AES-256-GCM' initialized with 256 bit key
2025-04-29 07:17:41 Incoming Data Channel: Cipher 'AES-256-GCM' initialized with 256 bit key
2025-04-29 07:17:41 Control Channel: TLSv1.3, cipher TLSv1.3 TLS_AES_256_GCM_SHA384, peer certificate: 4096 bit RSA, signature: RSA-SHA512
2025-04-29 08:13:34 VERIFY OK: depth=2, C=PA, O=NordVPN, CN=NordVPN Root CA
2025-04-29 08:13:34 VERIFY OK: depth=1, O=NordVPN, CN=NordVPN CA10
2025-04-29 08:13:34 VERIFY KU OK
2025-04-29 08:13:34 Validating certificate extended key usage
2025-04-29 08:13:34 ++ Certificate has EKU (str) TLS Web Server Authentication, expects TLS Web Server Authentication
2025-04-29 08:13:34 VERIFY EKU OK
2025-04-29 08:13:34 VERIFY X509NAME OK: CN=fr676.nordvpn.com
2025-04-29 08:13:34 VERIFY OK: depth=0, CN=fr676.nordvpn.com
2025-04-29 08:13:34 Outgoing Data Channel: Cipher 'AES-256-GCM' initialized with 256 bit key
2025-04-29 08:13:34 Incoming Data Channel: Cipher 'AES-256-GCM' initialized with 256 bit key
2025-04-29 08:13:34 Control Channel: TLSv1.3, cipher TLSv1.3 TLS_AES_256_GCM_SHA384, peer certificate: 4096 bit RSA, signature: RSA-SHA512
2025-04-29 09:09:27 VERIFY OK: depth=2, C=PA, O=NordVPN, CN=NordVPN Root CA
2025-04-29 09:09:27 VERIFY OK: depth=1, O=NordVPN, CN=NordVPN CA10
2025-04-29 09:09:27 VERIFY KU OK
2025-04-29 09:09:27 Validating certificate extended key usage
2025-04-29 09:09:27 ++ Certificate has EKU (str) TLS Web Server Authentication, expects TLS Web Server Authentication
2025-04-29 09:09:27 VERIFY EKU OK
2025-04-29 09:09:27 VERIFY X509NAME OK: CN=fr676.nordvpn.com
2025-04-29 09:09:27 VERIFY OK: depth=0, CN=fr676.nordvpn.com
2025-04-29 09:09:27 Outgoing Data Channel: Cipher 'AES-256-GCM' initialized with 256 bit key
2025-04-29 09:09:27 Incoming Data Channel: Cipher 'AES-256-GCM' initialized with 256 bit key
2025-04-29 09:09:27 Control Channel: TLSv1.3, cipher TLSv1.3 TLS_AES_256_GCM_SHA384, peer certificate: 4096 bit RSA, signature: RSA-SHA512
2025-04-29 10:05:20 VERIFY OK: depth=2, C=PA, O=NordVPN, CN=NordVPN Root CA
2025-04-29 10:05:20 VERIFY OK: depth=1, O=NordVPN, CN=NordVPN CA10
2025-04-29 10:05:20 VERIFY KU OK
2025-04-29 10:05:20 Validating certificate extended key usage
2025-04-29 10:05:20 ++ Certificate has EKU (str) TLS Web Server Authentication, expects TLS Web Server Authentication
2025-04-29 10:05:20 VERIFY EKU OK
2025-04-29 10:05:20 VERIFY X509NAME OK: CN=fr676.nordvpn.com
2025-04-29 10:05:20 VERIFY OK: depth=0, CN=fr676.nordvpn.com
2025-04-29 10:05:20 Outgoing Data Channel: Cipher 'AES-256-GCM' initialized with 256 bit key
2025-04-29 10:05:20 Incoming Data Channel: Cipher 'AES-256-GCM' initialized with 256 bit key
2025-04-29 10:05:20 Control Channel: TLSv1.3, cipher TLSv1.3 TLS_AES_256_GCM_SHA384, peer certificate: 4096 bit RSA, signature: RSA-SHA512
2025-04-29 11:01:13 VERIFY OK: depth=2, C=PA, O=NordVPN, CN=NordVPN Root CA
2025-04-29 11:01:13 VERIFY OK: depth=1, O=NordVPN, CN=NordVPN CA10
2025-04-29 11:01:13 VERIFY KU OK
2025-04-29 11:01:13 Validating certificate extended key usage
2025-04-29 11:01:13 ++ Certificate has EKU (str) TLS Web Server Authentication, expects TLS Web Server Authentication
2025-04-29 11:01:13 VERIFY EKU OK
2025-04-29 11:01:13 VERIFY X509NAME OK: CN=fr676.nordvpn.com
2025-04-29 11:01:13 VERIFY OK: depth=0, CN=fr676.nordvpn.com
2025-04-29 11:01:13 Outgoing Data Channel: Cipher 'AES-256-GCM' initialized with 256 bit key
2025-04-29 11:01:13 Incoming Data Channel: Cipher 'AES-256-GCM' initialized with 256 bit key
2025-04-29 11:01:13 Control Channel: TLSv1.3, cipher TLSv1.3 TLS_AES_256_GCM_SHA384, peer certificate: 4096 bit RSA, signature: RSA-SHA512
2025-04-29 11:57:06 VERIFY OK: depth=2, C=PA, O=NordVPN, CN=NordVPN Root CA
2025-04-29 11:57:06 VERIFY OK: depth=1, O=NordVPN, CN=NordVPN CA10
2025-04-29 11:57:06 VERIFY KU OK
2025-04-29 11:57:06 Validating certificate extended key usage
2025-04-29 11:57:06 ++ Certificate has EKU (str) TLS Web Server Authentication, expects TLS Web Server Authentication
2025-04-29 11:57:06 VERIFY EKU OK
2025-04-29 11:57:06 VERIFY X509NAME OK: CN=fr676.nordvpn.com
2025-04-29 11:57:06 VERIFY OK: depth=0, CN=fr676.nordvpn.com
2025-04-29 11:57:06 Outgoing Data Channel: Cipher 'AES-256-GCM' initialized with 256 bit key
2025-04-29 11:57:06 Incoming Data Channel: Cipher 'AES-256-GCM' initialized with 256 bit key
2025-04-29 11:57:06 Control Channel: TLSv1.3, cipher TLSv1.3 TLS_AES_256_GCM_SHA384, peer certificate: 4096 bit RSA, signature: RSA-SHA512
2025-04-29 12:52:59 VERIFY OK: depth=2, C=PA, O=NordVPN, CN=NordVPN Root CA
2025-04-29 12:52:59 VERIFY OK: depth=1, O=NordVPN, CN=NordVPN CA10
2025-04-29 12:52:59 VERIFY KU OK
2025-04-29 12:52:59 Validating certificate extended key usage
2025-04-29 12:52:59 ++ Certificate has EKU (str) TLS Web Server Authentication, expects TLS Web Server Authentication
2025-04-29 12:52:59 VERIFY EKU OK
2025-04-29 12:52:59 VERIFY X509NAME OK: CN=fr676.nordvpn.com
2025-04-29 12:52:59 VERIFY OK: depth=0, CN=fr676.nordvpn.com
2025-04-29 12:52:59 Outgoing Data Channel: Cipher 'AES-256-GCM' initialized with 256 bit key
2025-04-29 12:52:59 Incoming Data Channel: Cipher 'AES-256-GCM' initialized with 256 bit key
2025-04-29 12:52:59 Control Channel: TLSv1.3, cipher TLSv1.3 TLS_AES_256_GCM_SHA384, peer certificate: 4096 bit RSA, signature: RSA-SHA512
