2025-04-28 12:28:27 DEPRECATED OPTION: --cipher set to 'AES-256-CBC' but missing in --data-ciphers (AES-256-GCM:AES-128-GCM). Future OpenVPN version will ignore --cipher for cipher negotiations. Add 'AES-256-CBC' to --data-ciphers or change --cipher 'AES-256-CBC' to --data-ciphers-fallback 'AES-256-CBC' to silence this warning.
2025-04-28 12:28:27 OpenVPN 2.5.11 x86_64-pc-linux-gnu [SSL (OpenSSL)] [LZO] [LZ4] [EPOLL] [PKCS11] [MH/PKTINFO] [AEAD] built on Sep 17 2024
2025-04-28 12:28:27 library versions: OpenSSL 3.0.2 15 Mar 2022, LZO 2.10
2025-04-28 12:28:27 WARNING: --ping should normally be used with --ping-restart or --ping-exit
2025-04-28 12:28:27 Outgoing Control Channel Authentication: Using 512 bit message hash 'SHA512' for HMAC authentication
2025-04-28 12:28:27 Incoming Control Channel Authentication: Using 512 bit message hash 'SHA512' for HMAC authentication
2025-04-28 12:28:27 TCP/UDP: Preserving recently used remote address: [AF_INET]89.40.183.18:1194
2025-04-28 12:28:27 Socket Buffers: R=[212992->212992] S=[212992->212992]
2025-04-28 12:28:27 UDP link local: (not bound)
2025-04-28 12:28:27 UDP link remote: [AF_INET]89.40.183.18:1194
2025-04-28 12:28:27 TLS: Initial packet from [AF_INET]89.40.183.18:1194, sid=b5459745 b5223e30
2025-04-28 12:28:27 WARNING: this configuration may cache passwords in memory -- use the auth-nocache option to prevent this
2025-04-28 12:28:27 VERIFY OK: depth=2, C=PA, O=NordVPN, CN=NordVPN Root CA
2025-04-28 12:28:27 VERIFY OK: depth=1, O=NordVPN, CN=NordVPN CA10
2025-04-28 12:28:27 VERIFY KU OK
2025-04-28 12:28:27 Validating certificate extended key usage
2025-04-28 12:28:27 ++ Certificate has EKU (str) TLS Web Server Authentication, expects TLS Web Server Authentication
2025-04-28 12:28:27 VERIFY EKU OK
2025-04-28 12:28:27 VERIFY X509NAME OK: CN=fr550.nordvpn.com
2025-04-28 12:28:27 VERIFY OK: depth=0, CN=fr550.nordvpn.com
2025-04-28 12:28:27 Control Channel: TLSv1.3, cipher TLSv1.3 TLS_AES_256_GCM_SHA384, peer certificate: 4096 bit RSA, signature: RSA-SHA512
2025-04-28 12:28:27 [fr550.nordvpn.com] Peer Connection Initiated with [AF_INET]89.40.183.18:1194
2025-04-28 12:28:28 SENT CONTROL [fr550.nordvpn.com]: 'PUSH_REQUEST' (status=1)
2025-04-28 12:28:28 PUSH: Received control message: 'PUSH_REPLY,redirect-gateway def1,dhcp-option DNS 103.86.96.100,dhcp-option DNS 103.86.99.100,explicit-exit-notify,comp-lzo no,route-gateway 10.100.0.1,topology subnet,ping 60,ping-restart 180,ifconfig 10.100.0.2 255.255.0.0,peer-id 47,cipher AES-256-GCM'
2025-04-28 12:28:28 Options error: option 'redirect-gateway' cannot be used in this context ([PUSH-OPTIONS])
2025-04-28 12:28:28 Options error: option 'dhcp-option' cannot be used in this context ([PUSH-OPTIONS])
2025-04-28 12:28:28 Options error: option 'dhcp-option' cannot be used in this context ([PUSH-OPTIONS])
2025-04-28 12:28:28 OPTIONS IMPORT: timers and/or timeouts modified
2025-04-28 12:28:28 OPTIONS IMPORT: explicit notify parm(s) modified
2025-04-28 12:28:28 OPTIONS IMPORT: compression parms modified
2025-04-28 12:28:28 OPTIONS IMPORT: --ifconfig/up options modified
2025-04-28 12:28:28 OPTIONS IMPORT: route-related options modified
2025-04-28 12:28:28 OPTIONS IMPORT: peer-id set
2025-04-28 12:28:28 OPTIONS IMPORT: adjusting link_mtu to 1657
2025-04-28 12:28:28 OPTIONS IMPORT: data channel crypto options modified
2025-04-28 12:28:28 Data Channel: using negotiated cipher 'AES-256-GCM'
2025-04-28 12:28:28 Outgoing Data Channel: Cipher 'AES-256-GCM' initialized with 256 bit key
2025-04-28 12:28:28 Incoming Data Channel: Cipher 'AES-256-GCM' initialized with 256 bit key
2025-04-28 12:28:28 TUN/TAP device tun6 opened
2025-04-28 12:28:28 net_iface_mtu_set: mtu 1500 for tun6
2025-04-28 12:28:28 net_iface_up: set tun6 up
2025-04-28 12:28:28 net_addr_v4_add: 10.100.0.2/16 dev tun6
2025-04-28 12:28:28 Initialization Sequence Completed
2025-04-28 13:27:36 VERIFY OK: depth=2, C=PA, O=NordVPN, CN=NordVPN Root CA
2025-04-28 13:27:36 VERIFY OK: depth=1, O=NordVPN, CN=NordVPN CA10
2025-04-28 13:27:36 VERIFY KU OK
2025-04-28 13:27:36 Validating certificate extended key usage
2025-04-28 13:27:36 ++ Certificate has EKU (str) TLS Web Server Authentication, expects TLS Web Server Authentication
2025-04-28 13:27:36 VERIFY EKU OK
2025-04-28 13:27:36 VERIFY X509NAME OK: CN=fr550.nordvpn.com
2025-04-28 13:27:36 VERIFY OK: depth=0, CN=fr550.nordvpn.com
2025-04-28 13:27:36 Outgoing Data Channel: Cipher 'AES-256-GCM' initialized with 256 bit key
2025-04-28 13:27:36 Incoming Data Channel: Cipher 'AES-256-GCM' initialized with 256 bit key
2025-04-28 13:27:36 Control Channel: TLSv1.3, cipher TLSv1.3 TLS_AES_256_GCM_SHA384, peer certificate: 4096 bit RSA, signature: RSA-SHA512
2025-04-28 14:26:45 VERIFY OK: depth=2, C=PA, O=NordVPN, CN=NordVPN Root CA
2025-04-28 14:26:45 VERIFY OK: depth=1, O=NordVPN, CN=NordVPN CA10
2025-04-28 14:26:45 VERIFY KU OK
2025-04-28 14:26:45 Validating certificate extended key usage
2025-04-28 14:26:45 ++ Certificate has EKU (str) TLS Web Server Authentication, expects TLS Web Server Authentication
2025-04-28 14:26:45 VERIFY EKU OK
2025-04-28 14:26:45 VERIFY X509NAME OK: CN=fr550.nordvpn.com
2025-04-28 14:26:45 VERIFY OK: depth=0, CN=fr550.nordvpn.com
2025-04-28 14:26:45 Outgoing Data Channel: Cipher 'AES-256-GCM' initialized with 256 bit key
2025-04-28 14:26:45 Incoming Data Channel: Cipher 'AES-256-GCM' initialized with 256 bit key
2025-04-28 14:26:45 Control Channel: TLSv1.3, cipher TLSv1.3 TLS_AES_256_GCM_SHA384, peer certificate: 4096 bit RSA, signature: RSA-SHA512
2025-04-28 15:25:54 VERIFY OK: depth=2, C=PA, O=NordVPN, CN=NordVPN Root CA
2025-04-28 15:25:54 VERIFY OK: depth=1, O=NordVPN, CN=NordVPN CA10
2025-04-28 15:25:54 VERIFY KU OK
2025-04-28 15:25:54 Validating certificate extended key usage
2025-04-28 15:25:54 ++ Certificate has EKU (str) TLS Web Server Authentication, expects TLS Web Server Authentication
2025-04-28 15:25:54 VERIFY EKU OK
2025-04-28 15:25:54 VERIFY X509NAME OK: CN=fr550.nordvpn.com
2025-04-28 15:25:54 VERIFY OK: depth=0, CN=fr550.nordvpn.com
2025-04-28 15:25:54 Outgoing Data Channel: Cipher 'AES-256-GCM' initialized with 256 bit key
2025-04-28 15:25:54 Incoming Data Channel: Cipher 'AES-256-GCM' initialized with 256 bit key
2025-04-28 15:25:54 Control Channel: TLSv1.3, cipher TLSv1.3 TLS_AES_256_GCM_SHA384, peer certificate: 4096 bit RSA, signature: RSA-SHA512
2025-04-28 16:25:03 VERIFY OK: depth=2, C=PA, O=NordVPN, CN=NordVPN Root CA
2025-04-28 16:25:03 VERIFY OK: depth=1, O=NordVPN, CN=NordVPN CA10
2025-04-28 16:25:03 VERIFY KU OK
2025-04-28 16:25:03 Validating certificate extended key usage
2025-04-28 16:25:03 ++ Certificate has EKU (str) TLS Web Server Authentication, expects TLS Web Server Authentication
2025-04-28 16:25:03 VERIFY EKU OK
2025-04-28 16:25:03 VERIFY X509NAME OK: CN=fr550.nordvpn.com
2025-04-28 16:25:03 VERIFY OK: depth=0, CN=fr550.nordvpn.com
2025-04-28 16:25:03 Outgoing Data Channel: Cipher 'AES-256-GCM' initialized with 256 bit key
2025-04-28 16:25:03 Incoming Data Channel: Cipher 'AES-256-GCM' initialized with 256 bit key
2025-04-28 16:25:03 Control Channel: TLSv1.3, cipher TLSv1.3 TLS_AES_256_GCM_SHA384, peer certificate: 4096 bit RSA, signature: RSA-SHA512
2025-04-28 17:24:12 VERIFY OK: depth=2, C=PA, O=NordVPN, CN=NordVPN Root CA
2025-04-28 17:24:12 VERIFY OK: depth=1, O=NordVPN, CN=NordVPN CA10
2025-04-28 17:24:12 VERIFY KU OK
2025-04-28 17:24:12 Validating certificate extended key usage
2025-04-28 17:24:12 ++ Certificate has EKU (str) TLS Web Server Authentication, expects TLS Web Server Authentication
2025-04-28 17:24:12 VERIFY EKU OK
2025-04-28 17:24:12 VERIFY X509NAME OK: CN=fr550.nordvpn.com
2025-04-28 17:24:12 VERIFY OK: depth=0, CN=fr550.nordvpn.com
2025-04-28 17:24:12 Outgoing Data Channel: Cipher 'AES-256-GCM' initialized with 256 bit key
2025-04-28 17:24:12 Incoming Data Channel: Cipher 'AES-256-GCM' initialized with 256 bit key
2025-04-28 17:24:12 Control Channel: TLSv1.3, cipher TLSv1.3 TLS_AES_256_GCM_SHA384, peer certificate: 4096 bit RSA, signature: RSA-SHA512
2025-04-28 18:23:22 VERIFY OK: depth=2, C=PA, O=NordVPN, CN=NordVPN Root CA
2025-04-28 18:23:22 VERIFY OK: depth=1, O=NordVPN, CN=NordVPN CA10
2025-04-28 18:23:22 VERIFY KU OK
2025-04-28 18:23:22 Validating certificate extended key usage
2025-04-28 18:23:22 ++ Certificate has EKU (str) TLS Web Server Authentication, expects TLS Web Server Authentication
2025-04-28 18:23:22 VERIFY EKU OK
2025-04-28 18:23:22 VERIFY X509NAME OK: CN=fr550.nordvpn.com
2025-04-28 18:23:22 VERIFY OK: depth=0, CN=fr550.nordvpn.com
2025-04-28 18:23:22 Outgoing Data Channel: Cipher 'AES-256-GCM' initialized with 256 bit key
2025-04-28 18:23:22 Incoming Data Channel: Cipher 'AES-256-GCM' initialized with 256 bit key
2025-04-28 18:23:22 Control Channel: TLSv1.3, cipher TLSv1.3 TLS_AES_256_GCM_SHA384, peer certificate: 4096 bit RSA, signature: RSA-SHA512
2025-04-28 19:22:31 VERIFY OK: depth=2, C=PA, O=NordVPN, CN=NordVPN Root CA
2025-04-28 19:22:31 VERIFY OK: depth=1, O=NordVPN, CN=NordVPN CA10
2025-04-28 19:22:31 VERIFY KU OK
2025-04-28 19:22:31 Validating certificate extended key usage
2025-04-28 19:22:31 ++ Certificate has EKU (str) TLS Web Server Authentication, expects TLS Web Server Authentication
2025-04-28 19:22:31 VERIFY EKU OK
2025-04-28 19:22:31 VERIFY X509NAME OK: CN=fr550.nordvpn.com
2025-04-28 19:22:31 VERIFY OK: depth=0, CN=fr550.nordvpn.com
2025-04-28 19:22:31 Outgoing Data Channel: Cipher 'AES-256-GCM' initialized with 256 bit key
2025-04-28 19:22:31 Incoming Data Channel: Cipher 'AES-256-GCM' initialized with 256 bit key
2025-04-28 19:22:31 Control Channel: TLSv1.3, cipher TLSv1.3 TLS_AES_256_GCM_SHA384, peer certificate: 4096 bit RSA, signature: RSA-SHA512
2025-04-28 20:21:40 VERIFY OK: depth=2, C=PA, O=NordVPN, CN=NordVPN Root CA
2025-04-28 20:21:40 VERIFY OK: depth=1, O=NordVPN, CN=NordVPN CA10
2025-04-28 20:21:40 VERIFY KU OK
2025-04-28 20:21:40 Validating certificate extended key usage
2025-04-28 20:21:40 ++ Certificate has EKU (str) TLS Web Server Authentication, expects TLS Web Server Authentication
2025-04-28 20:21:40 VERIFY EKU OK
2025-04-28 20:21:40 VERIFY X509NAME OK: CN=fr550.nordvpn.com
2025-04-28 20:21:40 VERIFY OK: depth=0, CN=fr550.nordvpn.com
2025-04-28 20:21:40 Outgoing Data Channel: Cipher 'AES-256-GCM' initialized with 256 bit key
2025-04-28 20:21:40 Incoming Data Channel: Cipher 'AES-256-GCM' initialized with 256 bit key
2025-04-28 20:21:40 Control Channel: TLSv1.3, cipher TLSv1.3 TLS_AES_256_GCM_SHA384, peer certificate: 4096 bit RSA, signature: RSA-SHA512
2025-04-28 21:20:49 VERIFY OK: depth=2, C=PA, O=NordVPN, CN=NordVPN Root CA
2025-04-28 21:20:49 VERIFY OK: depth=1, O=NordVPN, CN=NordVPN CA10
2025-04-28 21:20:49 VERIFY KU OK
2025-04-28 21:20:49 Validating certificate extended key usage
2025-04-28 21:20:49 ++ Certificate has EKU (str) TLS Web Server Authentication, expects TLS Web Server Authentication
2025-04-28 21:20:49 VERIFY EKU OK
2025-04-28 21:20:49 VERIFY X509NAME OK: CN=fr550.nordvpn.com
2025-04-28 21:20:49 VERIFY OK: depth=0, CN=fr550.nordvpn.com
2025-04-28 21:20:49 Outgoing Data Channel: Cipher 'AES-256-GCM' initialized with 256 bit key
2025-04-28 21:20:49 Incoming Data Channel: Cipher 'AES-256-GCM' initialized with 256 bit key
2025-04-28 21:20:49 Control Channel: TLSv1.3, cipher TLSv1.3 TLS_AES_256_GCM_SHA384, peer certificate: 4096 bit RSA, signature: RSA-SHA512
2025-04-28 22:19:58 VERIFY OK: depth=2, C=PA, O=NordVPN, CN=NordVPN Root CA
2025-04-28 22:19:58 VERIFY OK: depth=1, O=NordVPN, CN=NordVPN CA10
2025-04-28 22:19:58 VERIFY KU OK
2025-04-28 22:19:58 Validating certificate extended key usage
2025-04-28 22:19:58 ++ Certificate has EKU (str) TLS Web Server Authentication, expects TLS Web Server Authentication
2025-04-28 22:19:58 VERIFY EKU OK
2025-04-28 22:19:58 VERIFY X509NAME OK: CN=fr550.nordvpn.com
2025-04-28 22:19:58 VERIFY OK: depth=0, CN=fr550.nordvpn.com
2025-04-28 22:19:58 Outgoing Data Channel: Cipher 'AES-256-GCM' initialized with 256 bit key
2025-04-28 22:19:58 Incoming Data Channel: Cipher 'AES-256-GCM' initialized with 256 bit key
2025-04-28 22:19:58 Control Channel: TLSv1.3, cipher TLSv1.3 TLS_AES_256_GCM_SHA384, peer certificate: 4096 bit RSA, signature: RSA-SHA512
2025-04-28 23:19:07 VERIFY OK: depth=2, C=PA, O=NordVPN, CN=NordVPN Root CA
2025-04-28 23:19:07 VERIFY OK: depth=1, O=NordVPN, CN=NordVPN CA10
2025-04-28 23:19:07 VERIFY KU OK
2025-04-28 23:19:07 Validating certificate extended key usage
2025-04-28 23:19:07 ++ Certificate has EKU (str) TLS Web Server Authentication, expects TLS Web Server Authentication
2025-04-28 23:19:07 VERIFY EKU OK
2025-04-28 23:19:07 VERIFY X509NAME OK: CN=fr550.nordvpn.com
2025-04-28 23:19:07 VERIFY OK: depth=0, CN=fr550.nordvpn.com
2025-04-28 23:19:07 Outgoing Data Channel: Cipher 'AES-256-GCM' initialized with 256 bit key
2025-04-28 23:19:07 Incoming Data Channel: Cipher 'AES-256-GCM' initialized with 256 bit key
2025-04-28 23:19:07 Control Channel: TLSv1.3, cipher TLSv1.3 TLS_AES_256_GCM_SHA384, peer certificate: 4096 bit RSA, signature: RSA-SHA512
2025-04-29 00:18:16 VERIFY OK: depth=2, C=PA, O=NordVPN, CN=NordVPN Root CA
2025-04-29 00:18:16 VERIFY OK: depth=1, O=NordVPN, CN=NordVPN CA10
2025-04-29 00:18:16 VERIFY KU OK
2025-04-29 00:18:16 Validating certificate extended key usage
2025-04-29 00:18:16 ++ Certificate has EKU (str) TLS Web Server Authentication, expects TLS Web Server Authentication
2025-04-29 00:18:16 VERIFY EKU OK
2025-04-29 00:18:16 VERIFY X509NAME OK: CN=fr550.nordvpn.com
2025-04-29 00:18:16 VERIFY OK: depth=0, CN=fr550.nordvpn.com
2025-04-29 00:18:16 Outgoing Data Channel: Cipher 'AES-256-GCM' initialized with 256 bit key
2025-04-29 00:18:16 Incoming Data Channel: Cipher 'AES-256-GCM' initialized with 256 bit key
2025-04-29 00:18:16 Control Channel: TLSv1.3, cipher TLSv1.3 TLS_AES_256_GCM_SHA384, peer certificate: 4096 bit RSA, signature: RSA-SHA512
2025-04-29 01:17:27 VERIFY OK: depth=2, C=PA, O=NordVPN, CN=NordVPN Root CA
2025-04-29 01:17:27 VERIFY OK: depth=1, O=NordVPN, CN=NordVPN CA10
2025-04-29 01:17:27 VERIFY KU OK
2025-04-29 01:17:27 Validating certificate extended key usage
2025-04-29 01:17:27 ++ Certificate has EKU (str) TLS Web Server Authentication, expects TLS Web Server Authentication
2025-04-29 01:17:27 VERIFY EKU OK
2025-04-29 01:17:27 VERIFY X509NAME OK: CN=fr550.nordvpn.com
2025-04-29 01:17:27 VERIFY OK: depth=0, CN=fr550.nordvpn.com
2025-04-29 01:17:27 Outgoing Data Channel: Cipher 'AES-256-GCM' initialized with 256 bit key
2025-04-29 01:17:27 Incoming Data Channel: Cipher 'AES-256-GCM' initialized with 256 bit key
2025-04-29 01:17:27 Control Channel: TLSv1.3, cipher TLSv1.3 TLS_AES_256_GCM_SHA384, peer certificate: 4096 bit RSA, signature: RSA-SHA512
2025-04-29 02:16:36 VERIFY OK: depth=2, C=PA, O=NordVPN, CN=NordVPN Root CA
2025-04-29 02:16:36 VERIFY OK: depth=1, O=NordVPN, CN=NordVPN CA10
2025-04-29 02:16:36 VERIFY KU OK
2025-04-29 02:16:36 Validating certificate extended key usage
2025-04-29 02:16:36 ++ Certificate has EKU (str) TLS Web Server Authentication, expects TLS Web Server Authentication
2025-04-29 02:16:36 VERIFY EKU OK
2025-04-29 02:16:36 VERIFY X509NAME OK: CN=fr550.nordvpn.com
2025-04-29 02:16:36 VERIFY OK: depth=0, CN=fr550.nordvpn.com
2025-04-29 02:16:36 Outgoing Data Channel: Cipher 'AES-256-GCM' initialized with 256 bit key
2025-04-29 02:16:36 Incoming Data Channel: Cipher 'AES-256-GCM' initialized with 256 bit key
2025-04-29 02:16:36 Control Channel: TLSv1.3, cipher TLSv1.3 TLS_AES_256_GCM_SHA384, peer certificate: 4096 bit RSA, signature: RSA-SHA512
2025-04-29 03:15:45 VERIFY OK: depth=2, C=PA, O=NordVPN, CN=NordVPN Root CA
2025-04-29 03:15:45 VERIFY OK: depth=1, O=NordVPN, CN=NordVPN CA10
2025-04-29 03:15:45 VERIFY KU OK
2025-04-29 03:15:45 Validating certificate extended key usage
2025-04-29 03:15:45 ++ Certificate has EKU (str) TLS Web Server Authentication, expects TLS Web Server Authentication
2025-04-29 03:15:45 VERIFY EKU OK
2025-04-29 03:15:45 VERIFY X509NAME OK: CN=fr550.nordvpn.com
2025-04-29 03:15:45 VERIFY OK: depth=0, CN=fr550.nordvpn.com
2025-04-29 03:15:45 Outgoing Data Channel: Cipher 'AES-256-GCM' initialized with 256 bit key
2025-04-29 03:15:45 Incoming Data Channel: Cipher 'AES-256-GCM' initialized with 256 bit key
2025-04-29 03:15:45 Control Channel: TLSv1.3, cipher TLSv1.3 TLS_AES_256_GCM_SHA384, peer certificate: 4096 bit RSA, signature: RSA-SHA512
2025-04-29 04:14:54 VERIFY OK: depth=2, C=PA, O=NordVPN, CN=NordVPN Root CA
2025-04-29 04:14:54 VERIFY OK: depth=1, O=NordVPN, CN=NordVPN CA10
2025-04-29 04:14:54 VERIFY KU OK
2025-04-29 04:14:54 Validating certificate extended key usage
2025-04-29 04:14:54 ++ Certificate has EKU (str) TLS Web Server Authentication, expects TLS Web Server Authentication
2025-04-29 04:14:54 VERIFY EKU OK
2025-04-29 04:14:54 VERIFY X509NAME OK: CN=fr550.nordvpn.com
2025-04-29 04:14:54 VERIFY OK: depth=0, CN=fr550.nordvpn.com
2025-04-29 04:14:54 Outgoing Data Channel: Cipher 'AES-256-GCM' initialized with 256 bit key
2025-04-29 04:14:54 Incoming Data Channel: Cipher 'AES-256-GCM' initialized with 256 bit key
2025-04-29 04:14:54 Control Channel: TLSv1.3, cipher TLSv1.3 TLS_AES_256_GCM_SHA384, peer certificate: 4096 bit RSA, signature: RSA-SHA512
2025-04-29 05:14:04 VERIFY OK: depth=2, C=PA, O=NordVPN, CN=NordVPN Root CA
2025-04-29 05:14:04 VERIFY OK: depth=1, O=NordVPN, CN=NordVPN CA10
2025-04-29 05:14:04 VERIFY KU OK
2025-04-29 05:14:04 Validating certificate extended key usage
2025-04-29 05:14:04 ++ Certificate has EKU (str) TLS Web Server Authentication, expects TLS Web Server Authentication
2025-04-29 05:14:04 VERIFY EKU OK
2025-04-29 05:14:04 VERIFY X509NAME OK: CN=fr550.nordvpn.com
2025-04-29 05:14:04 VERIFY OK: depth=0, CN=fr550.nordvpn.com
2025-04-29 05:14:04 Outgoing Data Channel: Cipher 'AES-256-GCM' initialized with 256 bit key
2025-04-29 05:14:04 Incoming Data Channel: Cipher 'AES-256-GCM' initialized with 256 bit key
2025-04-29 05:14:04 Control Channel: TLSv1.3, cipher TLSv1.3 TLS_AES_256_GCM_SHA384, peer certificate: 4096 bit RSA, signature: RSA-SHA512
2025-04-29 06:13:14 VERIFY OK: depth=2, C=PA, O=NordVPN, CN=NordVPN Root CA
2025-04-29 06:13:14 VERIFY OK: depth=1, O=NordVPN, CN=NordVPN CA10
2025-04-29 06:13:14 VERIFY KU OK
2025-04-29 06:13:14 Validating certificate extended key usage
2025-04-29 06:13:14 ++ Certificate has EKU (str) TLS Web Server Authentication, expects TLS Web Server Authentication
2025-04-29 06:13:14 VERIFY EKU OK
2025-04-29 06:13:14 VERIFY X509NAME OK: CN=fr550.nordvpn.com
2025-04-29 06:13:14 VERIFY OK: depth=0, CN=fr550.nordvpn.com
2025-04-29 06:13:14 Outgoing Data Channel: Cipher 'AES-256-GCM' initialized with 256 bit key
2025-04-29 06:13:14 Incoming Data Channel: Cipher 'AES-256-GCM' initialized with 256 bit key
2025-04-29 06:13:14 Control Channel: TLSv1.3, cipher TLSv1.3 TLS_AES_256_GCM_SHA384, peer certificate: 4096 bit RSA, signature: RSA-SHA512
2025-04-29 07:12:23 VERIFY OK: depth=2, C=PA, O=NordVPN, CN=NordVPN Root CA
2025-04-29 07:12:23 VERIFY OK: depth=1, O=NordVPN, CN=NordVPN CA10
2025-04-29 07:12:23 VERIFY KU OK
2025-04-29 07:12:23 Validating certificate extended key usage
2025-04-29 07:12:23 ++ Certificate has EKU (str) TLS Web Server Authentication, expects TLS Web Server Authentication
2025-04-29 07:12:23 VERIFY EKU OK
2025-04-29 07:12:23 VERIFY X509NAME OK: CN=fr550.nordvpn.com
2025-04-29 07:12:23 VERIFY OK: depth=0, CN=fr550.nordvpn.com
2025-04-29 07:12:23 Outgoing Data Channel: Cipher 'AES-256-GCM' initialized with 256 bit key
2025-04-29 07:12:23 Incoming Data Channel: Cipher 'AES-256-GCM' initialized with 256 bit key
2025-04-29 07:12:23 Control Channel: TLSv1.3, cipher TLSv1.3 TLS_AES_256_GCM_SHA384, peer certificate: 4096 bit RSA, signature: RSA-SHA512
2025-04-29 08:11:32 VERIFY OK: depth=2, C=PA, O=NordVPN, CN=NordVPN Root CA
2025-04-29 08:11:32 VERIFY OK: depth=1, O=NordVPN, CN=NordVPN CA10
2025-04-29 08:11:32 VERIFY KU OK
2025-04-29 08:11:32 Validating certificate extended key usage
2025-04-29 08:11:32 ++ Certificate has EKU (str) TLS Web Server Authentication, expects TLS Web Server Authentication
2025-04-29 08:11:32 VERIFY EKU OK
2025-04-29 08:11:32 VERIFY X509NAME OK: CN=fr550.nordvpn.com
2025-04-29 08:11:32 VERIFY OK: depth=0, CN=fr550.nordvpn.com
2025-04-29 08:11:32 Outgoing Data Channel: Cipher 'AES-256-GCM' initialized with 256 bit key
2025-04-29 08:11:32 Incoming Data Channel: Cipher 'AES-256-GCM' initialized with 256 bit key
2025-04-29 08:11:32 Control Channel: TLSv1.3, cipher TLSv1.3 TLS_AES_256_GCM_SHA384, peer certificate: 4096 bit RSA, signature: RSA-SHA512
2025-04-29 09:10:42 VERIFY OK: depth=2, C=PA, O=NordVPN, CN=NordVPN Root CA
2025-04-29 09:10:42 VERIFY OK: depth=1, O=NordVPN, CN=NordVPN CA10
2025-04-29 09:10:42 VERIFY KU OK
2025-04-29 09:10:42 Validating certificate extended key usage
2025-04-29 09:10:42 ++ Certificate has EKU (str) TLS Web Server Authentication, expects TLS Web Server Authentication
2025-04-29 09:10:42 VERIFY EKU OK
2025-04-29 09:10:42 VERIFY X509NAME OK: CN=fr550.nordvpn.com
2025-04-29 09:10:42 VERIFY OK: depth=0, CN=fr550.nordvpn.com
2025-04-29 09:10:42 Outgoing Data Channel: Cipher 'AES-256-GCM' initialized with 256 bit key
2025-04-29 09:10:42 Incoming Data Channel: Cipher 'AES-256-GCM' initialized with 256 bit key
2025-04-29 09:10:42 Control Channel: TLSv1.3, cipher TLSv1.3 TLS_AES_256_GCM_SHA384, peer certificate: 4096 bit RSA, signature: RSA-SHA512
2025-04-29 10:09:52 VERIFY OK: depth=2, C=PA, O=NordVPN, CN=NordVPN Root CA
2025-04-29 10:09:52 VERIFY OK: depth=1, O=NordVPN, CN=NordVPN CA10
2025-04-29 10:09:52 VERIFY KU OK
2025-04-29 10:09:52 Validating certificate extended key usage
2025-04-29 10:09:52 ++ Certificate has EKU (str) TLS Web Server Authentication, expects TLS Web Server Authentication
2025-04-29 10:09:52 VERIFY EKU OK
2025-04-29 10:09:52 VERIFY X509NAME OK: CN=fr550.nordvpn.com
2025-04-29 10:09:52 VERIFY OK: depth=0, CN=fr550.nordvpn.com
2025-04-29 10:09:52 Outgoing Data Channel: Cipher 'AES-256-GCM' initialized with 256 bit key
2025-04-29 10:09:52 Incoming Data Channel: Cipher 'AES-256-GCM' initialized with 256 bit key
2025-04-29 10:09:52 Control Channel: TLSv1.3, cipher TLSv1.3 TLS_AES_256_GCM_SHA384, peer certificate: 4096 bit RSA, signature: RSA-SHA512
2025-04-29 11:09:01 VERIFY OK: depth=2, C=PA, O=NordVPN, CN=NordVPN Root CA
2025-04-29 11:09:01 VERIFY OK: depth=1, O=NordVPN, CN=NordVPN CA10
2025-04-29 11:09:01 VERIFY KU OK
2025-04-29 11:09:01 Validating certificate extended key usage
2025-04-29 11:09:01 ++ Certificate has EKU (str) TLS Web Server Authentication, expects TLS Web Server Authentication
2025-04-29 11:09:01 VERIFY EKU OK
2025-04-29 11:09:01 VERIFY X509NAME OK: CN=fr550.nordvpn.com
2025-04-29 11:09:01 VERIFY OK: depth=0, CN=fr550.nordvpn.com
2025-04-29 11:09:01 Outgoing Data Channel: Cipher 'AES-256-GCM' initialized with 256 bit key
2025-04-29 11:09:01 Incoming Data Channel: Cipher 'AES-256-GCM' initialized with 256 bit key
2025-04-29 11:09:01 Control Channel: TLSv1.3, cipher TLSv1.3 TLS_AES_256_GCM_SHA384, peer certificate: 4096 bit RSA, signature: RSA-SHA512
2025-04-29 12:08:10 VERIFY OK: depth=2, C=PA, O=NordVPN, CN=NordVPN Root CA
2025-04-29 12:08:10 VERIFY OK: depth=1, O=NordVPN, CN=NordVPN CA10
2025-04-29 12:08:10 VERIFY KU OK
2025-04-29 12:08:10 Validating certificate extended key usage
2025-04-29 12:08:10 ++ Certificate has EKU (str) TLS Web Server Authentication, expects TLS Web Server Authentication
2025-04-29 12:08:10 VERIFY EKU OK
2025-04-29 12:08:10 VERIFY X509NAME OK: CN=fr550.nordvpn.com
2025-04-29 12:08:10 VERIFY OK: depth=0, CN=fr550.nordvpn.com
2025-04-29 12:08:10 Outgoing Data Channel: Cipher 'AES-256-GCM' initialized with 256 bit key
2025-04-29 12:08:10 Incoming Data Channel: Cipher 'AES-256-GCM' initialized with 256 bit key
2025-04-29 12:08:10 Control Channel: TLSv1.3, cipher TLSv1.3 TLS_AES_256_GCM_SHA384, peer certificate: 4096 bit RSA, signature: RSA-SHA512
2025-04-29 13:07:19 VERIFY OK: depth=2, C=PA, O=NordVPN, CN=NordVPN Root CA
2025-04-29 13:07:19 VERIFY OK: depth=1, O=NordVPN, CN=NordVPN CA10
2025-04-29 13:07:19 VERIFY KU OK
2025-04-29 13:07:19 Validating certificate extended key usage
2025-04-29 13:07:19 ++ Certificate has EKU (str) TLS Web Server Authentication, expects TLS Web Server Authentication
2025-04-29 13:07:19 VERIFY EKU OK
2025-04-29 13:07:19 VERIFY X509NAME OK: CN=fr550.nordvpn.com
2025-04-29 13:07:19 VERIFY OK: depth=0, CN=fr550.nordvpn.com
2025-04-29 13:07:19 Outgoing Data Channel: Cipher 'AES-256-GCM' initialized with 256 bit key
2025-04-29 13:07:19 Incoming Data Channel: Cipher 'AES-256-GCM' initialized with 256 bit key
2025-04-29 13:07:19 Control Channel: TLSv1.3, cipher TLSv1.3 TLS_AES_256_GCM_SHA384, peer certificate: 4096 bit RSA, signature: RSA-SHA512
