2025-04-28 20:26:46 DEPRECATED OPTION: --cipher set to 'AES-256-CBC' but missing in --data-ciphers (AES-256-GCM:AES-128-GCM). Future OpenVPN version will ignore --cipher for cipher negotiations. Add 'AES-256-CBC' to --data-ciphers or change --cipher 'AES-256-CBC' to --data-ciphers-fallback 'AES-256-CBC' to silence this warning.
2025-04-28 20:26:46 OpenVPN 2.5.11 x86_64-pc-linux-gnu [SSL (OpenSSL)] [LZO] [LZ4] [EPOLL] [PKCS11] [MH/PKTINFO] [AEAD] built on Sep 17 2024
2025-04-28 20:26:46 library versions: OpenSSL 3.0.2 15 Mar 2022, LZO 2.10
2025-04-28 20:26:46 WARNING: --ping should normally be used with --ping-restart or --ping-exit
2025-04-28 20:26:46 Outgoing Control Channel Authentication: Using 512 bit message hash 'SHA512' for HMAC authentication
2025-04-28 20:26:46 Incoming Control Channel Authentication: Using 512 bit message hash 'SHA512' for HMAC authentication
2025-04-28 20:26:46 TCP/UDP: Preserving recently used remote address: [AF_INET]188.95.55.3:1194
2025-04-28 20:26:46 Socket Buffers: R=[212992->212992] S=[212992->212992]
2025-04-28 20:26:46 UDP link local: (not bound)
2025-04-28 20:26:46 UDP link remote: [AF_INET]188.95.55.3:1194
2025-04-28 20:26:46 TLS: Initial packet from [AF_INET]188.95.55.3:1194, sid=d70236fd 9bb6b2cc
2025-04-28 20:26:46 WARNING: this configuration may cache passwords in memory -- use the auth-nocache option to prevent this
2025-04-28 20:26:46 VERIFY OK: depth=2, C=PA, O=NordVPN, CN=NordVPN Root CA
2025-04-28 20:26:46 VERIFY OK: depth=1, O=NordVPN, CN=NordVPN CA10
2025-04-28 20:26:46 VERIFY KU OK
2025-04-28 20:26:46 Validating certificate extended key usage
2025-04-28 20:26:46 ++ Certificate has EKU (str) TLS Web Server Authentication, expects TLS Web Server Authentication
2025-04-28 20:26:46 VERIFY EKU OK
2025-04-28 20:26:46 VERIFY X509NAME OK: CN=be184.nordvpn.com
2025-04-28 20:26:46 VERIFY OK: depth=0, CN=be184.nordvpn.com
2025-04-28 20:26:46 Control Channel: TLSv1.3, cipher TLSv1.3 TLS_AES_256_GCM_SHA384, peer certificate: 4096 bit RSA, signature: RSA-SHA512
2025-04-28 20:26:46 [be184.nordvpn.com] Peer Connection Initiated with [AF_INET]188.95.55.3:1194
2025-04-28 20:26:47 SENT CONTROL [be184.nordvpn.com]: 'PUSH_REQUEST' (status=1)
2025-04-28 20:26:47 PUSH: Received control message: 'PUSH_REPLY,redirect-gateway def1,dhcp-option DNS 103.86.96.100,dhcp-option DNS 103.86.99.100,explicit-exit-notify,comp-lzo no,route-gateway 10.100.0.1,topology subnet,ping 60,ping-restart 180,ifconfig 10.100.0.2 255.255.0.0,peer-id 24,cipher AES-256-GCM'
2025-04-28 20:26:47 Options error: option 'redirect-gateway' cannot be used in this context ([PUSH-OPTIONS])
2025-04-28 20:26:47 Options error: option 'dhcp-option' cannot be used in this context ([PUSH-OPTIONS])
2025-04-28 20:26:47 Options error: option 'dhcp-option' cannot be used in this context ([PUSH-OPTIONS])
2025-04-28 20:26:47 OPTIONS IMPORT: timers and/or timeouts modified
2025-04-28 20:26:47 OPTIONS IMPORT: explicit notify parm(s) modified
2025-04-28 20:26:47 OPTIONS IMPORT: compression parms modified
2025-04-28 20:26:47 OPTIONS IMPORT: --ifconfig/up options modified
2025-04-28 20:26:47 OPTIONS IMPORT: route-related options modified
2025-04-28 20:26:47 OPTIONS IMPORT: peer-id set
2025-04-28 20:26:47 OPTIONS IMPORT: adjusting link_mtu to 1657
2025-04-28 20:26:47 OPTIONS IMPORT: data channel crypto options modified
2025-04-28 20:26:47 Data Channel: using negotiated cipher 'AES-256-GCM'
2025-04-28 20:26:47 Outgoing Data Channel: Cipher 'AES-256-GCM' initialized with 256 bit key
2025-04-28 20:26:47 Incoming Data Channel: Cipher 'AES-256-GCM' initialized with 256 bit key
2025-04-28 20:26:47 TUN/TAP device tun_box_680fc86 opened
2025-04-28 20:26:47 net_iface_mtu_set: mtu 1500 for tun_box_680fc86
2025-04-28 20:26:47 net_iface_up: set tun_box_680fc86 up
2025-04-28 20:26:47 net_addr_v4_add: 10.100.0.2/16 dev tun_box_680fc86
2025-04-28 20:26:47 Initialization Sequence Completed
2025-04-28 21:26:10 VERIFY OK: depth=2, C=PA, O=NordVPN, CN=NordVPN Root CA
2025-04-28 21:26:10 VERIFY OK: depth=1, O=NordVPN, CN=NordVPN CA10
2025-04-28 21:26:10 VERIFY KU OK
2025-04-28 21:26:10 Validating certificate extended key usage
2025-04-28 21:26:10 ++ Certificate has EKU (str) TLS Web Server Authentication, expects TLS Web Server Authentication
2025-04-28 21:26:10 VERIFY EKU OK
2025-04-28 21:26:10 VERIFY X509NAME OK: CN=be184.nordvpn.com
2025-04-28 21:26:10 VERIFY OK: depth=0, CN=be184.nordvpn.com
2025-04-28 21:26:10 Outgoing Data Channel: Cipher 'AES-256-GCM' initialized with 256 bit key
2025-04-28 21:26:10 Incoming Data Channel: Cipher 'AES-256-GCM' initialized with 256 bit key
2025-04-28 21:26:10 Control Channel: TLSv1.3, cipher TLSv1.3 TLS_AES_256_GCM_SHA384, peer certificate: 4096 bit RSA, signature: RSA-SHA512
2025-04-28 22:25:34 VERIFY OK: depth=2, C=PA, O=NordVPN, CN=NordVPN Root CA
2025-04-28 22:25:34 VERIFY OK: depth=1, O=NordVPN, CN=NordVPN CA10
2025-04-28 22:25:34 VERIFY KU OK
2025-04-28 22:25:34 Validating certificate extended key usage
2025-04-28 22:25:34 ++ Certificate has EKU (str) TLS Web Server Authentication, expects TLS Web Server Authentication
2025-04-28 22:25:34 VERIFY EKU OK
2025-04-28 22:25:34 VERIFY X509NAME OK: CN=be184.nordvpn.com
2025-04-28 22:25:34 VERIFY OK: depth=0, CN=be184.nordvpn.com
2025-04-28 22:25:34 Outgoing Data Channel: Cipher 'AES-256-GCM' initialized with 256 bit key
2025-04-28 22:25:34 Incoming Data Channel: Cipher 'AES-256-GCM' initialized with 256 bit key
2025-04-28 22:25:34 Control Channel: TLSv1.3, cipher TLSv1.3 TLS_AES_256_GCM_SHA384, peer certificate: 4096 bit RSA, signature: RSA-SHA512
2025-04-28 23:24:58 VERIFY OK: depth=2, C=PA, O=NordVPN, CN=NordVPN Root CA
2025-04-28 23:24:58 VERIFY OK: depth=1, O=NordVPN, CN=NordVPN CA10
2025-04-28 23:24:58 VERIFY KU OK
2025-04-28 23:24:58 Validating certificate extended key usage
2025-04-28 23:24:58 ++ Certificate has EKU (str) TLS Web Server Authentication, expects TLS Web Server Authentication
2025-04-28 23:24:58 VERIFY EKU OK
2025-04-28 23:24:58 VERIFY X509NAME OK: CN=be184.nordvpn.com
2025-04-28 23:24:58 VERIFY OK: depth=0, CN=be184.nordvpn.com
2025-04-28 23:24:58 Outgoing Data Channel: Cipher 'AES-256-GCM' initialized with 256 bit key
2025-04-28 23:24:58 Incoming Data Channel: Cipher 'AES-256-GCM' initialized with 256 bit key
2025-04-28 23:24:58 Control Channel: TLSv1.3, cipher TLSv1.3 TLS_AES_256_GCM_SHA384, peer certificate: 4096 bit RSA, signature: RSA-SHA512
2025-04-29 00:24:22 VERIFY OK: depth=2, C=PA, O=NordVPN, CN=NordVPN Root CA
2025-04-29 00:24:22 VERIFY OK: depth=1, O=NordVPN, CN=NordVPN CA10
2025-04-29 00:24:22 VERIFY KU OK
2025-04-29 00:24:22 Validating certificate extended key usage
2025-04-29 00:24:22 ++ Certificate has EKU (str) TLS Web Server Authentication, expects TLS Web Server Authentication
2025-04-29 00:24:22 VERIFY EKU OK
2025-04-29 00:24:22 VERIFY X509NAME OK: CN=be184.nordvpn.com
2025-04-29 00:24:22 VERIFY OK: depth=0, CN=be184.nordvpn.com
2025-04-29 00:24:22 Outgoing Data Channel: Cipher 'AES-256-GCM' initialized with 256 bit key
2025-04-29 00:24:22 Incoming Data Channel: Cipher 'AES-256-GCM' initialized with 256 bit key
2025-04-29 00:24:22 Control Channel: TLSv1.3, cipher TLSv1.3 TLS_AES_256_GCM_SHA384, peer certificate: 4096 bit RSA, signature: RSA-SHA512
2025-04-29 01:23:46 VERIFY OK: depth=2, C=PA, O=NordVPN, CN=NordVPN Root CA
2025-04-29 01:23:46 VERIFY OK: depth=1, O=NordVPN, CN=NordVPN CA10
2025-04-29 01:23:46 VERIFY KU OK
2025-04-29 01:23:46 Validating certificate extended key usage
2025-04-29 01:23:46 ++ Certificate has EKU (str) TLS Web Server Authentication, expects TLS Web Server Authentication
2025-04-29 01:23:46 VERIFY EKU OK
2025-04-29 01:23:46 VERIFY X509NAME OK: CN=be184.nordvpn.com
2025-04-29 01:23:46 VERIFY OK: depth=0, CN=be184.nordvpn.com
2025-04-29 01:23:46 Outgoing Data Channel: Cipher 'AES-256-GCM' initialized with 256 bit key
2025-04-29 01:23:46 Incoming Data Channel: Cipher 'AES-256-GCM' initialized with 256 bit key
2025-04-29 01:23:46 Control Channel: TLSv1.3, cipher TLSv1.3 TLS_AES_256_GCM_SHA384, peer certificate: 4096 bit RSA, signature: RSA-SHA512
2025-04-29 02:23:10 VERIFY OK: depth=2, C=PA, O=NordVPN, CN=NordVPN Root CA
2025-04-29 02:23:10 VERIFY OK: depth=1, O=NordVPN, CN=NordVPN CA10
2025-04-29 02:23:10 VERIFY KU OK
2025-04-29 02:23:10 Validating certificate extended key usage
2025-04-29 02:23:10 ++ Certificate has EKU (str) TLS Web Server Authentication, expects TLS Web Server Authentication
2025-04-29 02:23:10 VERIFY EKU OK
2025-04-29 02:23:10 VERIFY X509NAME OK: CN=be184.nordvpn.com
2025-04-29 02:23:10 VERIFY OK: depth=0, CN=be184.nordvpn.com
2025-04-29 02:23:10 Outgoing Data Channel: Cipher 'AES-256-GCM' initialized with 256 bit key
2025-04-29 02:23:10 Incoming Data Channel: Cipher 'AES-256-GCM' initialized with 256 bit key
2025-04-29 02:23:10 Control Channel: TLSv1.3, cipher TLSv1.3 TLS_AES_256_GCM_SHA384, peer certificate: 4096 bit RSA, signature: RSA-SHA512
2025-04-29 03:22:35 VERIFY OK: depth=2, C=PA, O=NordVPN, CN=NordVPN Root CA
2025-04-29 03:22:35 VERIFY OK: depth=1, O=NordVPN, CN=NordVPN CA10
2025-04-29 03:22:35 VERIFY KU OK
2025-04-29 03:22:35 Validating certificate extended key usage
2025-04-29 03:22:35 ++ Certificate has EKU (str) TLS Web Server Authentication, expects TLS Web Server Authentication
2025-04-29 03:22:35 VERIFY EKU OK
2025-04-29 03:22:35 VERIFY X509NAME OK: CN=be184.nordvpn.com
2025-04-29 03:22:35 VERIFY OK: depth=0, CN=be184.nordvpn.com
2025-04-29 03:22:35 Outgoing Data Channel: Cipher 'AES-256-GCM' initialized with 256 bit key
2025-04-29 03:22:35 Incoming Data Channel: Cipher 'AES-256-GCM' initialized with 256 bit key
2025-04-29 03:22:35 Control Channel: TLSv1.3, cipher TLSv1.3 TLS_AES_256_GCM_SHA384, peer certificate: 4096 bit RSA, signature: RSA-SHA512
2025-04-29 04:21:59 VERIFY OK: depth=2, C=PA, O=NordVPN, CN=NordVPN Root CA
2025-04-29 04:21:59 VERIFY OK: depth=1, O=NordVPN, CN=NordVPN CA10
2025-04-29 04:21:59 VERIFY KU OK
2025-04-29 04:21:59 Validating certificate extended key usage
2025-04-29 04:21:59 ++ Certificate has EKU (str) TLS Web Server Authentication, expects TLS Web Server Authentication
2025-04-29 04:21:59 VERIFY EKU OK
2025-04-29 04:21:59 VERIFY X509NAME OK: CN=be184.nordvpn.com
2025-04-29 04:21:59 VERIFY OK: depth=0, CN=be184.nordvpn.com
2025-04-29 04:21:59 Outgoing Data Channel: Cipher 'AES-256-GCM' initialized with 256 bit key
2025-04-29 04:21:59 Incoming Data Channel: Cipher 'AES-256-GCM' initialized with 256 bit key
2025-04-29 04:21:59 Control Channel: TLSv1.3, cipher TLSv1.3 TLS_AES_256_GCM_SHA384, peer certificate: 4096 bit RSA, signature: RSA-SHA512
2025-04-29 05:21:23 VERIFY OK: depth=2, C=PA, O=NordVPN, CN=NordVPN Root CA
2025-04-29 05:21:23 VERIFY OK: depth=1, O=NordVPN, CN=NordVPN CA10
2025-04-29 05:21:23 VERIFY KU OK
2025-04-29 05:21:23 Validating certificate extended key usage
2025-04-29 05:21:23 ++ Certificate has EKU (str) TLS Web Server Authentication, expects TLS Web Server Authentication
2025-04-29 05:21:23 VERIFY EKU OK
2025-04-29 05:21:23 VERIFY X509NAME OK: CN=be184.nordvpn.com
2025-04-29 05:21:23 VERIFY OK: depth=0, CN=be184.nordvpn.com
2025-04-29 05:21:23 Outgoing Data Channel: Cipher 'AES-256-GCM' initialized with 256 bit key
2025-04-29 05:21:23 Incoming Data Channel: Cipher 'AES-256-GCM' initialized with 256 bit key
2025-04-29 05:21:23 Control Channel: TLSv1.3, cipher TLSv1.3 TLS_AES_256_GCM_SHA384, peer certificate: 4096 bit RSA, signature: RSA-SHA512
2025-04-29 06:20:47 VERIFY OK: depth=2, C=PA, O=NordVPN, CN=NordVPN Root CA
2025-04-29 06:20:47 VERIFY OK: depth=1, O=NordVPN, CN=NordVPN CA10
2025-04-29 06:20:47 VERIFY KU OK
2025-04-29 06:20:47 Validating certificate extended key usage
2025-04-29 06:20:47 ++ Certificate has EKU (str) TLS Web Server Authentication, expects TLS Web Server Authentication
2025-04-29 06:20:47 VERIFY EKU OK
2025-04-29 06:20:47 VERIFY X509NAME OK: CN=be184.nordvpn.com
2025-04-29 06:20:47 VERIFY OK: depth=0, CN=be184.nordvpn.com
2025-04-29 06:20:47 Outgoing Data Channel: Cipher 'AES-256-GCM' initialized with 256 bit key
2025-04-29 06:20:47 Incoming Data Channel: Cipher 'AES-256-GCM' initialized with 256 bit key
2025-04-29 06:20:47 Control Channel: TLSv1.3, cipher TLSv1.3 TLS_AES_256_GCM_SHA384, peer certificate: 4096 bit RSA, signature: RSA-SHA512
2025-04-29 07:20:11 VERIFY OK: depth=2, C=PA, O=NordVPN, CN=NordVPN Root CA
2025-04-29 07:20:11 VERIFY OK: depth=1, O=NordVPN, CN=NordVPN CA10
2025-04-29 07:20:11 VERIFY KU OK
2025-04-29 07:20:11 Validating certificate extended key usage
2025-04-29 07:20:11 ++ Certificate has EKU (str) TLS Web Server Authentication, expects TLS Web Server Authentication
2025-04-29 07:20:11 VERIFY EKU OK
2025-04-29 07:20:11 VERIFY X509NAME OK: CN=be184.nordvpn.com
2025-04-29 07:20:11 VERIFY OK: depth=0, CN=be184.nordvpn.com
2025-04-29 07:20:11 Outgoing Data Channel: Cipher 'AES-256-GCM' initialized with 256 bit key
2025-04-29 07:20:11 Incoming Data Channel: Cipher 'AES-256-GCM' initialized with 256 bit key
2025-04-29 07:20:11 Control Channel: TLSv1.3, cipher TLSv1.3 TLS_AES_256_GCM_SHA384, peer certificate: 4096 bit RSA, signature: RSA-SHA512
2025-04-29 08:19:35 VERIFY OK: depth=2, C=PA, O=NordVPN, CN=NordVPN Root CA
2025-04-29 08:19:35 VERIFY OK: depth=1, O=NordVPN, CN=NordVPN CA10
2025-04-29 08:19:35 VERIFY KU OK
2025-04-29 08:19:35 Validating certificate extended key usage
2025-04-29 08:19:35 ++ Certificate has EKU (str) TLS Web Server Authentication, expects TLS Web Server Authentication
2025-04-29 08:19:35 VERIFY EKU OK
2025-04-29 08:19:35 VERIFY X509NAME OK: CN=be184.nordvpn.com
2025-04-29 08:19:35 VERIFY OK: depth=0, CN=be184.nordvpn.com
2025-04-29 08:19:35 Outgoing Data Channel: Cipher 'AES-256-GCM' initialized with 256 bit key
2025-04-29 08:19:35 Incoming Data Channel: Cipher 'AES-256-GCM' initialized with 256 bit key
2025-04-29 08:19:35 Control Channel: TLSv1.3, cipher TLSv1.3 TLS_AES_256_GCM_SHA384, peer certificate: 4096 bit RSA, signature: RSA-SHA512
2025-04-29 09:18:59 VERIFY OK: depth=2, C=PA, O=NordVPN, CN=NordVPN Root CA
2025-04-29 09:18:59 VERIFY OK: depth=1, O=NordVPN, CN=NordVPN CA10
2025-04-29 09:18:59 VERIFY KU OK
2025-04-29 09:18:59 Validating certificate extended key usage
2025-04-29 09:18:59 ++ Certificate has EKU (str) TLS Web Server Authentication, expects TLS Web Server Authentication
2025-04-29 09:18:59 VERIFY EKU OK
2025-04-29 09:18:59 VERIFY X509NAME OK: CN=be184.nordvpn.com
2025-04-29 09:18:59 VERIFY OK: depth=0, CN=be184.nordvpn.com
2025-04-29 09:18:59 Outgoing Data Channel: Cipher 'AES-256-GCM' initialized with 256 bit key
2025-04-29 09:18:59 Incoming Data Channel: Cipher 'AES-256-GCM' initialized with 256 bit key
2025-04-29 09:18:59 Control Channel: TLSv1.3, cipher TLSv1.3 TLS_AES_256_GCM_SHA384, peer certificate: 4096 bit RSA, signature: RSA-SHA512
2025-04-29 10:18:23 VERIFY OK: depth=2, C=PA, O=NordVPN, CN=NordVPN Root CA
2025-04-29 10:18:23 VERIFY OK: depth=1, O=NordVPN, CN=NordVPN CA10
2025-04-29 10:18:23 VERIFY KU OK
2025-04-29 10:18:23 Validating certificate extended key usage
2025-04-29 10:18:23 ++ Certificate has EKU (str) TLS Web Server Authentication, expects TLS Web Server Authentication
2025-04-29 10:18:23 VERIFY EKU OK
2025-04-29 10:18:23 VERIFY X509NAME OK: CN=be184.nordvpn.com
2025-04-29 10:18:23 VERIFY OK: depth=0, CN=be184.nordvpn.com
2025-04-29 10:18:23 Outgoing Data Channel: Cipher 'AES-256-GCM' initialized with 256 bit key
2025-04-29 10:18:23 Incoming Data Channel: Cipher 'AES-256-GCM' initialized with 256 bit key
2025-04-29 10:18:23 Control Channel: TLSv1.3, cipher TLSv1.3 TLS_AES_256_GCM_SHA384, peer certificate: 4096 bit RSA, signature: RSA-SHA512
2025-04-29 11:17:47 VERIFY OK: depth=2, C=PA, O=NordVPN, CN=NordVPN Root CA
2025-04-29 11:17:47 VERIFY OK: depth=1, O=NordVPN, CN=NordVPN CA10
2025-04-29 11:17:47 VERIFY KU OK
2025-04-29 11:17:47 Validating certificate extended key usage
2025-04-29 11:17:47 ++ Certificate has EKU (str) TLS Web Server Authentication, expects TLS Web Server Authentication
2025-04-29 11:17:47 VERIFY EKU OK
2025-04-29 11:17:47 VERIFY X509NAME OK: CN=be184.nordvpn.com
2025-04-29 11:17:47 VERIFY OK: depth=0, CN=be184.nordvpn.com
2025-04-29 11:17:47 Outgoing Data Channel: Cipher 'AES-256-GCM' initialized with 256 bit key
2025-04-29 11:17:47 Incoming Data Channel: Cipher 'AES-256-GCM' initialized with 256 bit key
2025-04-29 11:17:47 Control Channel: TLSv1.3, cipher TLSv1.3 TLS_AES_256_GCM_SHA384, peer certificate: 4096 bit RSA, signature: RSA-SHA512
2025-04-29 12:17:11 VERIFY OK: depth=2, C=PA, O=NordVPN, CN=NordVPN Root CA
2025-04-29 12:17:11 VERIFY OK: depth=1, O=NordVPN, CN=NordVPN CA10
2025-04-29 12:17:11 VERIFY KU OK
2025-04-29 12:17:11 Validating certificate extended key usage
2025-04-29 12:17:11 ++ Certificate has EKU (str) TLS Web Server Authentication, expects TLS Web Server Authentication
2025-04-29 12:17:11 VERIFY EKU OK
2025-04-29 12:17:11 VERIFY X509NAME OK: CN=be184.nordvpn.com
2025-04-29 12:17:11 VERIFY OK: depth=0, CN=be184.nordvpn.com
2025-04-29 12:17:11 Outgoing Data Channel: Cipher 'AES-256-GCM' initialized with 256 bit key
2025-04-29 12:17:11 Incoming Data Channel: Cipher 'AES-256-GCM' initialized with 256 bit key
2025-04-29 12:17:11 Control Channel: TLSv1.3, cipher TLSv1.3 TLS_AES_256_GCM_SHA384, peer certificate: 4096 bit RSA, signature: RSA-SHA512
