2025-04-28 12:27:16 DEPRECATED OPTION: --cipher set to 'AES-256-CBC' but missing in --data-ciphers (AES-256-GCM:AES-128-GCM). Future OpenVPN version will ignore --cipher for cipher negotiations. Add 'AES-256-CBC' to --data-ciphers or change --cipher 'AES-256-CBC' to --data-ciphers-fallback 'AES-256-CBC' to silence this warning.
2025-04-28 12:27:16 OpenVPN 2.5.11 x86_64-pc-linux-gnu [SSL (OpenSSL)] [LZO] [LZ4] [EPOLL] [PKCS11] [MH/PKTINFO] [AEAD] built on Sep 17 2024
2025-04-28 12:27:16 library versions: OpenSSL 3.0.2 15 Mar 2022, LZO 2.10
2025-04-28 12:27:16 WARNING: --ping should normally be used with --ping-restart or --ping-exit
2025-04-28 12:27:16 Outgoing Control Channel Authentication: Using 512 bit message hash 'SHA512' for HMAC authentication
2025-04-28 12:27:16 Incoming Control Channel Authentication: Using 512 bit message hash 'SHA512' for HMAC authentication
2025-04-28 12:27:16 TCP/UDP: Preserving recently used remote address: [AF_INET]188.95.55.3:1194
2025-04-28 12:27:16 Socket Buffers: R=[212992->212992] S=[212992->212992]
2025-04-28 12:27:16 UDP link local: (not bound)
2025-04-28 12:27:16 UDP link remote: [AF_INET]188.95.55.3:1194
2025-04-28 12:27:16 TLS: Initial packet from [AF_INET]188.95.55.3:1194, sid=989fb893 95c4e15a
2025-04-28 12:27:16 WARNING: this configuration may cache passwords in memory -- use the auth-nocache option to prevent this
2025-04-28 12:27:16 VERIFY OK: depth=2, C=PA, O=NordVPN, CN=NordVPN Root CA
2025-04-28 12:27:16 VERIFY OK: depth=1, O=NordVPN, CN=NordVPN CA10
2025-04-28 12:27:16 VERIFY KU OK
2025-04-28 12:27:16 Validating certificate extended key usage
2025-04-28 12:27:16 ++ Certificate has EKU (str) TLS Web Server Authentication, expects TLS Web Server Authentication
2025-04-28 12:27:16 VERIFY EKU OK
2025-04-28 12:27:16 VERIFY X509NAME OK: CN=be184.nordvpn.com
2025-04-28 12:27:16 VERIFY OK: depth=0, CN=be184.nordvpn.com
2025-04-28 12:27:16 Control Channel: TLSv1.3, cipher TLSv1.3 TLS_AES_256_GCM_SHA384, peer certificate: 4096 bit RSA, signature: RSA-SHA512
2025-04-28 12:27:16 [be184.nordvpn.com] Peer Connection Initiated with [AF_INET]188.95.55.3:1194
2025-04-28 12:27:17 SENT CONTROL [be184.nordvpn.com]: 'PUSH_REQUEST' (status=1)
2025-04-28 12:27:17 PUSH: Received control message: 'PUSH_REPLY,redirect-gateway def1,dhcp-option DNS 103.86.96.100,dhcp-option DNS 103.86.99.100,explicit-exit-notify,comp-lzo no,route-gateway 10.100.0.1,topology subnet,ping 60,ping-restart 180,ifconfig 10.100.0.2 255.255.0.0,peer-id 11,cipher AES-256-GCM'
2025-04-28 12:27:17 Options error: option 'redirect-gateway' cannot be used in this context ([PUSH-OPTIONS])
2025-04-28 12:27:17 Options error: option 'dhcp-option' cannot be used in this context ([PUSH-OPTIONS])
2025-04-28 12:27:17 Options error: option 'dhcp-option' cannot be used in this context ([PUSH-OPTIONS])
2025-04-28 12:27:17 OPTIONS IMPORT: timers and/or timeouts modified
2025-04-28 12:27:17 OPTIONS IMPORT: explicit notify parm(s) modified
2025-04-28 12:27:17 OPTIONS IMPORT: compression parms modified
2025-04-28 12:27:17 OPTIONS IMPORT: --ifconfig/up options modified
2025-04-28 12:27:17 OPTIONS IMPORT: route-related options modified
2025-04-28 12:27:17 OPTIONS IMPORT: peer-id set
2025-04-28 12:27:17 OPTIONS IMPORT: adjusting link_mtu to 1657
2025-04-28 12:27:17 OPTIONS IMPORT: data channel crypto options modified
2025-04-28 12:27:17 Data Channel: using negotiated cipher 'AES-256-GCM'
2025-04-28 12:27:17 Outgoing Data Channel: Cipher 'AES-256-GCM' initialized with 256 bit key
2025-04-28 12:27:17 Incoming Data Channel: Cipher 'AES-256-GCM' initialized with 256 bit key
2025-04-28 12:27:17 TUN/TAP device tun3 opened
2025-04-28 12:27:17 net_iface_mtu_set: mtu 1500 for tun3
2025-04-28 12:27:17 net_iface_up: set tun3 up
2025-04-28 12:27:17 net_addr_v4_add: 10.100.0.2/16 dev tun3
2025-04-28 12:27:17 Initialization Sequence Completed
2025-04-28 13:27:08 VERIFY OK: depth=2, C=PA, O=NordVPN, CN=NordVPN Root CA
2025-04-28 13:27:08 VERIFY OK: depth=1, O=NordVPN, CN=NordVPN CA10
2025-04-28 13:27:08 VERIFY KU OK
2025-04-28 13:27:08 Validating certificate extended key usage
2025-04-28 13:27:08 ++ Certificate has EKU (str) TLS Web Server Authentication, expects TLS Web Server Authentication
2025-04-28 13:27:08 VERIFY EKU OK
2025-04-28 13:27:08 VERIFY X509NAME OK: CN=be184.nordvpn.com
2025-04-28 13:27:08 VERIFY OK: depth=0, CN=be184.nordvpn.com
2025-04-28 13:27:08 Outgoing Data Channel: Cipher 'AES-256-GCM' initialized with 256 bit key
2025-04-28 13:27:08 Incoming Data Channel: Cipher 'AES-256-GCM' initialized with 256 bit key
2025-04-28 13:27:08 Control Channel: TLSv1.3, cipher TLSv1.3 TLS_AES_256_GCM_SHA384, peer certificate: 4096 bit RSA, signature: RSA-SHA512
2025-04-28 14:27:00 VERIFY OK: depth=2, C=PA, O=NordVPN, CN=NordVPN Root CA
2025-04-28 14:27:00 VERIFY OK: depth=1, O=NordVPN, CN=NordVPN CA10
2025-04-28 14:27:00 VERIFY KU OK
2025-04-28 14:27:00 Validating certificate extended key usage
2025-04-28 14:27:00 ++ Certificate has EKU (str) TLS Web Server Authentication, expects TLS Web Server Authentication
2025-04-28 14:27:00 VERIFY EKU OK
2025-04-28 14:27:00 VERIFY X509NAME OK: CN=be184.nordvpn.com
2025-04-28 14:27:00 VERIFY OK: depth=0, CN=be184.nordvpn.com
2025-04-28 14:27:00 Outgoing Data Channel: Cipher 'AES-256-GCM' initialized with 256 bit key
2025-04-28 14:27:00 Incoming Data Channel: Cipher 'AES-256-GCM' initialized with 256 bit key
2025-04-28 14:27:00 Control Channel: TLSv1.3, cipher TLSv1.3 TLS_AES_256_GCM_SHA384, peer certificate: 4096 bit RSA, signature: RSA-SHA512
2025-04-28 15:26:52 VERIFY OK: depth=2, C=PA, O=NordVPN, CN=NordVPN Root CA
2025-04-28 15:26:52 VERIFY OK: depth=1, O=NordVPN, CN=NordVPN CA10
2025-04-28 15:26:52 VERIFY KU OK
2025-04-28 15:26:52 Validating certificate extended key usage
2025-04-28 15:26:52 ++ Certificate has EKU (str) TLS Web Server Authentication, expects TLS Web Server Authentication
2025-04-28 15:26:52 VERIFY EKU OK
2025-04-28 15:26:52 VERIFY X509NAME OK: CN=be184.nordvpn.com
2025-04-28 15:26:52 VERIFY OK: depth=0, CN=be184.nordvpn.com
2025-04-28 15:26:52 Outgoing Data Channel: Cipher 'AES-256-GCM' initialized with 256 bit key
2025-04-28 15:26:52 Incoming Data Channel: Cipher 'AES-256-GCM' initialized with 256 bit key
2025-04-28 15:26:52 Control Channel: TLSv1.3, cipher TLSv1.3 TLS_AES_256_GCM_SHA384, peer certificate: 4096 bit RSA, signature: RSA-SHA512
2025-04-28 16:26:44 VERIFY OK: depth=2, C=PA, O=NordVPN, CN=NordVPN Root CA
2025-04-28 16:26:44 VERIFY OK: depth=1, O=NordVPN, CN=NordVPN CA10
2025-04-28 16:26:44 VERIFY KU OK
2025-04-28 16:26:44 Validating certificate extended key usage
2025-04-28 16:26:44 ++ Certificate has EKU (str) TLS Web Server Authentication, expects TLS Web Server Authentication
2025-04-28 16:26:44 VERIFY EKU OK
2025-04-28 16:26:44 VERIFY X509NAME OK: CN=be184.nordvpn.com
2025-04-28 16:26:44 VERIFY OK: depth=0, CN=be184.nordvpn.com
2025-04-28 16:26:44 Outgoing Data Channel: Cipher 'AES-256-GCM' initialized with 256 bit key
2025-04-28 16:26:44 Incoming Data Channel: Cipher 'AES-256-GCM' initialized with 256 bit key
2025-04-28 16:26:44 Control Channel: TLSv1.3, cipher TLSv1.3 TLS_AES_256_GCM_SHA384, peer certificate: 4096 bit RSA, signature: RSA-SHA512
2025-04-28 17:26:36 VERIFY OK: depth=2, C=PA, O=NordVPN, CN=NordVPN Root CA
2025-04-28 17:26:36 VERIFY OK: depth=1, O=NordVPN, CN=NordVPN CA10
2025-04-28 17:26:36 VERIFY KU OK
2025-04-28 17:26:36 Validating certificate extended key usage
2025-04-28 17:26:36 ++ Certificate has EKU (str) TLS Web Server Authentication, expects TLS Web Server Authentication
2025-04-28 17:26:36 VERIFY EKU OK
2025-04-28 17:26:36 VERIFY X509NAME OK: CN=be184.nordvpn.com
2025-04-28 17:26:36 VERIFY OK: depth=0, CN=be184.nordvpn.com
2025-04-28 17:26:36 Outgoing Data Channel: Cipher 'AES-256-GCM' initialized with 256 bit key
2025-04-28 17:26:36 Incoming Data Channel: Cipher 'AES-256-GCM' initialized with 256 bit key
2025-04-28 17:26:36 Control Channel: TLSv1.3, cipher TLSv1.3 TLS_AES_256_GCM_SHA384, peer certificate: 4096 bit RSA, signature: RSA-SHA512
2025-04-28 18:26:28 VERIFY OK: depth=2, C=PA, O=NordVPN, CN=NordVPN Root CA
2025-04-28 18:26:28 VERIFY OK: depth=1, O=NordVPN, CN=NordVPN CA10
2025-04-28 18:26:28 VERIFY KU OK
2025-04-28 18:26:28 Validating certificate extended key usage
2025-04-28 18:26:28 ++ Certificate has EKU (str) TLS Web Server Authentication, expects TLS Web Server Authentication
2025-04-28 18:26:28 VERIFY EKU OK
2025-04-28 18:26:28 VERIFY X509NAME OK: CN=be184.nordvpn.com
2025-04-28 18:26:28 VERIFY OK: depth=0, CN=be184.nordvpn.com
2025-04-28 18:26:28 Outgoing Data Channel: Cipher 'AES-256-GCM' initialized with 256 bit key
2025-04-28 18:26:28 Incoming Data Channel: Cipher 'AES-256-GCM' initialized with 256 bit key
2025-04-28 18:26:28 Control Channel: TLSv1.3, cipher TLSv1.3 TLS_AES_256_GCM_SHA384, peer certificate: 4096 bit RSA, signature: RSA-SHA512
2025-04-28 19:26:20 VERIFY OK: depth=2, C=PA, O=NordVPN, CN=NordVPN Root CA
2025-04-28 19:26:20 VERIFY OK: depth=1, O=NordVPN, CN=NordVPN CA10
2025-04-28 19:26:20 VERIFY KU OK
2025-04-28 19:26:20 Validating certificate extended key usage
2025-04-28 19:26:20 ++ Certificate has EKU (str) TLS Web Server Authentication, expects TLS Web Server Authentication
2025-04-28 19:26:20 VERIFY EKU OK
2025-04-28 19:26:20 VERIFY X509NAME OK: CN=be184.nordvpn.com
2025-04-28 19:26:20 VERIFY OK: depth=0, CN=be184.nordvpn.com
2025-04-28 19:26:20 Outgoing Data Channel: Cipher 'AES-256-GCM' initialized with 256 bit key
2025-04-28 19:26:20 Incoming Data Channel: Cipher 'AES-256-GCM' initialized with 256 bit key
2025-04-28 19:26:20 Control Channel: TLSv1.3, cipher TLSv1.3 TLS_AES_256_GCM_SHA384, peer certificate: 4096 bit RSA, signature: RSA-SHA512
2025-04-28 20:26:12 VERIFY OK: depth=2, C=PA, O=NordVPN, CN=NordVPN Root CA
2025-04-28 20:26:12 VERIFY OK: depth=1, O=NordVPN, CN=NordVPN CA10
2025-04-28 20:26:12 VERIFY KU OK
2025-04-28 20:26:12 Validating certificate extended key usage
2025-04-28 20:26:12 ++ Certificate has EKU (str) TLS Web Server Authentication, expects TLS Web Server Authentication
2025-04-28 20:26:12 VERIFY EKU OK
2025-04-28 20:26:12 VERIFY X509NAME OK: CN=be184.nordvpn.com
2025-04-28 20:26:12 VERIFY OK: depth=0, CN=be184.nordvpn.com
2025-04-28 20:26:12 Outgoing Data Channel: Cipher 'AES-256-GCM' initialized with 256 bit key
2025-04-28 20:26:12 Incoming Data Channel: Cipher 'AES-256-GCM' initialized with 256 bit key
2025-04-28 20:26:12 Control Channel: TLSv1.3, cipher TLSv1.3 TLS_AES_256_GCM_SHA384, peer certificate: 4096 bit RSA, signature: RSA-SHA512
2025-04-28 21:26:04 VERIFY OK: depth=2, C=PA, O=NordVPN, CN=NordVPN Root CA
2025-04-28 21:26:04 VERIFY OK: depth=1, O=NordVPN, CN=NordVPN CA10
2025-04-28 21:26:04 VERIFY KU OK
2025-04-28 21:26:04 Validating certificate extended key usage
2025-04-28 21:26:04 ++ Certificate has EKU (str) TLS Web Server Authentication, expects TLS Web Server Authentication
2025-04-28 21:26:04 VERIFY EKU OK
2025-04-28 21:26:04 VERIFY X509NAME OK: CN=be184.nordvpn.com
2025-04-28 21:26:04 VERIFY OK: depth=0, CN=be184.nordvpn.com
2025-04-28 21:26:04 Outgoing Data Channel: Cipher 'AES-256-GCM' initialized with 256 bit key
2025-04-28 21:26:04 Incoming Data Channel: Cipher 'AES-256-GCM' initialized with 256 bit key
2025-04-28 21:26:04 Control Channel: TLSv1.3, cipher TLSv1.3 TLS_AES_256_GCM_SHA384, peer certificate: 4096 bit RSA, signature: RSA-SHA512
2025-04-28 22:25:57 VERIFY OK: depth=2, C=PA, O=NordVPN, CN=NordVPN Root CA
2025-04-28 22:25:57 VERIFY OK: depth=1, O=NordVPN, CN=NordVPN CA10
2025-04-28 22:25:57 VERIFY KU OK
2025-04-28 22:25:57 Validating certificate extended key usage
2025-04-28 22:25:57 ++ Certificate has EKU (str) TLS Web Server Authentication, expects TLS Web Server Authentication
2025-04-28 22:25:57 VERIFY EKU OK
2025-04-28 22:25:57 VERIFY X509NAME OK: CN=be184.nordvpn.com
2025-04-28 22:25:57 VERIFY OK: depth=0, CN=be184.nordvpn.com
2025-04-28 22:25:57 Outgoing Data Channel: Cipher 'AES-256-GCM' initialized with 256 bit key
2025-04-28 22:25:57 Incoming Data Channel: Cipher 'AES-256-GCM' initialized with 256 bit key
2025-04-28 22:25:57 Control Channel: TLSv1.3, cipher TLSv1.3 TLS_AES_256_GCM_SHA384, peer certificate: 4096 bit RSA, signature: RSA-SHA512
2025-04-28 23:25:49 VERIFY OK: depth=2, C=PA, O=NordVPN, CN=NordVPN Root CA
2025-04-28 23:25:49 VERIFY OK: depth=1, O=NordVPN, CN=NordVPN CA10
2025-04-28 23:25:49 VERIFY KU OK
2025-04-28 23:25:49 Validating certificate extended key usage
2025-04-28 23:25:49 ++ Certificate has EKU (str) TLS Web Server Authentication, expects TLS Web Server Authentication
2025-04-28 23:25:49 VERIFY EKU OK
2025-04-28 23:25:49 VERIFY X509NAME OK: CN=be184.nordvpn.com
2025-04-28 23:25:49 VERIFY OK: depth=0, CN=be184.nordvpn.com
2025-04-28 23:25:49 Outgoing Data Channel: Cipher 'AES-256-GCM' initialized with 256 bit key
2025-04-28 23:25:49 Incoming Data Channel: Cipher 'AES-256-GCM' initialized with 256 bit key
2025-04-28 23:25:49 Control Channel: TLSv1.3, cipher TLSv1.3 TLS_AES_256_GCM_SHA384, peer certificate: 4096 bit RSA, signature: RSA-SHA512
2025-04-29 00:25:41 VERIFY OK: depth=2, C=PA, O=NordVPN, CN=NordVPN Root CA
2025-04-29 00:25:41 VERIFY OK: depth=1, O=NordVPN, CN=NordVPN CA10
2025-04-29 00:25:41 VERIFY KU OK
2025-04-29 00:25:41 Validating certificate extended key usage
2025-04-29 00:25:41 ++ Certificate has EKU (str) TLS Web Server Authentication, expects TLS Web Server Authentication
2025-04-29 00:25:41 VERIFY EKU OK
2025-04-29 00:25:41 VERIFY X509NAME OK: CN=be184.nordvpn.com
2025-04-29 00:25:41 VERIFY OK: depth=0, CN=be184.nordvpn.com
2025-04-29 00:25:41 Outgoing Data Channel: Cipher 'AES-256-GCM' initialized with 256 bit key
2025-04-29 00:25:41 Incoming Data Channel: Cipher 'AES-256-GCM' initialized with 256 bit key
2025-04-29 00:25:41 Control Channel: TLSv1.3, cipher TLSv1.3 TLS_AES_256_GCM_SHA384, peer certificate: 4096 bit RSA, signature: RSA-SHA512
2025-04-29 01:25:33 VERIFY OK: depth=2, C=PA, O=NordVPN, CN=NordVPN Root CA
2025-04-29 01:25:33 VERIFY OK: depth=1, O=NordVPN, CN=NordVPN CA10
2025-04-29 01:25:33 VERIFY KU OK
2025-04-29 01:25:33 Validating certificate extended key usage
2025-04-29 01:25:33 ++ Certificate has EKU (str) TLS Web Server Authentication, expects TLS Web Server Authentication
2025-04-29 01:25:33 VERIFY EKU OK
2025-04-29 01:25:33 VERIFY X509NAME OK: CN=be184.nordvpn.com
2025-04-29 01:25:33 VERIFY OK: depth=0, CN=be184.nordvpn.com
2025-04-29 01:25:33 Outgoing Data Channel: Cipher 'AES-256-GCM' initialized with 256 bit key
2025-04-29 01:25:33 Incoming Data Channel: Cipher 'AES-256-GCM' initialized with 256 bit key
2025-04-29 01:25:33 Control Channel: TLSv1.3, cipher TLSv1.3 TLS_AES_256_GCM_SHA384, peer certificate: 4096 bit RSA, signature: RSA-SHA512
2025-04-29 02:25:26 VERIFY OK: depth=2, C=PA, O=NordVPN, CN=NordVPN Root CA
2025-04-29 02:25:26 VERIFY OK: depth=1, O=NordVPN, CN=NordVPN CA10
2025-04-29 02:25:26 VERIFY KU OK
2025-04-29 02:25:26 Validating certificate extended key usage
2025-04-29 02:25:26 ++ Certificate has EKU (str) TLS Web Server Authentication, expects TLS Web Server Authentication
2025-04-29 02:25:26 VERIFY EKU OK
2025-04-29 02:25:26 VERIFY X509NAME OK: CN=be184.nordvpn.com
2025-04-29 02:25:26 VERIFY OK: depth=0, CN=be184.nordvpn.com
2025-04-29 02:25:26 Outgoing Data Channel: Cipher 'AES-256-GCM' initialized with 256 bit key
2025-04-29 02:25:26 Incoming Data Channel: Cipher 'AES-256-GCM' initialized with 256 bit key
2025-04-29 02:25:26 Control Channel: TLSv1.3, cipher TLSv1.3 TLS_AES_256_GCM_SHA384, peer certificate: 4096 bit RSA, signature: RSA-SHA512
2025-04-29 03:25:18 VERIFY OK: depth=2, C=PA, O=NordVPN, CN=NordVPN Root CA
2025-04-29 03:25:18 VERIFY OK: depth=1, O=NordVPN, CN=NordVPN CA10
2025-04-29 03:25:18 VERIFY KU OK
2025-04-29 03:25:18 Validating certificate extended key usage
2025-04-29 03:25:18 ++ Certificate has EKU (str) TLS Web Server Authentication, expects TLS Web Server Authentication
2025-04-29 03:25:18 VERIFY EKU OK
2025-04-29 03:25:18 VERIFY X509NAME OK: CN=be184.nordvpn.com
2025-04-29 03:25:18 VERIFY OK: depth=0, CN=be184.nordvpn.com
2025-04-29 03:25:18 Outgoing Data Channel: Cipher 'AES-256-GCM' initialized with 256 bit key
2025-04-29 03:25:18 Incoming Data Channel: Cipher 'AES-256-GCM' initialized with 256 bit key
2025-04-29 03:25:18 Control Channel: TLSv1.3, cipher TLSv1.3 TLS_AES_256_GCM_SHA384, peer certificate: 4096 bit RSA, signature: RSA-SHA512
2025-04-29 04:25:10 VERIFY OK: depth=2, C=PA, O=NordVPN, CN=NordVPN Root CA
2025-04-29 04:25:10 VERIFY OK: depth=1, O=NordVPN, CN=NordVPN CA10
2025-04-29 04:25:10 VERIFY KU OK
2025-04-29 04:25:10 Validating certificate extended key usage
2025-04-29 04:25:10 ++ Certificate has EKU (str) TLS Web Server Authentication, expects TLS Web Server Authentication
2025-04-29 04:25:10 VERIFY EKU OK
2025-04-29 04:25:10 VERIFY X509NAME OK: CN=be184.nordvpn.com
2025-04-29 04:25:10 VERIFY OK: depth=0, CN=be184.nordvpn.com
2025-04-29 04:25:10 Outgoing Data Channel: Cipher 'AES-256-GCM' initialized with 256 bit key
2025-04-29 04:25:10 Incoming Data Channel: Cipher 'AES-256-GCM' initialized with 256 bit key
2025-04-29 04:25:10 Control Channel: TLSv1.3, cipher TLSv1.3 TLS_AES_256_GCM_SHA384, peer certificate: 4096 bit RSA, signature: RSA-SHA512
2025-04-29 05:25:02 VERIFY OK: depth=2, C=PA, O=NordVPN, CN=NordVPN Root CA
2025-04-29 05:25:02 VERIFY OK: depth=1, O=NordVPN, CN=NordVPN CA10
2025-04-29 05:25:02 VERIFY KU OK
2025-04-29 05:25:02 Validating certificate extended key usage
2025-04-29 05:25:02 ++ Certificate has EKU (str) TLS Web Server Authentication, expects TLS Web Server Authentication
2025-04-29 05:25:02 VERIFY EKU OK
2025-04-29 05:25:02 VERIFY X509NAME OK: CN=be184.nordvpn.com
2025-04-29 05:25:02 VERIFY OK: depth=0, CN=be184.nordvpn.com
2025-04-29 05:25:02 Outgoing Data Channel: Cipher 'AES-256-GCM' initialized with 256 bit key
2025-04-29 05:25:02 Incoming Data Channel: Cipher 'AES-256-GCM' initialized with 256 bit key
2025-04-29 05:25:02 Control Channel: TLSv1.3, cipher TLSv1.3 TLS_AES_256_GCM_SHA384, peer certificate: 4096 bit RSA, signature: RSA-SHA512
2025-04-29 06:24:54 VERIFY OK: depth=2, C=PA, O=NordVPN, CN=NordVPN Root CA
2025-04-29 06:24:54 VERIFY OK: depth=1, O=NordVPN, CN=NordVPN CA10
2025-04-29 06:24:54 VERIFY KU OK
2025-04-29 06:24:54 Validating certificate extended key usage
2025-04-29 06:24:54 ++ Certificate has EKU (str) TLS Web Server Authentication, expects TLS Web Server Authentication
2025-04-29 06:24:54 VERIFY EKU OK
2025-04-29 06:24:54 VERIFY X509NAME OK: CN=be184.nordvpn.com
2025-04-29 06:24:54 VERIFY OK: depth=0, CN=be184.nordvpn.com
2025-04-29 06:24:54 Outgoing Data Channel: Cipher 'AES-256-GCM' initialized with 256 bit key
2025-04-29 06:24:54 Incoming Data Channel: Cipher 'AES-256-GCM' initialized with 256 bit key
2025-04-29 06:24:54 Control Channel: TLSv1.3, cipher TLSv1.3 TLS_AES_256_GCM_SHA384, peer certificate: 4096 bit RSA, signature: RSA-SHA512
2025-04-29 07:24:46 VERIFY OK: depth=2, C=PA, O=NordVPN, CN=NordVPN Root CA
2025-04-29 07:24:46 VERIFY OK: depth=1, O=NordVPN, CN=NordVPN CA10
2025-04-29 07:24:46 VERIFY KU OK
2025-04-29 07:24:46 Validating certificate extended key usage
2025-04-29 07:24:46 ++ Certificate has EKU (str) TLS Web Server Authentication, expects TLS Web Server Authentication
2025-04-29 07:24:46 VERIFY EKU OK
2025-04-29 07:24:46 VERIFY X509NAME OK: CN=be184.nordvpn.com
2025-04-29 07:24:46 VERIFY OK: depth=0, CN=be184.nordvpn.com
2025-04-29 07:24:46 Outgoing Data Channel: Cipher 'AES-256-GCM' initialized with 256 bit key
2025-04-29 07:24:46 Incoming Data Channel: Cipher 'AES-256-GCM' initialized with 256 bit key
2025-04-29 07:24:46 Control Channel: TLSv1.3, cipher TLSv1.3 TLS_AES_256_GCM_SHA384, peer certificate: 4096 bit RSA, signature: RSA-SHA512
2025-04-29 08:24:38 VERIFY OK: depth=2, C=PA, O=NordVPN, CN=NordVPN Root CA
2025-04-29 08:24:38 VERIFY OK: depth=1, O=NordVPN, CN=NordVPN CA10
2025-04-29 08:24:38 VERIFY KU OK
2025-04-29 08:24:38 Validating certificate extended key usage
2025-04-29 08:24:38 ++ Certificate has EKU (str) TLS Web Server Authentication, expects TLS Web Server Authentication
2025-04-29 08:24:38 VERIFY EKU OK
2025-04-29 08:24:38 VERIFY X509NAME OK: CN=be184.nordvpn.com
2025-04-29 08:24:38 VERIFY OK: depth=0, CN=be184.nordvpn.com
2025-04-29 08:24:38 Outgoing Data Channel: Cipher 'AES-256-GCM' initialized with 256 bit key
2025-04-29 08:24:38 Incoming Data Channel: Cipher 'AES-256-GCM' initialized with 256 bit key
2025-04-29 08:24:38 Control Channel: TLSv1.3, cipher TLSv1.3 TLS_AES_256_GCM_SHA384, peer certificate: 4096 bit RSA, signature: RSA-SHA512
2025-04-29 09:24:30 VERIFY OK: depth=2, C=PA, O=NordVPN, CN=NordVPN Root CA
2025-04-29 09:24:30 VERIFY OK: depth=1, O=NordVPN, CN=NordVPN CA10
2025-04-29 09:24:30 VERIFY KU OK
2025-04-29 09:24:30 Validating certificate extended key usage
2025-04-29 09:24:30 ++ Certificate has EKU (str) TLS Web Server Authentication, expects TLS Web Server Authentication
2025-04-29 09:24:30 VERIFY EKU OK
2025-04-29 09:24:30 VERIFY X509NAME OK: CN=be184.nordvpn.com
2025-04-29 09:24:30 VERIFY OK: depth=0, CN=be184.nordvpn.com
2025-04-29 09:24:30 Outgoing Data Channel: Cipher 'AES-256-GCM' initialized with 256 bit key
2025-04-29 09:24:30 Incoming Data Channel: Cipher 'AES-256-GCM' initialized with 256 bit key
2025-04-29 09:24:30 Control Channel: TLSv1.3, cipher TLSv1.3 TLS_AES_256_GCM_SHA384, peer certificate: 4096 bit RSA, signature: RSA-SHA512
2025-04-29 10:24:22 VERIFY OK: depth=2, C=PA, O=NordVPN, CN=NordVPN Root CA
2025-04-29 10:24:22 VERIFY OK: depth=1, O=NordVPN, CN=NordVPN CA10
2025-04-29 10:24:22 VERIFY KU OK
2025-04-29 10:24:22 Validating certificate extended key usage
2025-04-29 10:24:22 ++ Certificate has EKU (str) TLS Web Server Authentication, expects TLS Web Server Authentication
2025-04-29 10:24:22 VERIFY EKU OK
2025-04-29 10:24:22 VERIFY X509NAME OK: CN=be184.nordvpn.com
2025-04-29 10:24:22 VERIFY OK: depth=0, CN=be184.nordvpn.com
2025-04-29 10:24:22 Outgoing Data Channel: Cipher 'AES-256-GCM' initialized with 256 bit key
2025-04-29 10:24:22 Incoming Data Channel: Cipher 'AES-256-GCM' initialized with 256 bit key
2025-04-29 10:24:22 Control Channel: TLSv1.3, cipher TLSv1.3 TLS_AES_256_GCM_SHA384, peer certificate: 4096 bit RSA, signature: RSA-SHA512
2025-04-29 11:24:14 VERIFY OK: depth=2, C=PA, O=NordVPN, CN=NordVPN Root CA
2025-04-29 11:24:14 VERIFY OK: depth=1, O=NordVPN, CN=NordVPN CA10
2025-04-29 11:24:14 VERIFY KU OK
2025-04-29 11:24:14 Validating certificate extended key usage
2025-04-29 11:24:14 ++ Certificate has EKU (str) TLS Web Server Authentication, expects TLS Web Server Authentication
2025-04-29 11:24:14 VERIFY EKU OK
2025-04-29 11:24:14 VERIFY X509NAME OK: CN=be184.nordvpn.com
2025-04-29 11:24:14 VERIFY OK: depth=0, CN=be184.nordvpn.com
2025-04-29 11:24:14 Outgoing Data Channel: Cipher 'AES-256-GCM' initialized with 256 bit key
2025-04-29 11:24:14 Incoming Data Channel: Cipher 'AES-256-GCM' initialized with 256 bit key
2025-04-29 11:24:14 Control Channel: TLSv1.3, cipher TLSv1.3 TLS_AES_256_GCM_SHA384, peer certificate: 4096 bit RSA, signature: RSA-SHA512
2025-04-29 12:24:06 VERIFY OK: depth=2, C=PA, O=NordVPN, CN=NordVPN Root CA
2025-04-29 12:24:06 VERIFY OK: depth=1, O=NordVPN, CN=NordVPN CA10
2025-04-29 12:24:06 VERIFY KU OK
2025-04-29 12:24:06 Validating certificate extended key usage
2025-04-29 12:24:06 ++ Certificate has EKU (str) TLS Web Server Authentication, expects TLS Web Server Authentication
2025-04-29 12:24:06 VERIFY EKU OK
2025-04-29 12:24:06 VERIFY X509NAME OK: CN=be184.nordvpn.com
2025-04-29 12:24:06 VERIFY OK: depth=0, CN=be184.nordvpn.com
2025-04-29 12:24:06 Outgoing Data Channel: Cipher 'AES-256-GCM' initialized with 256 bit key
2025-04-29 12:24:06 Incoming Data Channel: Cipher 'AES-256-GCM' initialized with 256 bit key
2025-04-29 12:24:06 Control Channel: TLSv1.3, cipher TLSv1.3 TLS_AES_256_GCM_SHA384, peer certificate: 4096 bit RSA, signature: RSA-SHA512
