2025-04-28 21:56:12 DEPRECATED OPTION: --cipher set to 'AES-256-CBC' but missing in --data-ciphers (AES-256-GCM:AES-128-GCM). Future OpenVPN version will ignore --cipher for cipher negotiations. Add 'AES-256-CBC' to --data-ciphers or change --cipher 'AES-256-CBC' to --data-ciphers-fallback 'AES-256-CBC' to silence this warning.
2025-04-28 21:56:13 OpenVPN 2.5.11 x86_64-pc-linux-gnu [SSL (OpenSSL)] [LZO] [LZ4] [EPOLL] [PKCS11] [MH/PKTINFO] [AEAD] built on Sep 17 2024
2025-04-28 21:56:13 library versions: OpenSSL 3.0.2 15 Mar 2022, LZO 2.10
2025-04-28 21:56:13 WARNING: --ping should normally be used with --ping-restart or --ping-exit
2025-04-28 21:56:13 Outgoing Control Channel Authentication: Using 512 bit message hash 'SHA512' for HMAC authentication
2025-04-28 21:56:13 Incoming Control Channel Authentication: Using 512 bit message hash 'SHA512' for HMAC authentication
2025-04-28 21:56:13 TCP/UDP: Preserving recently used remote address: [AF_INET]77.243.191.83:1194
2025-04-28 21:56:13 Socket Buffers: R=[212992->212992] S=[212992->212992]
2025-04-28 21:56:13 UDP link local: (not bound)
2025-04-28 21:56:13 UDP link remote: [AF_INET]77.243.191.83:1194
2025-04-28 21:56:13 TLS: Initial packet from [AF_INET]77.243.191.83:1194, sid=479bd4d3 03411bbf
2025-04-28 21:56:13 WARNING: this configuration may cache passwords in memory -- use the auth-nocache option to prevent this
2025-04-28 21:56:13 VERIFY OK: depth=2, C=PA, O=NordVPN, CN=NordVPN Root CA
2025-04-28 21:56:13 VERIFY OK: depth=1, O=NordVPN, CN=NordVPN CA10
2025-04-28 21:56:13 VERIFY KU OK
2025-04-28 21:56:13 Validating certificate extended key usage
2025-04-28 21:56:13 ++ Certificate has EKU (str) TLS Web Server Authentication, expects TLS Web Server Authentication
2025-04-28 21:56:13 VERIFY EKU OK
2025-04-28 21:56:13 VERIFY X509NAME OK: CN=be169.nordvpn.com
2025-04-28 21:56:13 VERIFY OK: depth=0, CN=be169.nordvpn.com
2025-04-28 21:56:13 Control Channel: TLSv1.3, cipher TLSv1.3 TLS_AES_256_GCM_SHA384, peer certificate: 4096 bit RSA, signature: RSA-SHA512
2025-04-28 21:56:13 [be169.nordvpn.com] Peer Connection Initiated with [AF_INET]77.243.191.83:1194
2025-04-28 21:56:14 SENT CONTROL [be169.nordvpn.com]: 'PUSH_REQUEST' (status=1)
2025-04-28 21:56:14 PUSH: Received control message: 'PUSH_REPLY,redirect-gateway def1,dhcp-option DNS 103.86.96.100,dhcp-option DNS 103.86.99.100,explicit-exit-notify,comp-lzo no,route-gateway 10.100.0.1,topology subnet,ping 60,ping-restart 180,ifconfig 10.100.0.2 255.255.0.0,peer-id 34,cipher AES-256-GCM'
2025-04-28 21:56:14 Options error: option 'redirect-gateway' cannot be used in this context ([PUSH-OPTIONS])
2025-04-28 21:56:14 Options error: option 'dhcp-option' cannot be used in this context ([PUSH-OPTIONS])
2025-04-28 21:56:14 Options error: option 'dhcp-option' cannot be used in this context ([PUSH-OPTIONS])
2025-04-28 21:56:14 OPTIONS IMPORT: timers and/or timeouts modified
2025-04-28 21:56:14 OPTIONS IMPORT: explicit notify parm(s) modified
2025-04-28 21:56:14 OPTIONS IMPORT: compression parms modified
2025-04-28 21:56:14 OPTIONS IMPORT: --ifconfig/up options modified
2025-04-28 21:56:14 OPTIONS IMPORT: route-related options modified
2025-04-28 21:56:14 OPTIONS IMPORT: peer-id set
2025-04-28 21:56:14 OPTIONS IMPORT: adjusting link_mtu to 1657
2025-04-28 21:56:14 OPTIONS IMPORT: data channel crypto options modified
2025-04-28 21:56:14 Data Channel: using negotiated cipher 'AES-256-GCM'
2025-04-28 21:56:14 Outgoing Data Channel: Cipher 'AES-256-GCM' initialized with 256 bit key
2025-04-28 21:56:14 Incoming Data Channel: Cipher 'AES-256-GCM' initialized with 256 bit key
2025-04-28 21:56:14 TUN/TAP device tun_box_680fdd5 opened
2025-04-28 21:56:14 net_iface_mtu_set: mtu 1500 for tun_box_680fdd5
2025-04-28 21:56:14 net_iface_up: set tun_box_680fdd5 up
2025-04-28 21:56:14 net_addr_v4_add: 10.100.0.2/16 dev tun_box_680fdd5
2025-04-28 21:56:14 Initialization Sequence Completed
2025-04-28 22:52:16 VERIFY OK: depth=2, C=PA, O=NordVPN, CN=NordVPN Root CA
2025-04-28 22:52:16 VERIFY OK: depth=1, O=NordVPN, CN=NordVPN CA10
2025-04-28 22:52:16 VERIFY KU OK
2025-04-28 22:52:16 Validating certificate extended key usage
2025-04-28 22:52:16 ++ Certificate has EKU (str) TLS Web Server Authentication, expects TLS Web Server Authentication
2025-04-28 22:52:16 VERIFY EKU OK
2025-04-28 22:52:16 VERIFY X509NAME OK: CN=be169.nordvpn.com
2025-04-28 22:52:16 VERIFY OK: depth=0, CN=be169.nordvpn.com
2025-04-28 22:52:16 Outgoing Data Channel: Cipher 'AES-256-GCM' initialized with 256 bit key
2025-04-28 22:52:16 Incoming Data Channel: Cipher 'AES-256-GCM' initialized with 256 bit key
2025-04-28 22:52:16 Control Channel: TLSv1.3, cipher TLSv1.3 TLS_AES_256_GCM_SHA384, peer certificate: 4096 bit RSA, signature: RSA-SHA512
2025-04-28 23:48:20 VERIFY OK: depth=2, C=PA, O=NordVPN, CN=NordVPN Root CA
2025-04-28 23:48:20 VERIFY OK: depth=1, O=NordVPN, CN=NordVPN CA10
2025-04-28 23:48:20 VERIFY KU OK
2025-04-28 23:48:20 Validating certificate extended key usage
2025-04-28 23:48:20 ++ Certificate has EKU (str) TLS Web Server Authentication, expects TLS Web Server Authentication
2025-04-28 23:48:20 VERIFY EKU OK
2025-04-28 23:48:20 VERIFY X509NAME OK: CN=be169.nordvpn.com
2025-04-28 23:48:20 VERIFY OK: depth=0, CN=be169.nordvpn.com
2025-04-28 23:48:20 Outgoing Data Channel: Cipher 'AES-256-GCM' initialized with 256 bit key
2025-04-28 23:48:20 Incoming Data Channel: Cipher 'AES-256-GCM' initialized with 256 bit key
2025-04-28 23:48:20 Control Channel: TLSv1.3, cipher TLSv1.3 TLS_AES_256_GCM_SHA384, peer certificate: 4096 bit RSA, signature: RSA-SHA512
2025-04-29 00:44:23 VERIFY OK: depth=2, C=PA, O=NordVPN, CN=NordVPN Root CA
2025-04-29 00:44:23 VERIFY OK: depth=1, O=NordVPN, CN=NordVPN CA10
2025-04-29 00:44:23 VERIFY KU OK
2025-04-29 00:44:23 Validating certificate extended key usage
2025-04-29 00:44:23 ++ Certificate has EKU (str) TLS Web Server Authentication, expects TLS Web Server Authentication
2025-04-29 00:44:23 VERIFY EKU OK
2025-04-29 00:44:23 VERIFY X509NAME OK: CN=be169.nordvpn.com
2025-04-29 00:44:23 VERIFY OK: depth=0, CN=be169.nordvpn.com
2025-04-29 00:44:23 Outgoing Data Channel: Cipher 'AES-256-GCM' initialized with 256 bit key
2025-04-29 00:44:23 Incoming Data Channel: Cipher 'AES-256-GCM' initialized with 256 bit key
2025-04-29 00:44:23 Control Channel: TLSv1.3, cipher TLSv1.3 TLS_AES_256_GCM_SHA384, peer certificate: 4096 bit RSA, signature: RSA-SHA512
2025-04-29 01:40:26 VERIFY OK: depth=2, C=PA, O=NordVPN, CN=NordVPN Root CA
2025-04-29 01:40:26 VERIFY OK: depth=1, O=NordVPN, CN=NordVPN CA10
2025-04-29 01:40:26 VERIFY KU OK
2025-04-29 01:40:26 Validating certificate extended key usage
2025-04-29 01:40:26 ++ Certificate has EKU (str) TLS Web Server Authentication, expects TLS Web Server Authentication
2025-04-29 01:40:26 VERIFY EKU OK
2025-04-29 01:40:26 VERIFY X509NAME OK: CN=be169.nordvpn.com
2025-04-29 01:40:26 VERIFY OK: depth=0, CN=be169.nordvpn.com
2025-04-29 01:40:26 Outgoing Data Channel: Cipher 'AES-256-GCM' initialized with 256 bit key
2025-04-29 01:40:26 Incoming Data Channel: Cipher 'AES-256-GCM' initialized with 256 bit key
2025-04-29 01:40:26 Control Channel: TLSv1.3, cipher TLSv1.3 TLS_AES_256_GCM_SHA384, peer certificate: 4096 bit RSA, signature: RSA-SHA512
2025-04-29 02:36:29 VERIFY OK: depth=2, C=PA, O=NordVPN, CN=NordVPN Root CA
2025-04-29 02:36:29 VERIFY OK: depth=1, O=NordVPN, CN=NordVPN CA10
2025-04-29 02:36:29 VERIFY KU OK
2025-04-29 02:36:29 Validating certificate extended key usage
2025-04-29 02:36:29 ++ Certificate has EKU (str) TLS Web Server Authentication, expects TLS Web Server Authentication
2025-04-29 02:36:29 VERIFY EKU OK
2025-04-29 02:36:29 VERIFY X509NAME OK: CN=be169.nordvpn.com
2025-04-29 02:36:29 VERIFY OK: depth=0, CN=be169.nordvpn.com
2025-04-29 02:36:29 Outgoing Data Channel: Cipher 'AES-256-GCM' initialized with 256 bit key
2025-04-29 02:36:29 Incoming Data Channel: Cipher 'AES-256-GCM' initialized with 256 bit key
2025-04-29 02:36:29 Control Channel: TLSv1.3, cipher TLSv1.3 TLS_AES_256_GCM_SHA384, peer certificate: 4096 bit RSA, signature: RSA-SHA512
2025-04-29 03:32:32 VERIFY OK: depth=2, C=PA, O=NordVPN, CN=NordVPN Root CA
2025-04-29 03:32:32 VERIFY OK: depth=1, O=NordVPN, CN=NordVPN CA10
2025-04-29 03:32:32 VERIFY KU OK
2025-04-29 03:32:32 Validating certificate extended key usage
2025-04-29 03:32:32 ++ Certificate has EKU (str) TLS Web Server Authentication, expects TLS Web Server Authentication
2025-04-29 03:32:32 VERIFY EKU OK
2025-04-29 03:32:32 VERIFY X509NAME OK: CN=be169.nordvpn.com
2025-04-29 03:32:32 VERIFY OK: depth=0, CN=be169.nordvpn.com
2025-04-29 03:32:32 Outgoing Data Channel: Cipher 'AES-256-GCM' initialized with 256 bit key
2025-04-29 03:32:32 Incoming Data Channel: Cipher 'AES-256-GCM' initialized with 256 bit key
2025-04-29 03:32:32 Control Channel: TLSv1.3, cipher TLSv1.3 TLS_AES_256_GCM_SHA384, peer certificate: 4096 bit RSA, signature: RSA-SHA512
2025-04-29 04:28:35 VERIFY OK: depth=2, C=PA, O=NordVPN, CN=NordVPN Root CA
2025-04-29 04:28:35 VERIFY OK: depth=1, O=NordVPN, CN=NordVPN CA10
2025-04-29 04:28:35 VERIFY KU OK
2025-04-29 04:28:35 Validating certificate extended key usage
2025-04-29 04:28:35 ++ Certificate has EKU (str) TLS Web Server Authentication, expects TLS Web Server Authentication
2025-04-29 04:28:35 VERIFY EKU OK
2025-04-29 04:28:35 VERIFY X509NAME OK: CN=be169.nordvpn.com
2025-04-29 04:28:35 VERIFY OK: depth=0, CN=be169.nordvpn.com
2025-04-29 04:28:35 Outgoing Data Channel: Cipher 'AES-256-GCM' initialized with 256 bit key
2025-04-29 04:28:35 Incoming Data Channel: Cipher 'AES-256-GCM' initialized with 256 bit key
2025-04-29 04:28:35 Control Channel: TLSv1.3, cipher TLSv1.3 TLS_AES_256_GCM_SHA384, peer certificate: 4096 bit RSA, signature: RSA-SHA512
2025-04-29 05:24:38 VERIFY OK: depth=2, C=PA, O=NordVPN, CN=NordVPN Root CA
2025-04-29 05:24:38 VERIFY OK: depth=1, O=NordVPN, CN=NordVPN CA10
2025-04-29 05:24:38 VERIFY KU OK
2025-04-29 05:24:38 Validating certificate extended key usage
2025-04-29 05:24:38 ++ Certificate has EKU (str) TLS Web Server Authentication, expects TLS Web Server Authentication
2025-04-29 05:24:38 VERIFY EKU OK
2025-04-29 05:24:38 VERIFY X509NAME OK: CN=be169.nordvpn.com
2025-04-29 05:24:38 VERIFY OK: depth=0, CN=be169.nordvpn.com
2025-04-29 05:24:38 Outgoing Data Channel: Cipher 'AES-256-GCM' initialized with 256 bit key
2025-04-29 05:24:38 Incoming Data Channel: Cipher 'AES-256-GCM' initialized with 256 bit key
2025-04-29 05:24:38 Control Channel: TLSv1.3, cipher TLSv1.3 TLS_AES_256_GCM_SHA384, peer certificate: 4096 bit RSA, signature: RSA-SHA512
2025-04-29 06:20:41 VERIFY OK: depth=2, C=PA, O=NordVPN, CN=NordVPN Root CA
2025-04-29 06:20:41 VERIFY OK: depth=1, O=NordVPN, CN=NordVPN CA10
2025-04-29 06:20:41 VERIFY KU OK
2025-04-29 06:20:41 Validating certificate extended key usage
2025-04-29 06:20:41 ++ Certificate has EKU (str) TLS Web Server Authentication, expects TLS Web Server Authentication
2025-04-29 06:20:41 VERIFY EKU OK
2025-04-29 06:20:41 VERIFY X509NAME OK: CN=be169.nordvpn.com
2025-04-29 06:20:41 VERIFY OK: depth=0, CN=be169.nordvpn.com
2025-04-29 06:20:41 Outgoing Data Channel: Cipher 'AES-256-GCM' initialized with 256 bit key
2025-04-29 06:20:41 Incoming Data Channel: Cipher 'AES-256-GCM' initialized with 256 bit key
2025-04-29 06:20:41 Control Channel: TLSv1.3, cipher TLSv1.3 TLS_AES_256_GCM_SHA384, peer certificate: 4096 bit RSA, signature: RSA-SHA512
2025-04-29 07:16:45 VERIFY OK: depth=2, C=PA, O=NordVPN, CN=NordVPN Root CA
2025-04-29 07:16:45 VERIFY OK: depth=1, O=NordVPN, CN=NordVPN CA10
2025-04-29 07:16:45 VERIFY KU OK
2025-04-29 07:16:45 Validating certificate extended key usage
2025-04-29 07:16:45 ++ Certificate has EKU (str) TLS Web Server Authentication, expects TLS Web Server Authentication
2025-04-29 07:16:45 VERIFY EKU OK
2025-04-29 07:16:45 VERIFY X509NAME OK: CN=be169.nordvpn.com
2025-04-29 07:16:45 VERIFY OK: depth=0, CN=be169.nordvpn.com
2025-04-29 07:16:45 Outgoing Data Channel: Cipher 'AES-256-GCM' initialized with 256 bit key
2025-04-29 07:16:45 Incoming Data Channel: Cipher 'AES-256-GCM' initialized with 256 bit key
2025-04-29 07:16:45 Control Channel: TLSv1.3, cipher TLSv1.3 TLS_AES_256_GCM_SHA384, peer certificate: 4096 bit RSA, signature: RSA-SHA512
2025-04-29 08:12:49 VERIFY OK: depth=2, C=PA, O=NordVPN, CN=NordVPN Root CA
2025-04-29 08:12:49 VERIFY OK: depth=1, O=NordVPN, CN=NordVPN CA10
2025-04-29 08:12:49 VERIFY KU OK
2025-04-29 08:12:49 Validating certificate extended key usage
2025-04-29 08:12:49 ++ Certificate has EKU (str) TLS Web Server Authentication, expects TLS Web Server Authentication
2025-04-29 08:12:49 VERIFY EKU OK
2025-04-29 08:12:49 VERIFY X509NAME OK: CN=be169.nordvpn.com
2025-04-29 08:12:49 VERIFY OK: depth=0, CN=be169.nordvpn.com
2025-04-29 08:12:49 Outgoing Data Channel: Cipher 'AES-256-GCM' initialized with 256 bit key
2025-04-29 08:12:49 Incoming Data Channel: Cipher 'AES-256-GCM' initialized with 256 bit key
2025-04-29 08:12:49 Control Channel: TLSv1.3, cipher TLSv1.3 TLS_AES_256_GCM_SHA384, peer certificate: 4096 bit RSA, signature: RSA-SHA512
2025-04-29 09:08:52 VERIFY OK: depth=2, C=PA, O=NordVPN, CN=NordVPN Root CA
2025-04-29 09:08:52 VERIFY OK: depth=1, O=NordVPN, CN=NordVPN CA10
2025-04-29 09:08:52 VERIFY KU OK
2025-04-29 09:08:52 Validating certificate extended key usage
2025-04-29 09:08:52 ++ Certificate has EKU (str) TLS Web Server Authentication, expects TLS Web Server Authentication
2025-04-29 09:08:52 VERIFY EKU OK
2025-04-29 09:08:52 VERIFY X509NAME OK: CN=be169.nordvpn.com
2025-04-29 09:08:52 VERIFY OK: depth=0, CN=be169.nordvpn.com
2025-04-29 09:08:52 Outgoing Data Channel: Cipher 'AES-256-GCM' initialized with 256 bit key
2025-04-29 09:08:52 Incoming Data Channel: Cipher 'AES-256-GCM' initialized with 256 bit key
2025-04-29 09:08:52 Control Channel: TLSv1.3, cipher TLSv1.3 TLS_AES_256_GCM_SHA384, peer certificate: 4096 bit RSA, signature: RSA-SHA512
2025-04-29 10:04:55 VERIFY OK: depth=2, C=PA, O=NordVPN, CN=NordVPN Root CA
2025-04-29 10:04:55 VERIFY OK: depth=1, O=NordVPN, CN=NordVPN CA10
2025-04-29 10:04:55 VERIFY KU OK
2025-04-29 10:04:55 Validating certificate extended key usage
2025-04-29 10:04:55 ++ Certificate has EKU (str) TLS Web Server Authentication, expects TLS Web Server Authentication
2025-04-29 10:04:55 VERIFY EKU OK
2025-04-29 10:04:55 VERIFY X509NAME OK: CN=be169.nordvpn.com
2025-04-29 10:04:55 VERIFY OK: depth=0, CN=be169.nordvpn.com
2025-04-29 10:04:55 Outgoing Data Channel: Cipher 'AES-256-GCM' initialized with 256 bit key
2025-04-29 10:04:55 Incoming Data Channel: Cipher 'AES-256-GCM' initialized with 256 bit key
2025-04-29 10:04:55 Control Channel: TLSv1.3, cipher TLSv1.3 TLS_AES_256_GCM_SHA384, peer certificate: 4096 bit RSA, signature: RSA-SHA512
2025-04-29 11:00:58 VERIFY OK: depth=2, C=PA, O=NordVPN, CN=NordVPN Root CA
2025-04-29 11:00:58 VERIFY OK: depth=1, O=NordVPN, CN=NordVPN CA10
2025-04-29 11:00:58 VERIFY KU OK
2025-04-29 11:00:58 Validating certificate extended key usage
2025-04-29 11:00:58 ++ Certificate has EKU (str) TLS Web Server Authentication, expects TLS Web Server Authentication
2025-04-29 11:00:58 VERIFY EKU OK
2025-04-29 11:00:58 VERIFY X509NAME OK: CN=be169.nordvpn.com
2025-04-29 11:00:58 VERIFY OK: depth=0, CN=be169.nordvpn.com
2025-04-29 11:00:58 Outgoing Data Channel: Cipher 'AES-256-GCM' initialized with 256 bit key
2025-04-29 11:00:58 Incoming Data Channel: Cipher 'AES-256-GCM' initialized with 256 bit key
2025-04-29 11:00:58 Control Channel: TLSv1.3, cipher TLSv1.3 TLS_AES_256_GCM_SHA384, peer certificate: 4096 bit RSA, signature: RSA-SHA512
2025-04-29 11:57:01 VERIFY OK: depth=2, C=PA, O=NordVPN, CN=NordVPN Root CA
2025-04-29 11:57:01 VERIFY OK: depth=1, O=NordVPN, CN=NordVPN CA10
2025-04-29 11:57:01 VERIFY KU OK
2025-04-29 11:57:01 Validating certificate extended key usage
2025-04-29 11:57:01 ++ Certificate has EKU (str) TLS Web Server Authentication, expects TLS Web Server Authentication
2025-04-29 11:57:01 VERIFY EKU OK
2025-04-29 11:57:01 VERIFY X509NAME OK: CN=be169.nordvpn.com
2025-04-29 11:57:01 VERIFY OK: depth=0, CN=be169.nordvpn.com
2025-04-29 11:57:01 Outgoing Data Channel: Cipher 'AES-256-GCM' initialized with 256 bit key
2025-04-29 11:57:01 Incoming Data Channel: Cipher 'AES-256-GCM' initialized with 256 bit key
2025-04-29 11:57:01 Control Channel: TLSv1.3, cipher TLSv1.3 TLS_AES_256_GCM_SHA384, peer certificate: 4096 bit RSA, signature: RSA-SHA512
2025-04-29 12:53:04 VERIFY OK: depth=2, C=PA, O=NordVPN, CN=NordVPN Root CA
2025-04-29 12:53:04 VERIFY OK: depth=1, O=NordVPN, CN=NordVPN CA10
2025-04-29 12:53:04 VERIFY KU OK
2025-04-29 12:53:04 Validating certificate extended key usage
2025-04-29 12:53:04 ++ Certificate has EKU (str) TLS Web Server Authentication, expects TLS Web Server Authentication
2025-04-29 12:53:04 VERIFY EKU OK
2025-04-29 12:53:04 VERIFY X509NAME OK: CN=be169.nordvpn.com
2025-04-29 12:53:04 VERIFY OK: depth=0, CN=be169.nordvpn.com
2025-04-29 12:53:04 Outgoing Data Channel: Cipher 'AES-256-GCM' initialized with 256 bit key
2025-04-29 12:53:04 Incoming Data Channel: Cipher 'AES-256-GCM' initialized with 256 bit key
2025-04-29 12:53:04 Control Channel: TLSv1.3, cipher TLSv1.3 TLS_AES_256_GCM_SHA384, peer certificate: 4096 bit RSA, signature: RSA-SHA512
